[31merror[39m: Error executing query: {"timestamp":"2024-06-11T13:43:23.341Z"}
error: Error executing query: {"timestamp":"2024-06-11T13:49:20.519Z"}
error: Error executing query: {"timestamp":"2024-06-11T13:50:35.333Z"}
error: Error executing query: {"timestamp":"2024-06-11T13:50:57.211Z"}
error: Error executing query: {"timestamp":"2024-06-11T13:53:23.372Z"}
error: Error executing query: {"timestamp":"2024-06-11T13:55:58.730Z"}
error: Errore durante l'esecuzione della query: Duplicate entry 'luppol@example.com' for key 'users.email' {"details":"Error: Duplicate entry 'luppol@example.com' for key 'users.email'\n    at PromisePool.query (C:\\Users\\david\\Desktop\\codepassdb\\node_modules\\mysql2\\promise.js:356:22)\n    at #query (C:\\Users\\david\\Desktop\\codepassdb\\src\\models\\database.js:64:41)\n    at Database.create (C:\\Users\\david\\Desktop\\codepassdb\\src\\models\\database.js:86:31)\n    at User.signup (C:\\Users\\david\\Desktop\\codepassdb\\src\\models\\users.js:64:24)","timestamp":"2024-06-11T13:58:14.642Z"}
error: Error executing query: Duplicate entry 'luppol@example.com' for key 'users.email' {"details":"Error: Duplicate entry 'luppol@example.com' for key 'users.email'\n    at PromisePool.query (C:\\Users\\david\\Desktop\\codepassdb\\node_modules\\mysql2\\promise.js:356:22)\n    at #query (C:\\Users\\david\\Desktop\\codepassdb\\src\\models\\database.js:64:41)\n    at Database.create (C:\\Users\\david\\Desktop\\codepassdb\\src\\models\\database.js:85:31)\n    at User.signup (C:\\Users\\david\\Desktop\\codepassdb\\src\\models\\users.js:64:24)","timestamp":"2024-06-11T14:38:02.336Z"}
error: Error executing query: Duplicate entry 'luppol@example.com' for key 'users.email' {"details":"Error: Duplicate entry 'luppol@example.com' for key 'users.email'\n    at PromisePool.query (C:\\Users\\david\\Desktop\\codepassdb\\node_modules\\mysql2\\promise.js:356:22)\n    at #query (C:\\Users\\david\\Desktop\\codepassdb\\src\\models\\database.js:64:41)\n    at Database.create (C:\\Users\\david\\Desktop\\codepassdb\\src\\models\\database.js:85:31)\n    at User.signup (C:\\Users\\david\\Desktop\\codepassdb\\src\\models\\users.js:64:24)","timestamp":"2024-06-11T14:38:33.039Z"}
error: Error executing query: Duplicate entry 'luppol@example.com' for key 'users.email' {"details":"Error: Duplicate entry 'luppol@example.com' for key 'users.email'\n    at PromisePool.query (C:\\Users\\david\\Desktop\\codepassdb\\node_modules\\mysql2\\promise.js:356:22)\n    at #query (C:\\Users\\david\\Desktop\\codepassdb\\src\\models\\database.js:64:41)\n    at Database.create (C:\\Users\\david\\Desktop\\codepassdb\\src\\models\\database.js:85:31)\n    at User.signup (C:\\Users\\david\\Desktop\\codepassdb\\src\\models\\users.js:64:24)","timestamp":"2024-06-11T14:39:15.730Z"}
error: Error executing query: Duplicate entry 'luppol@example.com' for key 'users.email' {"details":"Error: Duplicate entry 'luppol@example.com' for key 'users.email'\n    at PromisePool.query (C:\\Users\\david\\Desktop\\codepassdb\\node_modules\\mysql2\\promise.js:356:22)\n    at #query (C:\\Users\\david\\Desktop\\codepassdb\\src\\models\\database.js:64:41)\n    at Database.create (C:\\Users\\david\\Desktop\\codepassdb\\src\\models\\database.js:85:31)\n    at User.signup (C:\\Users\\david\\Desktop\\codepassdb\\src\\models\\users.js:64:24)","timestamp":"2024-06-11T14:42:48.835Z"}
error: Error during find operation: Cannot read properties of undefined (reading 'id') {"details":"TypeError: Cannot read properties of undefined (reading 'id')\n    at User.findByUsername (C:\\Users\\david\\Desktop\\codepassdb\\src\\models\\users.js:79:26)\n    at process.processTicksAndRejections (node:internal/process/task_queues:95:5)","timestamp":"2024-06-11T14:49:54.989Z"}
error: Error during find operation: Cannot access 'user' before initialization {"details":"ReferenceError: Cannot access 'user' before initialization\n    at User.findByUsername (C:\\Users\\david\\Desktop\\codepassdb\\src\\models\\users.js:80:7)\n    at process.processTicksAndRejections (node:internal/process/task_queues:95:5)","timestamp":"2024-06-11T14:54:33.114Z"}
error: Error during find operation: User not found {"details":"Error: User not found\n    at User.findByUsername (C:\\Users\\david\\Desktop\\codepassdb\\src\\models\\users.js:81:15)\n    at process.processTicksAndRejections (node:internal/process/task_queues:95:5)\n    at async User.updateUser (C:\\Users\\david\\Desktop\\codepassdb\\src\\models\\users.js:95:18)","timestamp":"2024-06-11T14:57:16.257Z"}
error: Error during find operation: User not found {"details":"Error: User not found\n    at User.findByUsername (C:\\Users\\david\\Desktop\\codepassdb\\src\\models\\users.js:81:15)\n    at process.processTicksAndRejections (node:internal/process/task_queues:95:5)","timestamp":"2024-06-11T15:00:53.658Z"}
error: Error during update operation: error is not defined {"details":"ReferenceError: error is not defined\n    at User.updateUser (C:\\Users\\david\\Desktop\\codepassdb\\src\\models\\users.js:99:9)\n    at process.processTicksAndRejections (node:internal/process/task_queues:95:5)","timestamp":"2024-06-11T15:06:50.634Z"}
error: Error during update operation: error is not defined {"details":"ReferenceError: error is not defined\n    at User.updateUser (C:\\Users\\david\\Desktop\\codepassdb\\src\\models\\users.js:101:9)\n    at process.processTicksAndRejections (node:internal/process/task_queues:95:5)","timestamp":"2024-06-11T15:07:09.083Z"}
error: Error during update operation: New username is the same as the current username {"details":"Error: New username is the same as the current username\n    at User.updateUser (C:\\Users\\david\\Desktop\\codepassdb\\src\\models\\users.js:100:15)\n    at process.processTicksAndRejections (node:internal/process/task_queues:95:5)","timestamp":"2024-06-11T15:08:53.945Z"}
error: Error during update operation: New username is the same as the current username {"details":"Error: New username is the same as the current username\n    at validatenewValue (C:\\Users\\david\\Desktop\\codepassdb\\src\\models\\users.js:97:15)\n    at User.updateUser (C:\\Users\\david\\Desktop\\codepassdb\\src\\models\\users.js:112:11)\n    at process.processTicksAndRejections (node:internal/process/task_queues:95:5)","timestamp":"2024-06-11T15:27:58.995Z"}
error: Error during update operation: New username is the same as the current username {"details":"Error: New username is the same as the current username\n    at validatenewValue (C:\\Users\\david\\Desktop\\codepassdb\\src\\models\\users.js:97:15)\n    at User.updateUser (C:\\Users\\david\\Desktop\\codepassdb\\src\\models\\users.js:115:11)\n    at process.processTicksAndRejections (node:internal/process/task_queues:95:5)","timestamp":"2024-06-11T15:43:57.976Z"}
error: Error during update operation: The username must be alphanumeric. {"details":"Error: The username must be alphanumeric.\n    at User.updateUser (C:\\Users\\david\\Desktop\\codepassdb\\src\\models\\users.js:113:19)\n    at process.processTicksAndRejections (node:internal/process/task_queues:95:5)","timestamp":"2024-06-11T15:44:03.832Z"}
error: Error during find operation: User not found {"details":"Error: User not found\n    at User.findByUsername (C:\\Users\\david\\Desktop\\codepassdb\\src\\models\\users.js:82:15)\n    at process.processTicksAndRejections (node:internal/process/task_queues:95:5)","timestamp":"2024-06-11T15:46:21.477Z"}
error: Error during find operation: User not found {"details":"Error: User not found\n    at User.findByUsername (C:\\Users\\david\\Desktop\\codepassdb\\src\\models\\users.js:82:15)\n    at process.processTicksAndRejections (node:internal/process/task_queues:95:5)","timestamp":"2024-06-11T15:46:32.234Z"}
error: Error during update operation: password_hash is not defined {"details":"ReferenceError: password_hash is not defined\n    at User.updateUser (C:\\Users\\david\\Desktop\\codepassdb\\src\\models\\users.js:119:52)\n    at process.processTicksAndRejections (node:internal/process/task_queues:95:5)","timestamp":"2024-06-11T15:49:04.141Z"}
error: Error during update operation: New password is the same as the current password {"details":"Error: New password is the same as the current password\n    at User.updateUser (C:\\Users\\david\\Desktop\\codepassdb\\src\\models\\users.js:122:19)","timestamp":"2024-06-11T15:51:38.787Z"}
error: Error during update operation: New password is the same as the current password {"details":"Error: New password is the same as the current password\n    at User.updateUser (C:\\Users\\david\\Desktop\\codepassdb\\src\\models\\users.js:122:19)","timestamp":"2024-06-11T15:52:24.204Z"}
error: Error during update operation: The password does not meet complexity requirements. {"details":"Error: The password does not meet complexity requirements.\n    at User.updateUser (C:\\Users\\david\\Desktop\\codepassdb\\src\\models\\users.js:125:19)","timestamp":"2024-06-11T15:52:51.860Z"}
error: Error during update operation: The password does not meet complexity requirements. {"details":"Error: The password does not meet complexity requirements.\n    at User.updateUser (C:\\Users\\david\\Desktop\\codepassdb\\src\\models\\users.js:125:19)","timestamp":"2024-06-11T15:52:57.761Z"}
error: Error during update operation: New password is the same as the current password {"details":"Error: New password is the same as the current password\n    at User.updateUser (C:\\Users\\david\\Desktop\\codepassdb\\src\\models\\users.js:129:19)","timestamp":"2024-06-11T16:08:11.738Z"}
error: Error during find operation: User not found {"details":"Error: User not found\n    at User.findByUsername (C:\\Users\\david\\Desktop\\codepassdb\\src\\models\\users.js:82:15)\n    at process.processTicksAndRejections (node:internal/process/task_queues:95:5)\n    at async User.updateUser (C:\\Users\\david\\Desktop\\codepassdb\\src\\models\\users.js:101:20)","timestamp":"2024-06-11T16:08:33.531Z"}
error: Error during update operation: New password is the same as the current password {"details":"Error: New password is the same as the current password\n    at User.updateUser (C:\\Users\\david\\Desktop\\codepassdb\\src\\models\\users.js:129:19)","timestamp":"2024-06-11T16:08:46.846Z"}
error: Error during update operation: New password is the same as the current password {"details":"Error: New password is the same as the current password\n    at User.updateUser (C:\\Users\\david\\Desktop\\codepassdb\\src\\models\\users.js:129:19)","timestamp":"2024-06-11T16:09:45.307Z"}
error: Error during update operation: New password is the same as the current password {"details":"Error: New password is the same as the current password\n    at User.updateUser (C:\\Users\\david\\Desktop\\codepassdb\\src\\models\\users.js:129:19)","timestamp":"2024-06-11T16:10:17.042Z"}
error: Error during update operation: Incorrect credentials {"details":"Error: Incorrect credentials\n    at User.updateUser (C:\\Users\\david\\Desktop\\codepassdb\\src\\models\\users.js:106:15)","timestamp":"2024-06-11T16:10:52.376Z"}
error: Error during update operation: New password is the same as the current password {"details":"Error: New password is the same as the current password\n    at User.updateUser (C:\\Users\\david\\Desktop\\codepassdb\\src\\models\\users.js:129:19)","timestamp":"2024-06-11T16:11:02.778Z"}
error: Error during update operation: New password is the same as the current password {"details":"Error: New password is the same as the current password\n    at User.updateUser (C:\\Users\\david\\Desktop\\codepassdb\\src\\models\\users.js:129:19)","timestamp":"2024-06-11T16:12:18.803Z"}
error: Error during update operation: Incorrect credentials {"details":"Error: Incorrect credentials\n    at User.updateUser (C:\\Users\\david\\Desktop\\codepassdb\\src\\models\\users.js:106:15)","timestamp":"2024-06-11T16:12:21.044Z"}
error: Error during update operation: Incorrect password {"details":"Error: Incorrect password\n    at User.updateUser (C:\\Users\\david\\Desktop\\codepassdb\\src\\models\\users.js:106:15)","timestamp":"2024-06-11T16:12:45.207Z"}
error: Error during update operation: New password is the same as the current password {"details":"Error: New password is the same as the current password\n    at User.updateUser (C:\\Users\\david\\Desktop\\codepassdb\\src\\models\\users.js:129:19)","timestamp":"2024-06-11T16:12:50.852Z"}
error: Error during update operation: New password is the same as the current password {"details":"Error: New password is the same as the current password\n    at User.updateUser (C:\\Users\\david\\Desktop\\codepassdb\\src\\models\\users.js:129:19)","timestamp":"2024-06-11T16:13:33.494Z"}
error: Error during update operation: New master is the same as the current master {"details":"Error: New master is the same as the current master\n    at User.updateUser (C:\\Users\\david\\Desktop\\codepassdb\\src\\models\\users.js:143:19)","timestamp":"2024-06-11T16:23:05.425Z"}
error: Error during update operation: The master password does not meet complexity requirements. {"details":"Error: The master password does not meet complexity requirements.\n    at User.updateUser (C:\\Users\\david\\Desktop\\codepassdb\\src\\models\\users.js:146:19)","timestamp":"2024-06-11T16:23:10.865Z"}
error: Error during update operation: New master is the same as the current master {"details":"Error: New master is the same as the current master\n    at User.updateUser (C:\\Users\\david\\Desktop\\codepassdb\\src\\models\\users.js:143:19)","timestamp":"2024-06-11T16:25:14.405Z"}
error: Error during update operation: New master is the same as the current master {"details":"Error: New master is the same as the current master\n    at User.updateUser (C:\\Users\\david\\Desktop\\codepassdb\\src\\models\\users.js:144:19)","timestamp":"2024-06-11T16:26:10.940Z"}
error: Error during update operation: New master is the same as the current master {"details":"Error: New master is the same as the current master\n    at User.updateUser (C:\\Users\\david\\Desktop\\codepassdb\\src\\models\\users.js:143:19)","timestamp":"2024-06-11T16:27:51.817Z"}
error: Error during update operation: New phone is the same as the current phone {"details":"Error: New phone is the same as the current phone\n    at validatenewValue (C:\\Users\\david\\Desktop\\codepassdb\\src\\models\\users.js:97:15)\n    at User.updateUser (C:\\Users\\david\\Desktop\\codepassdb\\src\\models\\users.js:162:11)","timestamp":"2024-06-11T17:04:29.268Z"}
error: Error during update operation: The phone number is not valid. {"details":"Error: The phone number is not valid.\n    at User.updateUser (C:\\Users\\david\\Desktop\\codepassdb\\src\\models\\users.js:159:19)","timestamp":"2024-06-11T17:04:36.293Z"}
error: Error during find operation: User not found {"details":"Error: User not found\n    at User.findByUsername (C:\\Users\\david\\Desktop\\codepassdb\\src\\models\\users.js:83:15)\n    at process.processTicksAndRejections (node:internal/process/task_queues:95:5)","timestamp":"2024-06-12T09:03:59.776Z"}
error: Error during update operation: Cannot read properties of undefined (reading 'id') {"details":"TypeError: Cannot read properties of undefined (reading 'id')\n    at User.removeUser (C:\\Users\\david\\Desktop\\codepassdb\\src\\models\\users.js:179:26)\n    at process.processTicksAndRejections (node:internal/process/task_queues:95:5)","timestamp":"2024-06-12T09:52:58.831Z"}
error: Error executing query: Duplicate entry 'lucilla@example.com' for key 'users.email' {"details":"Error: Duplicate entry 'lucilla@example.com' for key 'users.email'\n    at PromisePool.query (C:\\Users\\david\\Desktop\\codepassdb\\node_modules\\mysql2\\promise.js:356:22)\n    at #query (C:\\Users\\david\\Desktop\\codepassdb\\src\\models\\database.js:64:41)\n    at Database.create (C:\\Users\\david\\Desktop\\codepassdb\\src\\models\\database.js:85:31)\n    at User.signup (C:\\Users\\david\\Desktop\\codepassdb\\src\\models\\users.js:65:24)","timestamp":"2024-06-12T10:01:24.424Z"}
error: Error during update operation: Incorrect password or master {"details":"Error: Incorrect password or master\n    at User.removeUser (C:\\Users\\david\\Desktop\\codepassdb\\src\\models\\users.js:184:15)","timestamp":"2024-06-12T10:04:38.147Z"}
error: Error during update operation: Incorrect password or master {"details":"Error: Incorrect password or master\n    at User.removeUser (C:\\Users\\david\\Desktop\\codepassdb\\src\\models\\users.js:184:15)","timestamp":"2024-06-12T10:04:48.901Z"}
error: Error executing query: Column count doesn't match value count at row 1 {"details":"Error: Column count doesn't match value count at row 1\n    at PromisePool.query (C:\\Users\\david\\Desktop\\codepassdb\\node_modules\\mysql2\\promise.js:356:22)\n    at #query (C:\\Users\\david\\Desktop\\codepassdb\\src\\models\\database.js:64:41)\n    at Database.create (C:\\Users\\david\\Desktop\\codepassdb\\src\\models\\database.js:85:31)\n    at User.signup (C:\\Users\\david\\Desktop\\codepassdb\\src\\models\\users.js:75:24)\n    at process.processTicksAndRejections (node:internal/process/task_queues:95:5)","timestamp":"2024-06-12T11:25:58.492Z"}
error: Error executing query: Duplicate entry 'lucilla@12example.com' for key 'users.email' {"details":"Error: Duplicate entry 'lucilla@12example.com' for key 'users.email'\n    at PromisePool.query (C:\\Users\\david\\Desktop\\codepassdb\\node_modules\\mysql2\\promise.js:356:22)\n    at #query (C:\\Users\\david\\Desktop\\codepassdb\\src\\models\\database.js:64:41)\n    at Database.create (C:\\Users\\david\\Desktop\\codepassdb\\src\\models\\database.js:85:31)\n    at User.signup (C:\\Users\\david\\Desktop\\codepassdb\\src\\models\\users.js:67:39)","timestamp":"2024-06-12T11:29:28.000Z"}
error: Error executing query: Column count doesn't match value count at row 1 {"details":"Error: Column count doesn't match value count at row 1\n    at PromisePool.query (C:\\Users\\david\\Desktop\\codepassdb\\node_modules\\mysql2\\promise.js:356:22)\n    at #query (C:\\Users\\david\\Desktop\\codepassdb\\src\\models\\database.js:64:41)\n    at Database.create (C:\\Users\\david\\Desktop\\codepassdb\\src\\models\\database.js:85:31)\n    at User.signup (C:\\Users\\david\\Desktop\\codepassdb\\src\\models\\users.js:75:24)\n    at process.processTicksAndRejections (node:internal/process/task_queues:95:5)","timestamp":"2024-06-12T11:29:58.236Z"}
error: Error executing query: Duplicate entry 'lucilla@123example.com' for key 'users.email' {"details":"Error: Duplicate entry 'lucilla@123example.com' for key 'users.email'\n    at PromisePool.query (C:\\Users\\david\\Desktop\\codepassdb\\node_modules\\mysql2\\promise.js:356:22)\n    at #query (C:\\Users\\david\\Desktop\\codepassdb\\src\\models\\database.js:64:41)\n    at Database.create (C:\\Users\\david\\Desktop\\codepassdb\\src\\models\\database.js:85:31)\n    at User.signup (C:\\Users\\david\\Desktop\\codepassdb\\src\\models\\users.js:67:39)","timestamp":"2024-06-12T11:30:45.678Z"}
error: Error executing query: Duplicate entry 'lucillabastarda13' for key 'users.unique_username' {"details":"Error: Duplicate entry 'lucillabastarda13' for key 'users.unique_username'\n    at PromisePool.query (C:\\Users\\david\\Desktop\\codepassdb\\node_modules\\mysql2\\promise.js:356:22)\n    at #query (C:\\Users\\david\\Desktop\\codepassdb\\src\\models\\database.js:64:41)\n    at Database.create (C:\\Users\\david\\Desktop\\codepassdb\\src\\models\\database.js:85:31)\n    at User.signup (C:\\Users\\david\\Desktop\\codepassdb\\src\\models\\users.js:67:39)","timestamp":"2024-06-12T11:30:53.801Z"}
error: Error executing query: Duplicate entry 'lucillabastarda13' for key 'users.unique_username' {"details":"Error: Duplicate entry 'lucillabastarda13' for key 'users.unique_username'\n    at PromisePool.query (C:\\Users\\david\\Desktop\\codepassdb\\node_modules\\mysql2\\promise.js:356:22)\n    at #query (C:\\Users\\david\\Desktop\\codepassdb\\src\\models\\database.js:64:41)\n    at Database.create (C:\\Users\\david\\Desktop\\codepassdb\\src\\models\\database.js:85:31)\n    at User.signup (C:\\Users\\david\\Desktop\\codepassdb\\src\\models\\users.js:67:39)","timestamp":"2024-06-12T11:30:57.531Z"}
error: Error during signup operation: Cannot read properties of undefined (reading 'id') {"details":"TypeError: Cannot read properties of undefined (reading 'id')\n    at User.signup (C:\\Users\\david\\Desktop\\codepassdb\\src\\models\\users.js:70:28)\n    at process.processTicksAndRejections (node:internal/process/task_queues:95:5)","timestamp":"2024-06-12T11:30:59.302Z"}
error: Error executing query: Column 'user_id' cannot be null {"details":"Error: Column 'user_id' cannot be null\n    at PromisePool.query (C:\\Users\\david\\Desktop\\codepassdb\\node_modules\\mysql2\\promise.js:356:22)\n    at #query (C:\\Users\\david\\Desktop\\codepassdb\\src\\models\\database.js:64:41)\n    at Database.create (C:\\Users\\david\\Desktop\\codepassdb\\src\\models\\database.js:85:31)\n    at User.signup (C:\\Users\\david\\Desktop\\codepassdb\\src\\models\\users.js:75:24)\n    at process.processTicksAndRejections (node:internal/process/task_queues:95:5)","timestamp":"2024-06-12T11:31:11.339Z"}
error: Error during find operation: password_hash is not defined {"details":"ReferenceError: password_hash is not defined\n    at User.findByUsername (C:\\Users\\david\\Desktop\\codepassdb\\src\\models\\users.js:97:35)\n    at process.processTicksAndRejections (node:internal/process/task_queues:95:5)","timestamp":"2024-06-12T12:04:38.905Z"}
error: Error during find operation: Cannot read properties of undefined (reading 'length') {"details":"TypeError: Cannot read properties of undefined (reading 'length')\n    at User.findByUsername (C:\\Users\\david\\Desktop\\codepassdb\\src\\models\\users.js:93:20)\n    at process.processTicksAndRejections (node:internal/process/task_queues:95:5)","timestamp":"2024-06-12T12:16:27.209Z"}
error: Error executing query: Unknown column 'id_user' in 'where clause' {"details":"Error: Unknown column 'id_user' in 'where clause'\n    at PromisePool.query (C:\\Users\\david\\Desktop\\codepassdb\\node_modules\\mysql2\\promise.js:356:22)\n    at #query (C:\\Users\\david\\Desktop\\codepassdb\\src\\models\\database.js:64:41)\n    at Database.read (C:\\Users\\david\\Desktop\\codepassdb\\src\\models\\database.js:98:31)\n    at User.login (C:\\Users\\david\\Desktop\\codepassdb\\src\\models\\users.js:93:63)\n    at Object.<anonymous> (C:\\Users\\david\\Desktop\\codepassdb\\src\\app.js:10:5)\n    at Module._compile (node:internal/modules/cjs/loader:1480:14)\n    at Module._extensions..js (node:internal/modules/cjs/loader:1564:10)\n    at Module.load (node:internal/modules/cjs/loader:1287:32)\n    at Module._load (node:internal/modules/cjs/loader:1103:12)\n    at Function.executeUserEntryPoint [as runMain] (node:internal/modules/run_main:168:12)","timestamp":"2024-06-12T12:38:59.879Z"}
error: Error during find operation: password_hash is not defined {"details":"ReferenceError: password_hash is not defined\n    at User.login (C:\\Users\\david\\Desktop\\codepassdb\\src\\models\\users.js:97:19)\n    at process.processTicksAndRejections (node:internal/process/task_queues:95:5)","timestamp":"2024-06-12T12:40:29.070Z"}
error: Error during find operation: data and hash arguments required {"details":"Error: data and hash arguments required\n    at Object.compare (C:\\Users\\david\\Desktop\\codepassdb\\node_modules\\bcrypt\\bcrypt.js:208:17)\n    at C:\\Users\\david\\Desktop\\codepassdb\\node_modules\\bcrypt\\promises.js:29:12\n    at new Promise (<anonymous>)\n    at module.exports.promise (C:\\Users\\david\\Desktop\\codepassdb\\node_modules\\bcrypt\\promises.js:20:12)\n    at Object.compare (C:\\Users\\david\\Desktop\\codepassdb\\node_modules\\bcrypt\\bcrypt.js:204:25)\n    at User.login (C:\\Users\\david\\Desktop\\codepassdb\\src\\models\\users.js:98:44)\n    at process.processTicksAndRejections (node:internal/process/task_queues:95:5)","timestamp":"2024-06-12T12:41:49.258Z"}
error: Error during find operation: data and hash arguments required {"details":"Error: data and hash arguments required\n    at Object.compare (C:\\Users\\david\\Desktop\\codepassdb\\node_modules\\bcrypt\\bcrypt.js:208:17)\n    at C:\\Users\\david\\Desktop\\codepassdb\\node_modules\\bcrypt\\promises.js:29:12\n    at new Promise (<anonymous>)\n    at module.exports.promise (C:\\Users\\david\\Desktop\\codepassdb\\node_modules\\bcrypt\\promises.js:20:12)\n    at Object.compare (C:\\Users\\david\\Desktop\\codepassdb\\node_modules\\bcrypt\\bcrypt.js:204:25)\n    at User.login (C:\\Users\\david\\Desktop\\codepassdb\\src\\models\\users.js:98:44)\n    at process.processTicksAndRejections (node:internal/process/task_queues:95:5)","timestamp":"2024-06-12T12:43:33.195Z"}
error: Error during find operation: data and hash arguments required {"details":"Error: data and hash arguments required\n    at Object.compare (C:\\Users\\david\\Desktop\\codepassdb\\node_modules\\bcrypt\\bcrypt.js:208:17)\n    at C:\\Users\\david\\Desktop\\codepassdb\\node_modules\\bcrypt\\promises.js:29:12\n    at new Promise (<anonymous>)\n    at module.exports.promise (C:\\Users\\david\\Desktop\\codepassdb\\node_modules\\bcrypt\\promises.js:20:12)\n    at Object.compare (C:\\Users\\david\\Desktop\\codepassdb\\node_modules\\bcrypt\\bcrypt.js:204:25)\n    at User.login (C:\\Users\\david\\Desktop\\codepassdb\\src\\models\\users.js:98:44)\n    at process.processTicksAndRejections (node:internal/process/task_queues:95:5)","timestamp":"2024-06-12T12:45:30.279Z"}
error: Error during find operation: Cannot destructure property 'password_hash' of 'userDB[0]' as it is undefined. {"details":"TypeError: Cannot destructure property 'password_hash' of 'userDB[0]' as it is undefined.\n    at User.login (C:\\Users\\david\\Desktop\\codepassdb\\src\\models\\users.js:94:30)\n    at process.processTicksAndRejections (node:internal/process/task_queues:95:5)","timestamp":"2024-06-12T12:49:28.856Z"}
error: Error during find operation: currentPassword is not defined {"details":"ReferenceError: currentPassword is not defined\n    at User.login (C:\\Users\\david\\Desktop\\codepassdb\\src\\models\\users.js:95:62)\n    at process.processTicksAndRejections (node:internal/process/task_queues:95:5)","timestamp":"2024-06-12T12:50:04.346Z"}
error: Error executing query: You have an error in your SQL syntax; check the manual that corresponds to your MySQL server version for the right syntax to use near '' at line 1 {"details":"Error: You have an error in your SQL syntax; check the manual that corresponds to your MySQL server version for the right syntax to use near '' at line 1\n    at PromisePool.query (C:\\Users\\david\\Desktop\\codepassdb\\node_modules\\mysql2\\promise.js:356:22)\n    at #query (C:\\Users\\david\\Desktop\\codepassdb\\src\\models\\database.js:64:41)\n    at Database.read (C:\\Users\\david\\Desktop\\codepassdb\\src\\models\\database.js:98:31)\n    at User.login (C:\\Users\\david\\Desktop\\codepassdb\\src\\models\\users.js:93:39)\n    at Object.<anonymous> (C:\\Users\\david\\Desktop\\codepassdb\\src\\app.js:10:5)\n    at Module._compile (node:internal/modules/cjs/loader:1480:14)\n    at Module._extensions..js (node:internal/modules/cjs/loader:1564:10)\n    at Module.load (node:internal/modules/cjs/loader:1287:32)\n    at Module._load (node:internal/modules/cjs/loader:1103:12)\n    at Function.executeUserEntryPoint [as runMain] (node:internal/modules/run_main:168:12)","timestamp":"2024-06-12T12:50:30.986Z"}
error: Error during find operation: currentPassword is not defined {"details":"ReferenceError: currentPassword is not defined\n    at User.login (C:\\Users\\david\\Desktop\\codepassdb\\src\\models\\users.js:95:62)\n    at process.processTicksAndRejections (node:internal/process/task_queues:95:5)","timestamp":"2024-06-12T12:50:42.271Z"}
error: Error during find operation: currentPassword is not defined {"details":"ReferenceError: currentPassword is not defined\n    at User.login (C:\\Users\\david\\Desktop\\codepassdb\\src\\models\\users.js:95:62)\n    at process.processTicksAndRejections (node:internal/process/task_queues:95:5)","timestamp":"2024-06-12T12:50:56.431Z"}
error: Error during find operation: currentPassword is not defined {"details":"ReferenceError: currentPassword is not defined\n    at User.login (C:\\Users\\david\\Desktop\\codepassdb\\src\\models\\users.js:95:62)\n    at process.processTicksAndRejections (node:internal/process/task_queues:95:5)","timestamp":"2024-06-12T12:51:15.717Z"}
error: Error during find operation: currentPassword is not defined {"details":"ReferenceError: currentPassword is not defined\n    at User.login (C:\\Users\\david\\Desktop\\codepassdb\\src\\models\\users.js:95:62)\n    at process.processTicksAndRejections (node:internal/process/task_queues:95:5)","timestamp":"2024-06-12T12:51:29.527Z"}
error: Error during find operation: currentPassword is not defined {"details":"ReferenceError: currentPassword is not defined\n    at User.login (C:\\Users\\david\\Desktop\\codepassdb\\src\\models\\users.js:95:62)\n    at process.processTicksAndRejections (node:internal/process/task_queues:95:5)","timestamp":"2024-06-12T12:51:49.680Z"}
error: Error during find operation: data and hash arguments required {"details":"Error: data and hash arguments required\n    at Object.compare (C:\\Users\\david\\Desktop\\codepassdb\\node_modules\\bcrypt\\bcrypt.js:208:17)\n    at C:\\Users\\david\\Desktop\\codepassdb\\node_modules\\bcrypt\\promises.js:29:12\n    at new Promise (<anonymous>)\n    at module.exports.promise (C:\\Users\\david\\Desktop\\codepassdb\\node_modules\\bcrypt\\promises.js:20:12)\n    at Object.compare (C:\\Users\\david\\Desktop\\codepassdb\\node_modules\\bcrypt\\bcrypt.js:204:25)\n    at User.login (C:\\Users\\david\\Desktop\\codepassdb\\src\\models\\users.js:98:44)\n    at process.processTicksAndRejections (node:internal/process/task_queues:95:5)","timestamp":"2024-06-12T12:52:59.874Z"}
error: Error during find operation: data and hash arguments required {"details":"Error: data and hash arguments required\n    at Object.compare (C:\\Users\\david\\Desktop\\codepassdb\\node_modules\\bcrypt\\bcrypt.js:208:17)\n    at C:\\Users\\david\\Desktop\\codepassdb\\node_modules\\bcrypt\\promises.js:29:12\n    at new Promise (<anonymous>)\n    at module.exports.promise (C:\\Users\\david\\Desktop\\codepassdb\\node_modules\\bcrypt\\promises.js:20:12)\n    at Object.compare (C:\\Users\\david\\Desktop\\codepassdb\\node_modules\\bcrypt\\bcrypt.js:204:25)\n    at User.login (C:\\Users\\david\\Desktop\\codepassdb\\src\\models\\users.js:98:44)\n    at process.processTicksAndRejections (node:internal/process/task_queues:95:5)","timestamp":"2024-06-12T12:53:21.749Z"}
error: Error during find operation: Incorrect credentials {"details":"Error: Incorrect credentials\n    at User.login (C:\\Users\\david\\Desktop\\codepassdb\\src\\models\\users.js:102:15)","timestamp":"2024-06-12T12:57:05.415Z"}
error: Error during find operation: Incorrect credentials {"details":"Error: Incorrect credentials\n    at User.login (C:\\Users\\david\\Desktop\\codepassdb\\src\\models\\users.js:102:15)","timestamp":"2024-06-12T12:57:16.534Z"}
error: Error during find operation: User not found {"details":"Error: User not found\n    at User.findByUsername (C:\\Users\\david\\Desktop\\codepassdb\\src\\models\\users.js:123:15)\n    at process.processTicksAndRejections (node:internal/process/task_queues:95:5)\n    at async User.login (C:\\Users\\david\\Desktop\\codepassdb\\src\\models\\users.js:87:20)","timestamp":"2024-06-12T12:57:21.690Z"}
error: Error during find operation: Credentials not found {"details":"Error: Credentials not found\n    at #findCredentials (C:\\Users\\david\\Desktop\\codepassdb\\src\\models\\users.js:138:15)\n    at async User.login (C:\\Users\\david\\Desktop\\codepassdb\\src\\models\\users.js:90:31)","timestamp":"2024-06-12T13:23:10.276Z"}
error: Error during find operation: User not found {"details":"Error: User not found\n    at User.findByUsername (C:\\Users\\david\\Desktop\\codepassdb\\src\\models\\users.js:113:15)\n    at process.processTicksAndRejections (node:internal/process/task_queues:95:5)\n    at async User.login (C:\\Users\\david\\Desktop\\codepassdb\\src\\models\\users.js:88:20)","timestamp":"2024-06-12T13:23:20.111Z"}
error: Error during find operation: User not found {"details":"Error: User not found\n    at User.findByUsername (C:\\Users\\david\\Desktop\\codepassdb\\src\\models\\users.js:112:15)\n    at process.processTicksAndRejections (node:internal/process/task_queues:95:5)\n    at async User.login (C:\\Users\\david\\Desktop\\codepassdb\\src\\models\\users.js:88:20)","timestamp":"2024-06-12T13:31:59.016Z"}
error: Error during find operation: User not found {"details":"Error: User not found\n    at User.findByUsername (C:\\Users\\david\\Desktop\\codepassdb\\src\\models\\users.js:112:15)\n    at process.processTicksAndRejections (node:internal/process/task_queues:95:5)\n    at async User.login (C:\\Users\\david\\Desktop\\codepassdb\\src\\models\\users.js:88:20)","timestamp":"2024-06-12T13:32:45.808Z"}
error: Error during find operation: User not found {"details":"Error: User not found\n    at User.findByUsername (C:\\Users\\david\\Desktop\\codepassdb\\src\\models\\users.js:112:15)\n    at process.processTicksAndRejections (node:internal/process/task_queues:95:5)\n    at async User.login (C:\\Users\\david\\Desktop\\codepassdb\\src\\models\\users.js:88:20)","timestamp":"2024-06-12T13:32:52.697Z"}
error: Error executing query: Field 'password_hash' doesn't have a default value {"details":"Error: Field 'password_hash' doesn't have a default value\n    at PromisePool.query (C:\\Users\\david\\Desktop\\codepassdb\\node_modules\\mysql2\\promise.js:356:22)\n    at #query (C:\\Users\\david\\Desktop\\codepassdb\\src\\models\\database.js:55:41)\n    at Database.create (C:\\Users\\david\\Desktop\\codepassdb\\src\\models\\database.js:72:31)\n    at User.signup (C:\\Users\\david\\Desktop\\codepassdb\\src\\models\\users.js:63:45)\n    at Object.<anonymous> (C:\\Users\\david\\Desktop\\codepassdb\\src\\app.js:15:5)\n    at Module._compile (node:internal/modules/cjs/loader:1480:14)\n    at Module._extensions..js (node:internal/modules/cjs/loader:1564:10)\n    at Module.load (node:internal/modules/cjs/loader:1287:32)\n    at Module._load (node:internal/modules/cjs/loader:1103:12)\n    at Function.executeUserEntryPoint [as runMain] (node:internal/modules/run_main:168:12)","timestamp":"2024-06-12T14:02:12.898Z"}
error: Error executing query: Field 'password_hash' doesn't have a default value {"details":"Error: Field 'password_hash' doesn't have a default value\n    at PromisePool.query (C:\\Users\\david\\Desktop\\codepassdb\\node_modules\\mysql2\\promise.js:356:22)\n    at #query (C:\\Users\\david\\Desktop\\codepassdb\\src\\models\\database.js:55:41)\n    at Database.create (C:\\Users\\david\\Desktop\\codepassdb\\src\\models\\database.js:72:31)\n    at User.signup (C:\\Users\\david\\Desktop\\codepassdb\\src\\models\\users.js:63:45)\n    at Object.<anonymous> (C:\\Users\\david\\Desktop\\codepassdb\\src\\app.js:15:5)\n    at Module._compile (node:internal/modules/cjs/loader:1480:14)\n    at Module._extensions..js (node:internal/modules/cjs/loader:1564:10)\n    at Module.load (node:internal/modules/cjs/loader:1287:32)\n    at Module._load (node:internal/modules/cjs/loader:1103:12)\n    at Function.executeUserEntryPoint [as runMain] (node:internal/modules/run_main:168:12)","timestamp":"2024-06-12T14:04:31.940Z"}
error: Error executing query: Field 'password_hash' doesn't have a default value {"details":"Error: Field 'password_hash' doesn't have a default value\n    at PromisePool.query (C:\\Users\\david\\Desktop\\codepassdb\\node_modules\\mysql2\\promise.js:356:22)\n    at #query (C:\\Users\\david\\Desktop\\codepassdb\\src\\models\\database.js:55:41)\n    at Database.create (C:\\Users\\david\\Desktop\\codepassdb\\src\\models\\database.js:72:31)\n    at User.signup (C:\\Users\\david\\Desktop\\codepassdb\\src\\models\\users.js:63:45)\n    at Object.<anonymous> (C:\\Users\\david\\Desktop\\codepassdb\\src\\app.js:15:5)\n    at Module._compile (node:internal/modules/cjs/loader:1480:14)\n    at Module._extensions..js (node:internal/modules/cjs/loader:1564:10)\n    at Module.load (node:internal/modules/cjs/loader:1287:32)\n    at Module._load (node:internal/modules/cjs/loader:1103:12)\n    at Function.executeUserEntryPoint [as runMain] (node:internal/modules/run_main:168:12)","timestamp":"2024-06-12T14:09:35.629Z"}
error: Error executing query: Field 'password_hash' doesn't have a default value {"details":"Error: Field 'password_hash' doesn't have a default value\n    at PromisePool.query (C:\\Users\\david\\Desktop\\codepassdb\\node_modules\\mysql2\\promise.js:356:22)\n    at #query (C:\\Users\\david\\Desktop\\codepassdb\\src\\models\\database.js:55:41)\n    at Database.create (C:\\Users\\david\\Desktop\\codepassdb\\src\\models\\database.js:72:31)\n    at User.signup (C:\\Users\\david\\Desktop\\codepassdb\\src\\models\\users.js:63:45)\n    at Object.<anonymous> (C:\\Users\\david\\Desktop\\codepassdb\\src\\app.js:15:5)\n    at Module._compile (node:internal/modules/cjs/loader:1480:14)\n    at Module._extensions..js (node:internal/modules/cjs/loader:1564:10)\n    at Module.load (node:internal/modules/cjs/loader:1287:32)\n    at Module._load (node:internal/modules/cjs/loader:1103:12)\n    at Function.executeUserEntryPoint [as runMain] (node:internal/modules/run_main:168:12)","timestamp":"2024-06-12T14:10:28.156Z"}
error: Error executing query: Field 'password_hash' doesn't have a default value {"details":"Error: Field 'password_hash' doesn't have a default value\n    at PromisePool.query (C:\\Users\\david\\Desktop\\codepassdb\\node_modules\\mysql2\\promise.js:356:22)\n    at #query (C:\\Users\\david\\Desktop\\codepassdb\\src\\models\\database.js:55:41)\n    at Database.create (C:\\Users\\david\\Desktop\\codepassdb\\src\\models\\database.js:72:31)\n    at User.signup (C:\\Users\\david\\Desktop\\codepassdb\\src\\models\\users.js:63:45)\n    at Object.<anonymous> (C:\\Users\\david\\Desktop\\codepassdb\\src\\app.js:15:5)\n    at Module._compile (node:internal/modules/cjs/loader:1480:14)\n    at Module._extensions..js (node:internal/modules/cjs/loader:1564:10)\n    at Module.load (node:internal/modules/cjs/loader:1287:32)\n    at Module._load (node:internal/modules/cjs/loader:1103:12)\n    at Function.executeUserEntryPoint [as runMain] (node:internal/modules/run_main:168:12)","timestamp":"2024-06-12T14:11:03.754Z"}
error: Error executing query: Field 'password_hash' doesn't have a default value {"details":"Error: Field 'password_hash' doesn't have a default value\n    at PromisePool.query (C:\\Users\\david\\Desktop\\codepassdb\\node_modules\\mysql2\\promise.js:356:22)\n    at #query (C:\\Users\\david\\Desktop\\codepassdb\\src\\models\\database.js:55:41)\n    at Database.create (C:\\Users\\david\\Desktop\\codepassdb\\src\\models\\database.js:72:31)\n    at User.signup (C:\\Users\\david\\Desktop\\codepassdb\\src\\models\\users.js:64:45)","timestamp":"2024-06-12T14:11:23.112Z"}
error: Error executing query: Field 'password_hash' doesn't have a default value {"details":"Error: Field 'password_hash' doesn't have a default value\n    at PromisePool.query (C:\\Users\\david\\Desktop\\codepassdb\\node_modules\\mysql2\\promise.js:356:22)\n    at #query (C:\\Users\\david\\Desktop\\codepassdb\\src\\models\\database.js:55:41)\n    at Database.create (C:\\Users\\david\\Desktop\\codepassdb\\src\\models\\database.js:72:31)\n    at User.signup (C:\\Users\\david\\Desktop\\codepassdb\\src\\models\\users.js:64:45)","timestamp":"2024-06-12T14:12:07.380Z"}
error: Error executing query: Field 'password_hash' doesn't have a default value {"details":"Error: Field 'password_hash' doesn't have a default value\n    at PromisePool.query (C:\\Users\\david\\Desktop\\codepassdb\\node_modules\\mysql2\\promise.js:356:22)\n    at #query (C:\\Users\\david\\Desktop\\codepassdb\\src\\models\\database.js:55:41)\n    at Database.create (C:\\Users\\david\\Desktop\\codepassdb\\src\\models\\database.js:72:31)\n    at User.signup (C:\\Users\\david\\Desktop\\codepassdb\\src\\models\\users.js:63:45)\n    at Object.<anonymous> (C:\\Users\\david\\Desktop\\codepassdb\\src\\app.js:15:5)\n    at Module._compile (node:internal/modules/cjs/loader:1480:14)\n    at Module._extensions..js (node:internal/modules/cjs/loader:1564:10)\n    at Module.load (node:internal/modules/cjs/loader:1287:32)\n    at Module._load (node:internal/modules/cjs/loader:1103:12)\n    at Function.executeUserEntryPoint [as runMain] (node:internal/modules/run_main:168:12)","timestamp":"2024-06-12T14:14:31.946Z"}
error: Error executing query: Field 'password_hash' doesn't have a default value {"details":"Error: Field 'password_hash' doesn't have a default value\n    at PromisePool.query (C:\\Users\\david\\Desktop\\codepassdb\\node_modules\\mysql2\\promise.js:356:22)\n    at #query (C:\\Users\\david\\Desktop\\codepassdb\\src\\models\\database.js:55:41)\n    at Database.create (C:\\Users\\david\\Desktop\\codepassdb\\src\\models\\database.js:72:31)\n    at User.signup (C:\\Users\\david\\Desktop\\codepassdb\\src\\models\\users.js:63:45)\n    at Object.<anonymous> (C:\\Users\\david\\Desktop\\codepassdb\\src\\app.js:15:5)\n    at Module._compile (node:internal/modules/cjs/loader:1480:14)\n    at Module._extensions..js (node:internal/modules/cjs/loader:1564:10)\n    at Module.load (node:internal/modules/cjs/loader:1287:32)\n    at Module._load (node:internal/modules/cjs/loader:1103:12)\n    at Function.executeUserEntryPoint [as runMain] (node:internal/modules/run_main:168:12)","timestamp":"2024-06-12T14:16:03.259Z"}
error: Error executing query: Field 'password_hash' doesn't have a default value {"details":"Error: Field 'password_hash' doesn't have a default value\n    at PromisePool.query (C:\\Users\\david\\Desktop\\codepassdb\\node_modules\\mysql2\\promise.js:356:22)\n    at #query (C:\\Users\\david\\Desktop\\codepassdb\\src\\models\\database.js:55:41)\n    at Database.create (C:\\Users\\david\\Desktop\\codepassdb\\src\\models\\database.js:72:31)\n    at User.signup (C:\\Users\\david\\Desktop\\codepassdb\\src\\models\\users.js:63:45)\n    at Object.<anonymous> (C:\\Users\\david\\Desktop\\codepassdb\\src\\app.js:15:5)\n    at Module._compile (node:internal/modules/cjs/loader:1480:14)\n    at Module._extensions..js (node:internal/modules/cjs/loader:1564:10)\n    at Module.load (node:internal/modules/cjs/loader:1287:32)\n    at Module._load (node:internal/modules/cjs/loader:1103:12)\n    at Function.executeUserEntryPoint [as runMain] (node:internal/modules/run_main:168:12)","timestamp":"2024-06-12T14:17:59.115Z"}
error: Error executing query: Field 'password_hash' doesn't have a default value {"details":"Error: Field 'password_hash' doesn't have a default value\n    at PromisePool.query (C:\\Users\\david\\Desktop\\codepassdb\\node_modules\\mysql2\\promise.js:356:22)\n    at #query (C:\\Users\\david\\Desktop\\codepassdb\\src\\models\\database.js:55:41)\n    at Database.create (C:\\Users\\david\\Desktop\\codepassdb\\src\\models\\database.js:72:31)\n    at User.signup (C:\\Users\\david\\Desktop\\codepassdb\\src\\models\\users.js:63:45)\n    at Object.<anonymous> (C:\\Users\\david\\Desktop\\codepassdb\\src\\app.js:15:5)\n    at Module._compile (node:internal/modules/cjs/loader:1480:14)\n    at Module._extensions..js (node:internal/modules/cjs/loader:1564:10)\n    at Module.load (node:internal/modules/cjs/loader:1287:32)\n    at Module._load (node:internal/modules/cjs/loader:1103:12)\n    at Function.executeUserEntryPoint [as runMain] (node:internal/modules/run_main:168:12)","timestamp":"2024-06-12T14:18:15.191Z"}
error: Error executing query: Field 'password_hash' doesn't have a default value {"details":"Error: Field 'password_hash' doesn't have a default value\n    at PromisePool.query (C:\\Users\\david\\Desktop\\codepassdb\\node_modules\\mysql2\\promise.js:356:22)\n    at #query (C:\\Users\\david\\Desktop\\codepassdb\\src\\models\\database.js:55:41)\n    at Database.create (C:\\Users\\david\\Desktop\\codepassdb\\src\\models\\database.js:72:31)\n    at User.signup (C:\\Users\\david\\Desktop\\codepassdb\\src\\models\\users.js:63:45)\n    at Object.<anonymous> (C:\\Users\\david\\Desktop\\codepassdb\\src\\app.js:15:5)\n    at Module._compile (node:internal/modules/cjs/loader:1480:14)\n    at Module._extensions..js (node:internal/modules/cjs/loader:1564:10)\n    at Module.load (node:internal/modules/cjs/loader:1287:32)\n    at Module._load (node:internal/modules/cjs/loader:1103:12)\n    at Function.executeUserEntryPoint [as runMain] (node:internal/modules/run_main:168:12)","timestamp":"2024-06-12T14:19:11.497Z"}
error: Error executing query: Field 'password_hash' doesn't have a default value {"details":"Error: Field 'password_hash' doesn't have a default value\n    at PromisePool.query (C:\\Users\\david\\Desktop\\codepassdb\\node_modules\\mysql2\\promise.js:356:22)\n    at #query (C:\\Users\\david\\Desktop\\codepassdb\\src\\models\\database.js:55:41)\n    at Database.create (C:\\Users\\david\\Desktop\\codepassdb\\src\\models\\database.js:72:31)\n    at User.signup (C:\\Users\\david\\Desktop\\codepassdb\\src\\models\\users.js:63:45)\n    at Object.<anonymous> (C:\\Users\\david\\Desktop\\codepassdb\\src\\app.js:15:5)\n    at Module._compile (node:internal/modules/cjs/loader:1480:14)\n    at Module._extensions..js (node:internal/modules/cjs/loader:1564:10)\n    at Module.load (node:internal/modules/cjs/loader:1287:32)\n    at Module._load (node:internal/modules/cjs/loader:1103:12)\n    at Function.executeUserEntryPoint [as runMain] (node:internal/modules/run_main:168:12)","timestamp":"2024-06-12T14:21:08.316Z"}
error: Error executing query: Duplicate entry 'lucilla@123333example.com' for key 'users.email' {"details":"Error: Duplicate entry 'lucilla@123333example.com' for key 'users.email'\n    at PromisePool.query (C:\\Users\\david\\Desktop\\codepassdb\\node_modules\\mysql2\\promise.js:356:22)\n    at #query (C:\\Users\\david\\Desktop\\codepassdb\\src\\models\\database.js:55:41)\n    at Database.create (C:\\Users\\david\\Desktop\\codepassdb\\src\\models\\database.js:72:31)\n    at User.signup (C:\\Users\\david\\Desktop\\codepassdb\\src\\models\\users.js:67:39)\n    at process.processTicksAndRejections (node:internal/process/task_queues:95:5)","timestamp":"2024-06-12T14:22:18.989Z"}
error: Error executing query: Unknown column 'password_hash' in 'field list' {"details":"Error: Unknown column 'password_hash' in 'field list'\n    at PromisePool.query (C:\\Users\\david\\Desktop\\codepassdb\\node_modules\\mysql2\\promise.js:356:22)\n    at #query (C:\\Users\\david\\Desktop\\codepassdb\\src\\models\\database.js:55:41)\n    at Database.create (C:\\Users\\david\\Desktop\\codepassdb\\src\\models\\database.js:72:31)\n    at User.signup (C:\\Users\\david\\Desktop\\codepassdb\\src\\models\\users.js:66:45)","timestamp":"2024-06-12T14:23:07.631Z"}
error: Error executing query: Duplicate entry 'lucilla@123333example.com' for key 'users.email' {"details":"Error: Duplicate entry 'lucilla@123333example.com' for key 'users.email'\n    at PromisePool.query (C:\\Users\\david\\Desktop\\codepassdb\\node_modules\\mysql2\\promise.js:356:22)\n    at #query (C:\\Users\\david\\Desktop\\codepassdb\\src\\models\\database.js:55:41)\n    at Database.create (C:\\Users\\david\\Desktop\\codepassdb\\src\\models\\database.js:72:31)\n    at User.signup (C:\\Users\\david\\Desktop\\codepassdb\\src\\models\\users.js:63:45)\n    at Object.<anonymous> (C:\\Users\\david\\Desktop\\codepassdb\\src\\app.js:15:5)\n    at Module._compile (node:internal/modules/cjs/loader:1480:14)\n    at Module._extensions..js (node:internal/modules/cjs/loader:1564:10)\n    at Module.load (node:internal/modules/cjs/loader:1287:32)\n    at Module._load (node:internal/modules/cjs/loader:1103:12)\n    at Function.executeUserEntryPoint [as runMain] (node:internal/modules/run_main:168:12)","timestamp":"2024-06-12T14:23:27.396Z"}
error: Error during FINDBYUSERNAME operation: User not found {"details":"Error: User not found\n    at User.findByUsername (C:\\Users\\david\\Desktop\\codepassdb\\src\\models\\users.js:103:15)\n    at process.processTicksAndRejections (node:internal/process/task_queues:95:5)\n    at async User.login (C:\\Users\\david\\Desktop\\codepassdb\\src\\models\\users.js:82:20)","timestamp":"2024-06-12T14:29:03.174Z"}
error: Error during FINDCREDENTIALS operation: Incorrect password {"details":"Error: Incorrect password\n    at #findCredentials (C:\\Users\\david\\Desktop\\codepassdb\\src\\models\\users.js:125:15)\n    at async User.login (C:\\Users\\david\\Desktop\\codepassdb\\src\\models\\users.js:83:31)","timestamp":"2024-06-12T14:29:07.494Z"}
error: Error executing query: Field 'expiry_time' doesn't have a default value {"details":"Error: Field 'expiry_time' doesn't have a default value\n    at PromisePool.query (C:\\Users\\david\\Desktop\\codepassdb\\node_modules\\mysql2\\promise.js:356:22)\n    at #query (C:\\Users\\david\\Desktop\\codepassdb\\src\\models\\database.js:55:41)\n    at Database.create (C:\\Users\\david\\Desktop\\codepassdb\\src\\models\\database.js:72:31)\n    at User.login (C:\\Users\\david\\Desktop\\codepassdb\\src\\models\\users.js:110:18)","timestamp":"2024-06-13T08:20:09.480Z"}
error: Error executing query: Field 'expiry_time' doesn't have a default value {"details":"Error: Field 'expiry_time' doesn't have a default value\n    at PromisePool.query (C:\\Users\\david\\Desktop\\codepassdb\\node_modules\\mysql2\\promise.js:356:22)\n    at #query (C:\\Users\\david\\Desktop\\codepassdb\\src\\models\\database.js:55:41)\n    at Database.create (C:\\Users\\david\\Desktop\\codepassdb\\src\\models\\database.js:72:31)\n    at User.login (C:\\Users\\david\\Desktop\\codepassdb\\src\\models\\users.js:110:18)","timestamp":"2024-06-13T08:23:25.647Z"}
error: Error executing query: Field 'expiry_time' doesn't have a default value {"details":"Error: Field 'expiry_time' doesn't have a default value\n    at PromisePool.query (C:\\Users\\david\\Desktop\\codepassdb\\node_modules\\mysql2\\promise.js:356:22)\n    at #query (C:\\Users\\david\\Desktop\\codepassdb\\src\\models\\database.js:55:41)\n    at Database.create (C:\\Users\\david\\Desktop\\codepassdb\\src\\models\\database.js:72:31)\n    at User.login (C:\\Users\\david\\Desktop\\codepassdb\\src\\models\\users.js:110:18)","timestamp":"2024-06-13T08:28:32.407Z"}
error: Error during LOGIN operation: session is not defined {"details":"ReferenceError: session is not defined\n    at User.login (C:\\Users\\david\\Desktop\\codepassdb\\src\\models\\users.js:109:31)\n    at process.processTicksAndRejections (node:internal/process/task_queues:95:5)","timestamp":"2024-06-13T08:39:01.896Z"}
error: Error during UPDATEUSER operation: data and hash arguments required {"details":"Error: data and hash arguments required\n    at Object.compare (C:\\Users\\david\\Desktop\\codepassdb\\node_modules\\bcrypt\\bcrypt.js:208:17)\n    at C:\\Users\\david\\Desktop\\codepassdb\\node_modules\\bcrypt\\promises.js:29:12\n    at new Promise (<anonymous>)\n    at module.exports.promise (C:\\Users\\david\\Desktop\\codepassdb\\node_modules\\bcrypt\\promises.js:20:12)\n    at Object.compare (C:\\Users\\david\\Desktop\\codepassdb\\node_modules\\bcrypt\\bcrypt.js:204:25)\n    at User.updateUser (C:\\Users\\david\\Desktop\\codepassdb\\src\\models\\users.js:147:40)\n    at process.processTicksAndRejections (node:internal/process/task_queues:95:5)","timestamp":"2024-06-13T08:53:09.686Z"}
error: Error during FINDCREDENTIALS operation: data and hash arguments required {"details":"Error: data and hash arguments required\n    at Object.compare (C:\\Users\\david\\Desktop\\codepassdb\\node_modules\\bcrypt\\bcrypt.js:208:17)\n    at C:\\Users\\david\\Desktop\\codepassdb\\node_modules\\bcrypt\\promises.js:29:12\n    at new Promise (<anonymous>)\n    at module.exports.promise (C:\\Users\\david\\Desktop\\codepassdb\\node_modules\\bcrypt\\promises.js:20:12)\n    at Object.compare (C:\\Users\\david\\Desktop\\codepassdb\\node_modules\\bcrypt\\bcrypt.js:204:25)\n    at #findCredentials (C:\\Users\\david\\Desktop\\codepassdb\\src\\models\\users.js:119:44)\n    at process.processTicksAndRejections (node:internal/process/task_queues:95:5)\n    at async User.updateUser (C:\\Users\\david\\Desktop\\codepassdb\\src\\models\\users.js:139:31)","timestamp":"2024-06-13T08:55:17.202Z"}
error: Error during FINDCREDENTIALS operation: data and hash arguments required {"details":"Error: data and hash arguments required\n    at Object.compare (C:\\Users\\david\\Desktop\\codepassdb\\node_modules\\bcrypt\\bcrypt.js:208:17)\n    at C:\\Users\\david\\Desktop\\codepassdb\\node_modules\\bcrypt\\promises.js:29:12\n    at new Promise (<anonymous>)\n    at module.exports.promise (C:\\Users\\david\\Desktop\\codepassdb\\node_modules\\bcrypt\\promises.js:20:12)\n    at Object.compare (C:\\Users\\david\\Desktop\\codepassdb\\node_modules\\bcrypt\\bcrypt.js:204:25)\n    at #findCredentials (C:\\Users\\david\\Desktop\\codepassdb\\src\\models\\users.js:119:44)\n    at process.processTicksAndRejections (node:internal/process/task_queues:95:5)\n    at async User.updateUser (C:\\Users\\david\\Desktop\\codepassdb\\src\\models\\users.js:139:31)","timestamp":"2024-06-13T08:56:47.101Z"}
error: Error during FINDCREDENTIALS operation: data and hash arguments required {"details":"Error: data and hash arguments required\n    at Object.compare (C:\\Users\\david\\Desktop\\codepassdb\\node_modules\\bcrypt\\bcrypt.js:208:17)\n    at C:\\Users\\david\\Desktop\\codepassdb\\node_modules\\bcrypt\\promises.js:29:12\n    at new Promise (<anonymous>)\n    at module.exports.promise (C:\\Users\\david\\Desktop\\codepassdb\\node_modules\\bcrypt\\promises.js:20:12)\n    at Object.compare (C:\\Users\\david\\Desktop\\codepassdb\\node_modules\\bcrypt\\bcrypt.js:204:25)\n    at #findCredentials (C:\\Users\\david\\Desktop\\codepassdb\\src\\models\\users.js:119:44)\n    at process.processTicksAndRejections (node:internal/process/task_queues:95:5)\n    at async User.updateUser (C:\\Users\\david\\Desktop\\codepassdb\\src\\models\\users.js:139:31)","timestamp":"2024-06-13T08:56:53.452Z"}
error: Error during FINDCREDENTIALS operation: data and hash arguments required {"details":"Error: data and hash arguments required\n    at Object.compare (C:\\Users\\david\\Desktop\\codepassdb\\node_modules\\bcrypt\\bcrypt.js:208:17)\n    at C:\\Users\\david\\Desktop\\codepassdb\\node_modules\\bcrypt\\promises.js:29:12\n    at new Promise (<anonymous>)\n    at module.exports.promise (C:\\Users\\david\\Desktop\\codepassdb\\node_modules\\bcrypt\\promises.js:20:12)\n    at Object.compare (C:\\Users\\david\\Desktop\\codepassdb\\node_modules\\bcrypt\\bcrypt.js:204:25)\n    at #findCredentials (C:\\Users\\david\\Desktop\\codepassdb\\src\\models\\users.js:119:44)\n    at process.processTicksAndRejections (node:internal/process/task_queues:95:5)\n    at async User.updateUser (C:\\Users\\david\\Desktop\\codepassdb\\src\\models\\users.js:139:31)","timestamp":"2024-06-13T08:59:18.733Z"}
error: Error during FINDBYUSERNAME operation: User not found {"details":"Error: User not found\n    at User.findByUsername (C:\\Users\\david\\Desktop\\codepassdb\\src\\models\\users.js:100:15)\n    at process.processTicksAndRejections (node:internal/process/task_queues:95:5)\n    at async #findCredentials (C:\\Users\\david\\Desktop\\codepassdb\\src\\models\\users.js:111:20)\n    at async User.updateUser (C:\\Users\\david\\Desktop\\codepassdb\\src\\models\\users.js:139:31)","timestamp":"2024-06-13T09:00:23.541Z"}
error: Error during FINDBYUSERNAME operation: User not found {"details":"Error: User not found\n    at User.findByUsername (C:\\Users\\david\\Desktop\\codepassdb\\src\\models\\users.js:100:15)\n    at process.processTicksAndRejections (node:internal/process/task_queues:95:5)\n    at async User.updateUser (C:\\Users\\david\\Desktop\\codepassdb\\src\\models\\users.js:138:20)","timestamp":"2024-06-13T09:01:31.464Z"}
error: Error executing query: Unknown column 'password_hash' in 'field list' {"details":"Error: Unknown column 'password_hash' in 'field list'\n    at PromisePool.query (C:\\Users\\david\\Desktop\\codepassdb\\node_modules\\mysql2\\promise.js:356:22)\n    at #query (C:\\Users\\david\\Desktop\\codepassdb\\src\\models\\database.js:55:41)\n    at Database.update (C:\\Users\\david\\Desktop\\codepassdb\\src\\models\\database.js:105:31)\n    at User.updateUser (C:\\Users\\david\\Desktop\\codepassdb\\src\\models\\users.js:202:46)","timestamp":"2024-06-13T09:07:48.166Z"}
error: Error during UPDATEUSER operation: phone is not defined {"details":"ReferenceError: phone is not defined\n    at User.updateUser (C:\\Users\\david\\Desktop\\codepassdb\\src\\models\\users.js:201:32)","timestamp":"2024-06-13T09:08:33.697Z"}
error: Error executing query: Table 'codepass.users_credentials' doesn't exist {"details":"Error: Table 'codepass.users_credentials' doesn't exist\n    at PromisePool.query (C:\\Users\\david\\Desktop\\codepassdb\\node_modules\\mysql2\\promise.js:356:22)\n    at #query (C:\\Users\\david\\Desktop\\codepassdb\\src\\models\\database.js:55:41)\n    at Database.update (C:\\Users\\david\\Desktop\\codepassdb\\src\\models\\database.js:105:31)\n    at User.updateUser (C:\\Users\\david\\Desktop\\codepassdb\\src\\models\\users.js:205:57)","timestamp":"2024-06-13T09:09:11.554Z"}
error: Error during FINDCREDENTIALS operation: Incorrect password {"details":"Error: Incorrect password\n    at #findCredentials (C:\\Users\\david\\Desktop\\codepassdb\\src\\models\\users.js:122:15)\n    at async User.updateUser (C:\\Users\\david\\Desktop\\codepassdb\\src\\models\\users.js:139:31)","timestamp":"2024-06-13T09:25:10.502Z"}
error: Error during REMOVEUSER operation: data and hash arguments required {"details":"Error: data and hash arguments required\n    at Object.compare (C:\\Users\\david\\Desktop\\codepassdb\\node_modules\\bcrypt\\bcrypt.js:208:17)\n    at C:\\Users\\david\\Desktop\\codepassdb\\node_modules\\bcrypt\\promises.js:29:12\n    at new Promise (<anonymous>)\n    at module.exports.promise (C:\\Users\\david\\Desktop\\codepassdb\\node_modules\\bcrypt\\promises.js:20:12)\n    at Object.compare (C:\\Users\\david\\Desktop\\codepassdb\\node_modules\\bcrypt\\bcrypt.js:204:25)\n    at User.removeUser (C:\\Users\\david\\Desktop\\codepassdb\\src\\models\\users.js:221:44)\n    at process.processTicksAndRejections (node:internal/process/task_queues:95:5)","timestamp":"2024-06-13T09:29:50.240Z"}
error: Error executing query: Unknown column 'password_hash' in 'where clause' {"details":"Error: Unknown column 'password_hash' in 'where clause'\n    at PromisePool.query (C:\\Users\\david\\Desktop\\codepassdb\\node_modules\\mysql2\\promise.js:356:22)\n    at #query (C:\\Users\\david\\Desktop\\codepassdb\\src\\models\\database.js:55:41)\n    at Database.remove (C:\\Users\\david\\Desktop\\codepassdb\\src\\models\\database.js:119:31)\n    at User.removeUser (C:\\Users\\david\\Desktop\\codepassdb\\src\\models\\users.js:235:31)","timestamp":"2024-06-13T09:31:02.752Z"}
error: Error during FINDCREDENTIALS operation: username is not defined {"details":"ReferenceError: username is not defined\n    at #findCredentials (C:\\Users\\david\\Desktop\\codepassdb\\src\\models\\users.js:221:46)\n    at User.login (C:\\Users\\david\\Desktop\\codepassdb\\src\\models\\users.js:71:58)\n    at process.processTicksAndRejections (node:internal/process/task_queues:95:5)","timestamp":"2024-06-13T09:55:20.126Z"}
error: Error during FINDCREDENTIALS operation: Credentials not found {"details":"Error: Credentials not found\n    at #findCredentials (C:\\Users\\david\\Desktop\\codepassdb\\src\\models\\users.js:221:15)\n    at process.processTicksAndRejections (node:internal/process/task_queues:95:5)\n    at async User.updateUser (C:\\Users\\david\\Desktop\\codepassdb\\src\\models\\users.js:100:31)","timestamp":"2024-06-13T10:14:47.480Z"}
error: Error during FINDCREDENTIALS operation: data and hash arguments required {"details":"Error: data and hash arguments required\n    at Object.compare (C:\\Users\\david\\Desktop\\codepassdb\\node_modules\\bcrypt\\bcrypt.js:208:17)\n    at C:\\Users\\david\\Desktop\\codepassdb\\node_modules\\bcrypt\\promises.js:29:12\n    at new Promise (<anonymous>)\n    at module.exports.promise (C:\\Users\\david\\Desktop\\codepassdb\\node_modules\\bcrypt\\promises.js:20:12)\n    at Object.compare (C:\\Users\\david\\Desktop\\codepassdb\\node_modules\\bcrypt\\bcrypt.js:204:25)\n    at #findCredentials (C:\\Users\\david\\Desktop\\codepassdb\\src\\models\\users.js:225:44)\n    at process.processTicksAndRejections (node:internal/process/task_queues:95:5)\n    at async User.updateUser (C:\\Users\\david\\Desktop\\codepassdb\\src\\models\\users.js:100:31)","timestamp":"2024-06-13T10:15:07.530Z"}
error: Error during FINDCREDENTIALS operation: data and hash arguments required {"details":"Error: data and hash arguments required\n    at Object.compare (C:\\Users\\david\\Desktop\\codepassdb\\node_modules\\bcrypt\\bcrypt.js:208:17)\n    at C:\\Users\\david\\Desktop\\codepassdb\\node_modules\\bcrypt\\promises.js:29:12\n    at new Promise (<anonymous>)\n    at module.exports.promise (C:\\Users\\david\\Desktop\\codepassdb\\node_modules\\bcrypt\\promises.js:20:12)\n    at Object.compare (C:\\Users\\david\\Desktop\\codepassdb\\node_modules\\bcrypt\\bcrypt.js:204:25)\n    at #findCredentials (C:\\Users\\david\\Desktop\\codepassdb\\src\\models\\users.js:225:44)\n    at process.processTicksAndRejections (node:internal/process/task_queues:95:5)\n    at async User.updateUser (C:\\Users\\david\\Desktop\\codepassdb\\src\\models\\users.js:100:31)","timestamp":"2024-06-13T10:16:03.736Z"}
error: Error during FINDCREDENTIALS operation: data and hash arguments required {"details":"Error: data and hash arguments required\n    at Object.compare (C:\\Users\\david\\Desktop\\codepassdb\\node_modules\\bcrypt\\bcrypt.js:208:17)\n    at C:\\Users\\david\\Desktop\\codepassdb\\node_modules\\bcrypt\\promises.js:29:12\n    at new Promise (<anonymous>)\n    at module.exports.promise (C:\\Users\\david\\Desktop\\codepassdb\\node_modules\\bcrypt\\promises.js:20:12)\n    at Object.compare (C:\\Users\\david\\Desktop\\codepassdb\\node_modules\\bcrypt\\bcrypt.js:204:25)\n    at #findCredentials (C:\\Users\\david\\Desktop\\codepassdb\\src\\models\\users.js:219:44)\n    at process.processTicksAndRejections (node:internal/process/task_queues:95:5)\n    at async User.updateUser (C:\\Users\\david\\Desktop\\codepassdb\\src\\models\\users.js:100:31)","timestamp":"2024-06-13T10:17:40.666Z"}
error: Error during FINDCREDENTIALS operation: data and hash arguments required {"details":"Error: data and hash arguments required\n    at Object.compare (C:\\Users\\david\\Desktop\\codepassdb\\node_modules\\bcrypt\\bcrypt.js:208:17)\n    at C:\\Users\\david\\Desktop\\codepassdb\\node_modules\\bcrypt\\promises.js:29:12\n    at new Promise (<anonymous>)\n    at module.exports.promise (C:\\Users\\david\\Desktop\\codepassdb\\node_modules\\bcrypt\\promises.js:20:12)\n    at Object.compare (C:\\Users\\david\\Desktop\\codepassdb\\node_modules\\bcrypt\\bcrypt.js:204:25)\n    at #findCredentials (C:\\Users\\david\\Desktop\\codepassdb\\src\\models\\users.js:220:44)\n    at process.processTicksAndRejections (node:internal/process/task_queues:95:5)\n    at async User.updateUser (C:\\Users\\david\\Desktop\\codepassdb\\src\\models\\users.js:100:31)","timestamp":"2024-06-13T10:19:33.216Z"}
error: Error during UPDATEUSER operation: type is not defined {"details":"ReferenceError: type is not defined\n    at #validatenewValue (C:\\Users\\david\\Desktop\\codepassdb\\src\\models\\users.js:233:30)\n    at User.updateUser (C:\\Users\\david\\Desktop\\codepassdb\\src\\models\\users.js:116:33)","timestamp":"2024-06-13T10:22:15.945Z"}
error: Error during UPDATEUSER operation: type is not defined {"details":"ReferenceError: type is not defined\n    at #validatenewValue (C:\\Users\\david\\Desktop\\codepassdb\\src\\models\\users.js:233:30)\n    at User.updateUser (C:\\Users\\david\\Desktop\\codepassdb\\src\\models\\users.js:116:33)","timestamp":"2024-06-13T10:22:35.519Z"}
error: Error during UPDATEUSER operation: New param is the same as the current param {"details":"Error: New param is the same as the current param\n    at #validatenewValue (C:\\Users\\david\\Desktop\\codepassdb\\src\\models\\users.js:233:13)\n    at User.updateUser (C:\\Users\\david\\Desktop\\codepassdb\\src\\models\\users.js:116:33)","timestamp":"2024-06-13T10:23:33.805Z"}
error: Error during UPDATEUSER operation: New password is the same as the current password {"details":"Error: New password is the same as the current password\n    at User.updateUser (C:\\Users\\david\\Desktop\\codepassdb\\src\\models\\users.js:128:19)","timestamp":"2024-06-13T10:29:14.035Z"}
error: Error executing query: Unknown column 'user_id' in 'where clause' {"details":"Error: Unknown column 'user_id' in 'where clause'\n    at PromisePool.query (C:\\Users\\david\\Desktop\\codepassdb\\node_modules\\mysql2\\promise.js:356:22)\n    at #query (C:\\Users\\david\\Desktop\\codepassdb\\src\\models\\database.js:55:41)\n    at Database.update (C:\\Users\\david\\Desktop\\codepassdb\\src\\models\\database.js:105:31)\n    at User.updateUser (C:\\Users\\david\\Desktop\\codepassdb\\src\\models\\users.js:160:44)","timestamp":"2024-06-13T10:29:20.525Z"}
error: Error executing query: Cannot delete or update a parent row: a foreign key constraint fails (`codepass`.`sessions`, CONSTRAINT `sessions_ibfk_1` FOREIGN KEY (`user_id`) REFERENCES `users` (`id`)) {"details":"Error: Cannot delete or update a parent row: a foreign key constraint fails (`codepass`.`sessions`, CONSTRAINT `sessions_ibfk_1` FOREIGN KEY (`user_id`) REFERENCES `users` (`id`))\n    at PromisePool.query (C:\\Users\\david\\Desktop\\codepassdb\\node_modules\\mysql2\\promise.js:356:22)\n    at #query (C:\\Users\\david\\Desktop\\codepassdb\\src\\models\\database.js:55:41)\n    at Database.remove (C:\\Users\\david\\Desktop\\codepassdb\\src\\models\\database.js:119:31)\n    at User.removeUser (C:\\Users\\david\\Desktop\\codepassdb\\src\\models\\users.js:184:44)","timestamp":"2024-06-13T10:44:32.449Z"}
error: Error executing query: Cannot delete or update a parent row: a foreign key constraint fails (`codepass`.`sessions`, CONSTRAINT `sessions_ibfk_1` FOREIGN KEY (`user_id`) REFERENCES `users` (`id`)) {"details":"Error: Cannot delete or update a parent row: a foreign key constraint fails (`codepass`.`sessions`, CONSTRAINT `sessions_ibfk_1` FOREIGN KEY (`user_id`) REFERENCES `users` (`id`))\n    at PromisePool.query (C:\\Users\\david\\Desktop\\codepassdb\\node_modules\\mysql2\\promise.js:356:22)\n    at #query (C:\\Users\\david\\Desktop\\codepassdb\\src\\models\\database.js:55:41)\n    at Database.remove (C:\\Users\\david\\Desktop\\codepassdb\\src\\models\\database.js:119:31)\n    at User.removeUser (C:\\Users\\david\\Desktop\\codepassdb\\src\\models\\users.js:184:44)","timestamp":"2024-06-13T10:46:07.684Z"}
error: Error during FINDBYUSERNAME operation: User not found {"details":"Error: User not found\n    at User.findByUsername (C:\\Users\\david\\Desktop\\codepassdb\\src\\models\\users.js:201:15)\n    at process.processTicksAndRejections (node:internal/process/task_queues:95:5)\n    at async User.removeUser (C:\\Users\\david\\Desktop\\codepassdb\\src\\models\\users.js:175:20)","timestamp":"2024-06-13T10:55:27.280Z"}
error: Error during FINDCREDENTIALS operation: Incorrect password {"details":"Error: Incorrect password\n    at #findCredentials (C:\\Users\\david\\Desktop\\codepassdb\\src\\models\\users.js:231:15)\n    at async User.removeUser (C:\\Users\\david\\Desktop\\codepassdb\\src\\models\\users.js:176:31)","timestamp":"2024-06-13T10:58:23.043Z"}
error: Error during REMOVEUSER operation: Master password incorrect {"details":"Error: Master password incorrect\n    at User.removeUser (C:\\Users\\david\\Desktop\\codepassdb\\src\\models\\users.js:180:15)","timestamp":"2024-06-13T10:58:29.522Z"}
error: Error during SIGNUP operation: The first name must be between 3 and 20 characters. {"details":"Error: The first name must be between 3 and 20 characters.\n    at User.signup (C:\\Users\\david\\Desktop\\codepassdb\\src\\backend\\models\\users.js:17:15)\n    at C:\\Users\\david\\Desktop\\codepassdb\\src\\backend\\routes\\auth.js:16:16\n    at Layer.handle [as handle_request] (C:\\Users\\david\\Desktop\\codepassdb\\node_modules\\express\\lib\\router\\layer.js:95:5)\n    at next (C:\\Users\\david\\Desktop\\codepassdb\\node_modules\\express\\lib\\router\\route.js:149:13)\n    at Route.dispatch (C:\\Users\\david\\Desktop\\codepassdb\\node_modules\\express\\lib\\router\\route.js:119:3)\n    at Layer.handle [as handle_request] (C:\\Users\\david\\Desktop\\codepassdb\\node_modules\\express\\lib\\router\\layer.js:95:5)\n    at C:\\Users\\david\\Desktop\\codepassdb\\node_modules\\express\\lib\\router\\index.js:284:15\n    at Function.process_params (C:\\Users\\david\\Desktop\\codepassdb\\node_modules\\express\\lib\\router\\index.js:346:12)\n    at next (C:\\Users\\david\\Desktop\\codepassdb\\node_modules\\express\\lib\\router\\index.js:280:10)\n    at Function.handle (C:\\Users\\david\\Desktop\\codepassdb\\node_modules\\express\\lib\\router\\index.js:175:3)","timestamp":"2024-06-13T11:44:36.336Z"}
error: Error during SIGNUP operation: The master password does not meet complexity requirements. {"details":"Error: The master password does not meet complexity requirements.\n    at User.signup (C:\\Users\\david\\Desktop\\codepassdb\\src\\backend\\models\\users.js:38:15)\n    at C:\\Users\\david\\Desktop\\codepassdb\\src\\backend\\routes\\auth.js:16:16\n    at Layer.handle [as handle_request] (C:\\Users\\david\\Desktop\\codepassdb\\node_modules\\express\\lib\\router\\layer.js:95:5)\n    at next (C:\\Users\\david\\Desktop\\codepassdb\\node_modules\\express\\lib\\router\\route.js:149:13)\n    at Route.dispatch (C:\\Users\\david\\Desktop\\codepassdb\\node_modules\\express\\lib\\router\\route.js:119:3)\n    at Layer.handle [as handle_request] (C:\\Users\\david\\Desktop\\codepassdb\\node_modules\\express\\lib\\router\\layer.js:95:5)\n    at C:\\Users\\david\\Desktop\\codepassdb\\node_modules\\express\\lib\\router\\index.js:284:15\n    at Function.process_params (C:\\Users\\david\\Desktop\\codepassdb\\node_modules\\express\\lib\\router\\index.js:346:12)\n    at next (C:\\Users\\david\\Desktop\\codepassdb\\node_modules\\express\\lib\\router\\index.js:280:10)\n    at Function.handle (C:\\Users\\david\\Desktop\\codepassdb\\node_modules\\express\\lib\\router\\index.js:175:3)","timestamp":"2024-06-13T11:45:16.161Z"}
error: Error during SIGNUP operation: The first name must be between 3 and 20 characters. {"details":"Error: The first name must be between 3 and 20 characters.\n    at User.signup (C:\\Users\\david\\Desktop\\codepassdb\\src\\backend\\models\\users.js:17:15)\n    at C:\\Users\\david\\Desktop\\codepassdb\\src\\backend\\routes\\auth.js:16:16\n    at Layer.handle [as handle_request] (C:\\Users\\david\\Desktop\\codepassdb\\node_modules\\express\\lib\\router\\layer.js:95:5)\n    at next (C:\\Users\\david\\Desktop\\codepassdb\\node_modules\\express\\lib\\router\\route.js:149:13)\n    at Route.dispatch (C:\\Users\\david\\Desktop\\codepassdb\\node_modules\\express\\lib\\router\\route.js:119:3)\n    at Layer.handle [as handle_request] (C:\\Users\\david\\Desktop\\codepassdb\\node_modules\\express\\lib\\router\\layer.js:95:5)\n    at C:\\Users\\david\\Desktop\\codepassdb\\node_modules\\express\\lib\\router\\index.js:284:15\n    at Function.process_params (C:\\Users\\david\\Desktop\\codepassdb\\node_modules\\express\\lib\\router\\index.js:346:12)\n    at next (C:\\Users\\david\\Desktop\\codepassdb\\node_modules\\express\\lib\\router\\index.js:280:10)\n    at Function.handle (C:\\Users\\david\\Desktop\\codepassdb\\node_modules\\express\\lib\\router\\index.js:175:3)","timestamp":"2024-06-13T11:53:01.706Z"}
error: Error during SIGNUP operation: The first name must be between 3 and 20 characters. {"details":"Error: The first name must be between 3 and 20 characters.\n    at User.signup (C:\\Users\\david\\Desktop\\codepassdb\\src\\backend\\models\\users.js:17:15)\n    at C:\\Users\\david\\Desktop\\codepassdb\\src\\backend\\routes\\auth.js:16:16\n    at Layer.handle [as handle_request] (C:\\Users\\david\\Desktop\\codepassdb\\node_modules\\express\\lib\\router\\layer.js:95:5)\n    at next (C:\\Users\\david\\Desktop\\codepassdb\\node_modules\\express\\lib\\router\\route.js:149:13)\n    at Route.dispatch (C:\\Users\\david\\Desktop\\codepassdb\\node_modules\\express\\lib\\router\\route.js:119:3)\n    at Layer.handle [as handle_request] (C:\\Users\\david\\Desktop\\codepassdb\\node_modules\\express\\lib\\router\\layer.js:95:5)\n    at C:\\Users\\david\\Desktop\\codepassdb\\node_modules\\express\\lib\\router\\index.js:284:15\n    at Function.process_params (C:\\Users\\david\\Desktop\\codepassdb\\node_modules\\express\\lib\\router\\index.js:346:12)\n    at next (C:\\Users\\david\\Desktop\\codepassdb\\node_modules\\express\\lib\\router\\index.js:280:10)\n    at Function.handle (C:\\Users\\david\\Desktop\\codepassdb\\node_modules\\express\\lib\\router\\index.js:175:3)","timestamp":"2024-06-13T11:56:28.911Z"}
error: Error during SIGNUP operation: The first name must be between 3 and 20 characters. {"details":"Error: The first name must be between 3 and 20 characters.\n    at User.signup (C:\\Users\\david\\Desktop\\codepassdb\\src\\backend\\models\\users.js:17:15)\n    at C:\\Users\\david\\Desktop\\codepassdb\\src\\backend\\routes\\auth.js:16:16\n    at Layer.handle [as handle_request] (C:\\Users\\david\\Desktop\\codepassdb\\node_modules\\express\\lib\\router\\layer.js:95:5)\n    at next (C:\\Users\\david\\Desktop\\codepassdb\\node_modules\\express\\lib\\router\\route.js:149:13)\n    at Route.dispatch (C:\\Users\\david\\Desktop\\codepassdb\\node_modules\\express\\lib\\router\\route.js:119:3)\n    at Layer.handle [as handle_request] (C:\\Users\\david\\Desktop\\codepassdb\\node_modules\\express\\lib\\router\\layer.js:95:5)\n    at C:\\Users\\david\\Desktop\\codepassdb\\node_modules\\express\\lib\\router\\index.js:284:15\n    at Function.process_params (C:\\Users\\david\\Desktop\\codepassdb\\node_modules\\express\\lib\\router\\index.js:346:12)\n    at next (C:\\Users\\david\\Desktop\\codepassdb\\node_modules\\express\\lib\\router\\index.js:280:10)\n    at Function.handle (C:\\Users\\david\\Desktop\\codepassdb\\node_modules\\express\\lib\\router\\index.js:175:3)","timestamp":"2024-06-13T12:27:30.737Z"}
error: Error during SIGNUP operation: The first name must be between 3 and 20 characters. {"details":"Error: The first name must be between 3 and 20 characters.\n    at User.signup (C:\\Users\\david\\Desktop\\codepassdb\\src\\backend\\models\\users.js:17:15)\n    at C:\\Users\\david\\Desktop\\codepassdb\\src\\backend\\routes\\auth.js:16:16\n    at Layer.handle [as handle_request] (C:\\Users\\david\\Desktop\\codepassdb\\node_modules\\express\\lib\\router\\layer.js:95:5)\n    at next (C:\\Users\\david\\Desktop\\codepassdb\\node_modules\\express\\lib\\router\\route.js:149:13)\n    at Route.dispatch (C:\\Users\\david\\Desktop\\codepassdb\\node_modules\\express\\lib\\router\\route.js:119:3)\n    at Layer.handle [as handle_request] (C:\\Users\\david\\Desktop\\codepassdb\\node_modules\\express\\lib\\router\\layer.js:95:5)\n    at C:\\Users\\david\\Desktop\\codepassdb\\node_modules\\express\\lib\\router\\index.js:284:15\n    at Function.process_params (C:\\Users\\david\\Desktop\\codepassdb\\node_modules\\express\\lib\\router\\index.js:346:12)\n    at next (C:\\Users\\david\\Desktop\\codepassdb\\node_modules\\express\\lib\\router\\index.js:280:10)\n    at Function.handle (C:\\Users\\david\\Desktop\\codepassdb\\node_modules\\express\\lib\\router\\index.js:175:3)","timestamp":"2024-06-13T12:30:08.757Z"}
error: Error during SIGNUP operation: The first name must be between 3 and 20 characters. {"details":"Error: The first name must be between 3 and 20 characters.\n    at User.signup (C:\\Users\\david\\Desktop\\codepassdb\\src\\backend\\models\\users.js:17:15)\n    at C:\\Users\\david\\Desktop\\codepassdb\\src\\backend\\routes\\auth.js:16:16\n    at Layer.handle [as handle_request] (C:\\Users\\david\\Desktop\\codepassdb\\node_modules\\express\\lib\\router\\layer.js:95:5)\n    at next (C:\\Users\\david\\Desktop\\codepassdb\\node_modules\\express\\lib\\router\\route.js:149:13)\n    at Route.dispatch (C:\\Users\\david\\Desktop\\codepassdb\\node_modules\\express\\lib\\router\\route.js:119:3)\n    at Layer.handle [as handle_request] (C:\\Users\\david\\Desktop\\codepassdb\\node_modules\\express\\lib\\router\\layer.js:95:5)\n    at C:\\Users\\david\\Desktop\\codepassdb\\node_modules\\express\\lib\\router\\index.js:284:15\n    at Function.process_params (C:\\Users\\david\\Desktop\\codepassdb\\node_modules\\express\\lib\\router\\index.js:346:12)\n    at next (C:\\Users\\david\\Desktop\\codepassdb\\node_modules\\express\\lib\\router\\index.js:280:10)\n    at Function.handle (C:\\Users\\david\\Desktop\\codepassdb\\node_modules\\express\\lib\\router\\index.js:175:3)","timestamp":"2024-06-13T12:30:29.844Z"}
error: Error during SIGNUP operation: Expected a string but received a undefined {"details":"TypeError: Expected a string but received a undefined\n    at assertString (C:\\Users\\david\\Desktop\\codepassdb\\node_modules\\validator\\lib\\util\\assertString.js:13:11)\n    at Object.isLength (C:\\Users\\david\\Desktop\\codepassdb\\node_modules\\validator\\lib\\isLength.js:12:29)\n    at #validateName (C:\\Users\\david\\Desktop\\codepassdb\\src\\backend\\models\\users.js:247:22)\n    at User.signup (C:\\Users\\david\\Desktop\\codepassdb\\src\\backend\\models\\users.js:16:30)\n    at C:\\Users\\david\\Desktop\\codepassdb\\src\\backend\\routes\\auth.js:16:16\n    at Layer.handle [as handle_request] (C:\\Users\\david\\Desktop\\codepassdb\\node_modules\\express\\lib\\router\\layer.js:95:5)\n    at next (C:\\Users\\david\\Desktop\\codepassdb\\node_modules\\express\\lib\\router\\route.js:149:13)\n    at Route.dispatch (C:\\Users\\david\\Desktop\\codepassdb\\node_modules\\express\\lib\\router\\route.js:119:3)\n    at Layer.handle [as handle_request] (C:\\Users\\david\\Desktop\\codepassdb\\node_modules\\express\\lib\\router\\layer.js:95:5)\n    at C:\\Users\\david\\Desktop\\codepassdb\\node_modules\\express\\lib\\router\\index.js:284:15","timestamp":"2024-06-13T12:37:39.107Z"}
error: Error during SIGNUP operation: Expected a string but received a undefined {"details":"TypeError: Expected a string but received a undefined\n    at assertString (C:\\Users\\david\\Desktop\\codepassdb\\node_modules\\validator\\lib\\util\\assertString.js:13:11)\n    at Object.isLength (C:\\Users\\david\\Desktop\\codepassdb\\node_modules\\validator\\lib\\isLength.js:12:29)\n    at #validateName (C:\\Users\\david\\Desktop\\codepassdb\\src\\backend\\models\\users.js:247:22)\n    at User.signup (C:\\Users\\david\\Desktop\\codepassdb\\src\\backend\\models\\users.js:16:30)\n    at C:\\Users\\david\\Desktop\\codepassdb\\src\\backend\\routes\\auth.js:16:16\n    at Layer.handle [as handle_request] (C:\\Users\\david\\Desktop\\codepassdb\\node_modules\\express\\lib\\router\\layer.js:95:5)\n    at next (C:\\Users\\david\\Desktop\\codepassdb\\node_modules\\express\\lib\\router\\route.js:149:13)\n    at Route.dispatch (C:\\Users\\david\\Desktop\\codepassdb\\node_modules\\express\\lib\\router\\route.js:119:3)\n    at Layer.handle [as handle_request] (C:\\Users\\david\\Desktop\\codepassdb\\node_modules\\express\\lib\\router\\layer.js:95:5)\n    at C:\\Users\\david\\Desktop\\codepassdb\\node_modules\\express\\lib\\router\\index.js:284:15","timestamp":"2024-06-13T12:37:43.415Z"}
error: Error during SIGNUP operation: Expected a string but received a undefined {"details":"TypeError: Expected a string but received a undefined\n    at assertString (C:\\Users\\david\\Desktop\\codepassdb\\node_modules\\validator\\lib\\util\\assertString.js:13:11)\n    at Object.isLength (C:\\Users\\david\\Desktop\\codepassdb\\node_modules\\validator\\lib\\isLength.js:12:29)\n    at #validateName (C:\\Users\\david\\Desktop\\codepassdb\\src\\backend\\models\\users.js:247:22)\n    at User.signup (C:\\Users\\david\\Desktop\\codepassdb\\src\\backend\\models\\users.js:16:30)\n    at C:\\Users\\david\\Desktop\\codepassdb\\src\\backend\\routes\\auth.js:16:16\n    at Layer.handle [as handle_request] (C:\\Users\\david\\Desktop\\codepassdb\\node_modules\\express\\lib\\router\\layer.js:95:5)\n    at next (C:\\Users\\david\\Desktop\\codepassdb\\node_modules\\express\\lib\\router\\route.js:149:13)\n    at Route.dispatch (C:\\Users\\david\\Desktop\\codepassdb\\node_modules\\express\\lib\\router\\route.js:119:3)\n    at Layer.handle [as handle_request] (C:\\Users\\david\\Desktop\\codepassdb\\node_modules\\express\\lib\\router\\layer.js:95:5)\n    at C:\\Users\\david\\Desktop\\codepassdb\\node_modules\\express\\lib\\router\\index.js:284:15","timestamp":"2024-06-13T12:37:46.064Z"}
error: Error during SIGNUP operation: Expected a string but received a undefined {"details":"TypeError: Expected a string but received a undefined\n    at assertString (C:\\Users\\david\\Desktop\\codepassdb\\node_modules\\validator\\lib\\util\\assertString.js:13:11)\n    at Object.isLength (C:\\Users\\david\\Desktop\\codepassdb\\node_modules\\validator\\lib\\isLength.js:12:29)\n    at #validateName (C:\\Users\\david\\Desktop\\codepassdb\\src\\backend\\models\\users.js:247:22)\n    at User.signup (C:\\Users\\david\\Desktop\\codepassdb\\src\\backend\\models\\users.js:16:30)\n    at C:\\Users\\david\\Desktop\\codepassdb\\src\\backend\\routes\\auth.js:16:16\n    at Layer.handle [as handle_request] (C:\\Users\\david\\Desktop\\codepassdb\\node_modules\\express\\lib\\router\\layer.js:95:5)\n    at next (C:\\Users\\david\\Desktop\\codepassdb\\node_modules\\express\\lib\\router\\route.js:149:13)\n    at Route.dispatch (C:\\Users\\david\\Desktop\\codepassdb\\node_modules\\express\\lib\\router\\route.js:119:3)\n    at Layer.handle [as handle_request] (C:\\Users\\david\\Desktop\\codepassdb\\node_modules\\express\\lib\\router\\layer.js:95:5)\n    at C:\\Users\\david\\Desktop\\codepassdb\\node_modules\\express\\lib\\router\\index.js:284:15","timestamp":"2024-06-13T12:37:53.315Z"}
error: Error during SIGNUP operation: Expected a string but received a undefined {"details":"TypeError: Expected a string but received a undefined\n    at assertString (C:\\Users\\david\\Desktop\\codepassdb\\node_modules\\validator\\lib\\util\\assertString.js:13:11)\n    at Object.isLength (C:\\Users\\david\\Desktop\\codepassdb\\node_modules\\validator\\lib\\isLength.js:12:29)\n    at #validateName (C:\\Users\\david\\Desktop\\codepassdb\\src\\backend\\models\\users.js:247:22)\n    at User.signup (C:\\Users\\david\\Desktop\\codepassdb\\src\\backend\\models\\users.js:16:30)\n    at C:\\Users\\david\\Desktop\\codepassdb\\src\\backend\\routes\\auth.js:16:16\n    at Layer.handle [as handle_request] (C:\\Users\\david\\Desktop\\codepassdb\\node_modules\\express\\lib\\router\\layer.js:95:5)\n    at next (C:\\Users\\david\\Desktop\\codepassdb\\node_modules\\express\\lib\\router\\route.js:149:13)\n    at Route.dispatch (C:\\Users\\david\\Desktop\\codepassdb\\node_modules\\express\\lib\\router\\route.js:119:3)\n    at Layer.handle [as handle_request] (C:\\Users\\david\\Desktop\\codepassdb\\node_modules\\express\\lib\\router\\layer.js:95:5)\n    at C:\\Users\\david\\Desktop\\codepassdb\\node_modules\\express\\lib\\router\\index.js:284:15","timestamp":"2024-06-13T12:37:53.814Z"}
error: Error during SIGNUP operation: Expected a string but received a undefined {"details":"TypeError: Expected a string but received a undefined\n    at assertString (C:\\Users\\david\\Desktop\\codepassdb\\node_modules\\validator\\lib\\util\\assertString.js:13:11)\n    at Object.isLength (C:\\Users\\david\\Desktop\\codepassdb\\node_modules\\validator\\lib\\isLength.js:12:29)\n    at #validateName (C:\\Users\\david\\Desktop\\codepassdb\\src\\backend\\models\\users.js:247:22)\n    at User.signup (C:\\Users\\david\\Desktop\\codepassdb\\src\\backend\\models\\users.js:16:30)\n    at C:\\Users\\david\\Desktop\\codepassdb\\src\\backend\\routes\\auth.js:16:16\n    at Layer.handle [as handle_request] (C:\\Users\\david\\Desktop\\codepassdb\\node_modules\\express\\lib\\router\\layer.js:95:5)\n    at next (C:\\Users\\david\\Desktop\\codepassdb\\node_modules\\express\\lib\\router\\route.js:149:13)\n    at Route.dispatch (C:\\Users\\david\\Desktop\\codepassdb\\node_modules\\express\\lib\\router\\route.js:119:3)\n    at Layer.handle [as handle_request] (C:\\Users\\david\\Desktop\\codepassdb\\node_modules\\express\\lib\\router\\layer.js:95:5)\n    at C:\\Users\\david\\Desktop\\codepassdb\\node_modules\\express\\lib\\router\\index.js:284:15","timestamp":"2024-06-13T12:37:56.120Z"}
error: Error during SIGNUP operation: Expected a string but received a undefined {"details":"TypeError: Expected a string but received a undefined\n    at assertString (C:\\Users\\david\\Desktop\\codepassdb\\node_modules\\validator\\lib\\util\\assertString.js:13:11)\n    at Object.isLength (C:\\Users\\david\\Desktop\\codepassdb\\node_modules\\validator\\lib\\isLength.js:12:29)\n    at #validateName (C:\\Users\\david\\Desktop\\codepassdb\\src\\backend\\models\\users.js:247:22)\n    at User.signup (C:\\Users\\david\\Desktop\\codepassdb\\src\\backend\\models\\users.js:16:30)\n    at C:\\Users\\david\\Desktop\\codepassdb\\src\\backend\\routes\\auth.js:16:16\n    at Layer.handle [as handle_request] (C:\\Users\\david\\Desktop\\codepassdb\\node_modules\\express\\lib\\router\\layer.js:95:5)\n    at next (C:\\Users\\david\\Desktop\\codepassdb\\node_modules\\express\\lib\\router\\route.js:149:13)\n    at Route.dispatch (C:\\Users\\david\\Desktop\\codepassdb\\node_modules\\express\\lib\\router\\route.js:119:3)\n    at Layer.handle [as handle_request] (C:\\Users\\david\\Desktop\\codepassdb\\node_modules\\express\\lib\\router\\layer.js:95:5)\n    at C:\\Users\\david\\Desktop\\codepassdb\\node_modules\\express\\lib\\router\\index.js:284:15","timestamp":"2024-06-13T12:37:56.513Z"}
error: Error during SIGNUP operation: Expected a string but received a undefined {"details":"TypeError: Expected a string but received a undefined\n    at assertString (C:\\Users\\david\\Desktop\\codepassdb\\node_modules\\validator\\lib\\util\\assertString.js:13:11)\n    at Object.isLength (C:\\Users\\david\\Desktop\\codepassdb\\node_modules\\validator\\lib\\isLength.js:12:29)\n    at #validateName (C:\\Users\\david\\Desktop\\codepassdb\\src\\backend\\models\\users.js:247:22)\n    at User.signup (C:\\Users\\david\\Desktop\\codepassdb\\src\\backend\\models\\users.js:16:30)\n    at C:\\Users\\david\\Desktop\\codepassdb\\src\\backend\\routes\\auth.js:16:16\n    at Layer.handle [as handle_request] (C:\\Users\\david\\Desktop\\codepassdb\\node_modules\\express\\lib\\router\\layer.js:95:5)\n    at next (C:\\Users\\david\\Desktop\\codepassdb\\node_modules\\express\\lib\\router\\route.js:149:13)\n    at Route.dispatch (C:\\Users\\david\\Desktop\\codepassdb\\node_modules\\express\\lib\\router\\route.js:119:3)\n    at Layer.handle [as handle_request] (C:\\Users\\david\\Desktop\\codepassdb\\node_modules\\express\\lib\\router\\layer.js:95:5)\n    at C:\\Users\\david\\Desktop\\codepassdb\\node_modules\\express\\lib\\router\\index.js:284:15","timestamp":"2024-06-13T12:37:56.702Z"}
error: Error during SIGNUP operation: Expected a string but received a undefined {"details":"TypeError: Expected a string but received a undefined\n    at assertString (C:\\Users\\david\\Desktop\\codepassdb\\node_modules\\validator\\lib\\util\\assertString.js:13:11)\n    at Object.isLength (C:\\Users\\david\\Desktop\\codepassdb\\node_modules\\validator\\lib\\isLength.js:12:29)\n    at #validateName (C:\\Users\\david\\Desktop\\codepassdb\\src\\backend\\models\\users.js:247:22)\n    at User.signup (C:\\Users\\david\\Desktop\\codepassdb\\src\\backend\\models\\users.js:16:30)\n    at C:\\Users\\david\\Desktop\\codepassdb\\src\\backend\\routes\\auth.js:16:16\n    at Layer.handle [as handle_request] (C:\\Users\\david\\Desktop\\codepassdb\\node_modules\\express\\lib\\router\\layer.js:95:5)\n    at next (C:\\Users\\david\\Desktop\\codepassdb\\node_modules\\express\\lib\\router\\route.js:149:13)\n    at Route.dispatch (C:\\Users\\david\\Desktop\\codepassdb\\node_modules\\express\\lib\\router\\route.js:119:3)\n    at Layer.handle [as handle_request] (C:\\Users\\david\\Desktop\\codepassdb\\node_modules\\express\\lib\\router\\layer.js:95:5)\n    at C:\\Users\\david\\Desktop\\codepassdb\\node_modules\\express\\lib\\router\\index.js:284:15","timestamp":"2024-06-13T12:38:40.631Z"}
error: Error during SIGNUP operation: Expected a string but received a undefined {"details":"TypeError: Expected a string but received a undefined\n    at assertString (C:\\Users\\david\\Desktop\\codepassdb\\node_modules\\validator\\lib\\util\\assertString.js:13:11)\n    at Object.isLength (C:\\Users\\david\\Desktop\\codepassdb\\node_modules\\validator\\lib\\isLength.js:12:29)\n    at #validateName (C:\\Users\\david\\Desktop\\codepassdb\\src\\backend\\models\\users.js:247:22)\n    at User.signup (C:\\Users\\david\\Desktop\\codepassdb\\src\\backend\\models\\users.js:16:30)\n    at C:\\Users\\david\\Desktop\\codepassdb\\src\\backend\\routes\\auth.js:16:16\n    at Layer.handle [as handle_request] (C:\\Users\\david\\Desktop\\codepassdb\\node_modules\\express\\lib\\router\\layer.js:95:5)\n    at next (C:\\Users\\david\\Desktop\\codepassdb\\node_modules\\express\\lib\\router\\route.js:149:13)\n    at Route.dispatch (C:\\Users\\david\\Desktop\\codepassdb\\node_modules\\express\\lib\\router\\route.js:119:3)\n    at Layer.handle [as handle_request] (C:\\Users\\david\\Desktop\\codepassdb\\node_modules\\express\\lib\\router\\layer.js:95:5)\n    at C:\\Users\\david\\Desktop\\codepassdb\\node_modules\\express\\lib\\router\\index.js:284:15","timestamp":"2024-06-13T12:39:01.546Z"}
error: Error during SIGNUP operation: Expected a string but received a undefined {"details":"TypeError: Expected a string but received a undefined\n    at assertString (C:\\Users\\david\\Desktop\\codepassdb\\node_modules\\validator\\lib\\util\\assertString.js:13:11)\n    at Object.isLength (C:\\Users\\david\\Desktop\\codepassdb\\node_modules\\validator\\lib\\isLength.js:12:29)\n    at #validateName (C:\\Users\\david\\Desktop\\codepassdb\\src\\backend\\models\\users.js:247:22)\n    at User.signup (C:\\Users\\david\\Desktop\\codepassdb\\src\\backend\\models\\users.js:16:30)\n    at C:\\Users\\david\\Desktop\\codepassdb\\src\\backend\\routes\\auth.js:16:16\n    at Layer.handle [as handle_request] (C:\\Users\\david\\Desktop\\codepassdb\\node_modules\\express\\lib\\router\\layer.js:95:5)\n    at next (C:\\Users\\david\\Desktop\\codepassdb\\node_modules\\express\\lib\\router\\route.js:149:13)\n    at Route.dispatch (C:\\Users\\david\\Desktop\\codepassdb\\node_modules\\express\\lib\\router\\route.js:119:3)\n    at Layer.handle [as handle_request] (C:\\Users\\david\\Desktop\\codepassdb\\node_modules\\express\\lib\\router\\layer.js:95:5)\n    at C:\\Users\\david\\Desktop\\codepassdb\\node_modules\\express\\lib\\router\\index.js:284:15","timestamp":"2024-06-13T12:39:28.222Z"}
error: Error during SIGNUP operation: Expected a string but received a undefined {"details":"TypeError: Expected a string but received a undefined\n    at assertString (C:\\Users\\david\\Desktop\\codepassdb\\node_modules\\validator\\lib\\util\\assertString.js:13:11)\n    at Object.isLength (C:\\Users\\david\\Desktop\\codepassdb\\node_modules\\validator\\lib\\isLength.js:12:29)\n    at #validateName (C:\\Users\\david\\Desktop\\codepassdb\\src\\backend\\models\\users.js:247:22)\n    at User.signup (C:\\Users\\david\\Desktop\\codepassdb\\src\\backend\\models\\users.js:16:30)\n    at C:\\Users\\david\\Desktop\\codepassdb\\src\\backend\\routes\\auth.js:16:16\n    at Layer.handle [as handle_request] (C:\\Users\\david\\Desktop\\codepassdb\\node_modules\\express\\lib\\router\\layer.js:95:5)\n    at next (C:\\Users\\david\\Desktop\\codepassdb\\node_modules\\express\\lib\\router\\route.js:149:13)\n    at Route.dispatch (C:\\Users\\david\\Desktop\\codepassdb\\node_modules\\express\\lib\\router\\route.js:119:3)\n    at Layer.handle [as handle_request] (C:\\Users\\david\\Desktop\\codepassdb\\node_modules\\express\\lib\\router\\layer.js:95:5)\n    at C:\\Users\\david\\Desktop\\codepassdb\\node_modules\\express\\lib\\router\\index.js:284:15","timestamp":"2024-06-13T12:39:37.818Z"}
error: Error during SIGNUP operation: Expected a string but received a undefined {"details":"TypeError: Expected a string but received a undefined\n    at assertString (C:\\Users\\david\\Desktop\\codepassdb\\node_modules\\validator\\lib\\util\\assertString.js:13:11)\n    at Object.isLength (C:\\Users\\david\\Desktop\\codepassdb\\node_modules\\validator\\lib\\isLength.js:12:29)\n    at #validateName (C:\\Users\\david\\Desktop\\codepassdb\\src\\backend\\models\\users.js:247:22)\n    at User.signup (C:\\Users\\david\\Desktop\\codepassdb\\src\\backend\\models\\users.js:16:30)\n    at C:\\Users\\david\\Desktop\\codepassdb\\src\\backend\\routes\\auth.js:16:16\n    at Layer.handle [as handle_request] (C:\\Users\\david\\Desktop\\codepassdb\\node_modules\\express\\lib\\router\\layer.js:95:5)\n    at next (C:\\Users\\david\\Desktop\\codepassdb\\node_modules\\express\\lib\\router\\route.js:149:13)\n    at Route.dispatch (C:\\Users\\david\\Desktop\\codepassdb\\node_modules\\express\\lib\\router\\route.js:119:3)\n    at Layer.handle [as handle_request] (C:\\Users\\david\\Desktop\\codepassdb\\node_modules\\express\\lib\\router\\layer.js:95:5)\n    at C:\\Users\\david\\Desktop\\codepassdb\\node_modules\\express\\lib\\router\\index.js:284:15","timestamp":"2024-06-13T12:41:07.623Z"}
error: Error during SIGNUP operation: Expected a string but received a undefined {"details":"TypeError: Expected a string but received a undefined\n    at assertString (C:\\Users\\david\\Desktop\\codepassdb\\node_modules\\validator\\lib\\util\\assertString.js:13:11)\n    at Object.isLength (C:\\Users\\david\\Desktop\\codepassdb\\node_modules\\validator\\lib\\isLength.js:12:29)\n    at #validateName (C:\\Users\\david\\Desktop\\codepassdb\\src\\backend\\models\\users.js:247:22)\n    at User.signup (C:\\Users\\david\\Desktop\\codepassdb\\src\\backend\\models\\users.js:16:30)\n    at C:\\Users\\david\\Desktop\\codepassdb\\src\\backend\\routes\\auth.js:16:16\n    at Layer.handle [as handle_request] (C:\\Users\\david\\Desktop\\codepassdb\\node_modules\\express\\lib\\router\\layer.js:95:5)\n    at next (C:\\Users\\david\\Desktop\\codepassdb\\node_modules\\express\\lib\\router\\route.js:149:13)\n    at Route.dispatch (C:\\Users\\david\\Desktop\\codepassdb\\node_modules\\express\\lib\\router\\route.js:119:3)\n    at Layer.handle [as handle_request] (C:\\Users\\david\\Desktop\\codepassdb\\node_modules\\express\\lib\\router\\layer.js:95:5)\n    at C:\\Users\\david\\Desktop\\codepassdb\\node_modules\\express\\lib\\router\\index.js:284:15","timestamp":"2024-06-13T12:41:08.759Z"}
error: Error during SIGNUP operation: Expected a string but received a undefined {"details":"TypeError: Expected a string but received a undefined\n    at assertString (C:\\Users\\david\\Desktop\\codepassdb\\node_modules\\validator\\lib\\util\\assertString.js:13:11)\n    at Object.isLength (C:\\Users\\david\\Desktop\\codepassdb\\node_modules\\validator\\lib\\isLength.js:12:29)\n    at #validateName (C:\\Users\\david\\Desktop\\codepassdb\\src\\backend\\models\\users.js:247:22)\n    at User.signup (C:\\Users\\david\\Desktop\\codepassdb\\src\\backend\\models\\users.js:16:30)\n    at C:\\Users\\david\\Desktop\\codepassdb\\src\\backend\\routes\\auth.js:16:16\n    at Layer.handle [as handle_request] (C:\\Users\\david\\Desktop\\codepassdb\\node_modules\\express\\lib\\router\\layer.js:95:5)\n    at next (C:\\Users\\david\\Desktop\\codepassdb\\node_modules\\express\\lib\\router\\route.js:149:13)\n    at Route.dispatch (C:\\Users\\david\\Desktop\\codepassdb\\node_modules\\express\\lib\\router\\route.js:119:3)\n    at Layer.handle [as handle_request] (C:\\Users\\david\\Desktop\\codepassdb\\node_modules\\express\\lib\\router\\layer.js:95:5)\n    at C:\\Users\\david\\Desktop\\codepassdb\\node_modules\\express\\lib\\router\\index.js:284:15","timestamp":"2024-06-13T12:41:14.176Z"}
error: Error during SIGNUP operation: Expected a string but received a undefined {"details":"TypeError: Expected a string but received a undefined\n    at assertString (C:\\Users\\david\\Desktop\\codepassdb\\node_modules\\validator\\lib\\util\\assertString.js:13:11)\n    at Object.isLength (C:\\Users\\david\\Desktop\\codepassdb\\node_modules\\validator\\lib\\isLength.js:12:29)\n    at #validateName (C:\\Users\\david\\Desktop\\codepassdb\\src\\backend\\models\\users.js:247:22)\n    at User.signup (C:\\Users\\david\\Desktop\\codepassdb\\src\\backend\\models\\users.js:16:30)\n    at C:\\Users\\david\\Desktop\\codepassdb\\src\\backend\\routes\\auth.js:16:16\n    at Layer.handle [as handle_request] (C:\\Users\\david\\Desktop\\codepassdb\\node_modules\\express\\lib\\router\\layer.js:95:5)\n    at next (C:\\Users\\david\\Desktop\\codepassdb\\node_modules\\express\\lib\\router\\route.js:149:13)\n    at Route.dispatch (C:\\Users\\david\\Desktop\\codepassdb\\node_modules\\express\\lib\\router\\route.js:119:3)\n    at Layer.handle [as handle_request] (C:\\Users\\david\\Desktop\\codepassdb\\node_modules\\express\\lib\\router\\layer.js:95:5)\n    at C:\\Users\\david\\Desktop\\codepassdb\\node_modules\\express\\lib\\router\\index.js:284:15","timestamp":"2024-06-13T12:41:14.808Z"}
error: Error during SIGNUP operation: Expected a string but received a undefined {"details":"TypeError: Expected a string but received a undefined\n    at assertString (C:\\Users\\david\\Desktop\\codepassdb\\node_modules\\validator\\lib\\util\\assertString.js:13:11)\n    at Object.isLength (C:\\Users\\david\\Desktop\\codepassdb\\node_modules\\validator\\lib\\isLength.js:12:29)\n    at #validateName (C:\\Users\\david\\Desktop\\codepassdb\\src\\backend\\models\\users.js:247:22)\n    at User.signup (C:\\Users\\david\\Desktop\\codepassdb\\src\\backend\\models\\users.js:16:30)\n    at C:\\Users\\david\\Desktop\\codepassdb\\src\\backend\\routes\\auth.js:16:16\n    at Layer.handle [as handle_request] (C:\\Users\\david\\Desktop\\codepassdb\\node_modules\\express\\lib\\router\\layer.js:95:5)\n    at next (C:\\Users\\david\\Desktop\\codepassdb\\node_modules\\express\\lib\\router\\route.js:149:13)\n    at Route.dispatch (C:\\Users\\david\\Desktop\\codepassdb\\node_modules\\express\\lib\\router\\route.js:119:3)\n    at Layer.handle [as handle_request] (C:\\Users\\david\\Desktop\\codepassdb\\node_modules\\express\\lib\\router\\layer.js:95:5)\n    at C:\\Users\\david\\Desktop\\codepassdb\\node_modules\\express\\lib\\router\\index.js:284:15","timestamp":"2024-06-13T12:42:24.760Z"}
error: Error during SIGNUP operation: Expected a string but received a undefined {"details":"TypeError: Expected a string but received a undefined\n    at assertString (C:\\Users\\david\\Desktop\\codepassdb\\node_modules\\validator\\lib\\util\\assertString.js:13:11)\n    at Object.isLength (C:\\Users\\david\\Desktop\\codepassdb\\node_modules\\validator\\lib\\isLength.js:12:29)\n    at #validateName (C:\\Users\\david\\Desktop\\codepassdb\\src\\backend\\models\\users.js:247:22)\n    at User.signup (C:\\Users\\david\\Desktop\\codepassdb\\src\\backend\\models\\users.js:16:30)\n    at C:\\Users\\david\\Desktop\\codepassdb\\src\\backend\\routes\\auth.js:16:16\n    at Layer.handle [as handle_request] (C:\\Users\\david\\Desktop\\codepassdb\\node_modules\\express\\lib\\router\\layer.js:95:5)\n    at next (C:\\Users\\david\\Desktop\\codepassdb\\node_modules\\express\\lib\\router\\route.js:149:13)\n    at Route.dispatch (C:\\Users\\david\\Desktop\\codepassdb\\node_modules\\express\\lib\\router\\route.js:119:3)\n    at Layer.handle [as handle_request] (C:\\Users\\david\\Desktop\\codepassdb\\node_modules\\express\\lib\\router\\layer.js:95:5)\n    at C:\\Users\\david\\Desktop\\codepassdb\\node_modules\\express\\lib\\router\\index.js:284:15","timestamp":"2024-06-13T12:43:36.782Z"}
error: Error during SIGNUP operation: The first name must be between 3 and 20 characters. {"details":"Error: The first name must be between 3 and 20 characters.\n    at User.signup (C:\\Users\\david\\Desktop\\codepassdb\\src\\backend\\models\\users.js:17:15)\n    at C:\\Users\\david\\Desktop\\codepassdb\\src\\backend\\routes\\auth.js:16:16\n    at Layer.handle [as handle_request] (C:\\Users\\david\\Desktop\\codepassdb\\node_modules\\express\\lib\\router\\layer.js:95:5)\n    at next (C:\\Users\\david\\Desktop\\codepassdb\\node_modules\\express\\lib\\router\\route.js:149:13)\n    at Route.dispatch (C:\\Users\\david\\Desktop\\codepassdb\\node_modules\\express\\lib\\router\\route.js:119:3)\n    at Layer.handle [as handle_request] (C:\\Users\\david\\Desktop\\codepassdb\\node_modules\\express\\lib\\router\\layer.js:95:5)\n    at C:\\Users\\david\\Desktop\\codepassdb\\node_modules\\express\\lib\\router\\index.js:284:15\n    at Function.process_params (C:\\Users\\david\\Desktop\\codepassdb\\node_modules\\express\\lib\\router\\index.js:346:12)\n    at next (C:\\Users\\david\\Desktop\\codepassdb\\node_modules\\express\\lib\\router\\index.js:280:10)\n    at Function.handle (C:\\Users\\david\\Desktop\\codepassdb\\node_modules\\express\\lib\\router\\index.js:175:3)","timestamp":"2024-06-13T12:45:41.155Z"}
error: Error executing query: Duplicate entry '123456789' for key 'users.unique_phone' {"details":"Error: Duplicate entry '123456789' for key 'users.unique_phone'\n    at PromisePool.query (C:\\Users\\david\\Desktop\\codepassdb\\node_modules\\mysql2\\promise.js:356:22)\n    at #query (C:\\Users\\david\\Desktop\\codepassdb\\src\\backend\\models\\database.js:55:41)\n    at Database.create (C:\\Users\\david\\Desktop\\codepassdb\\src\\backend\\models\\database.js:73:31)\n    at User.signup (C:\\Users\\david\\Desktop\\codepassdb\\src\\backend\\models\\users.js:50:45)\n    at C:\\Users\\david\\Desktop\\codepassdb\\src\\backend\\routes\\auth.js:16:16\n    at Layer.handle [as handle_request] (C:\\Users\\david\\Desktop\\codepassdb\\node_modules\\express\\lib\\router\\layer.js:95:5)\n    at next (C:\\Users\\david\\Desktop\\codepassdb\\node_modules\\express\\lib\\router\\route.js:149:13)\n    at Route.dispatch (C:\\Users\\david\\Desktop\\codepassdb\\node_modules\\express\\lib\\router\\route.js:119:3)\n    at Layer.handle [as handle_request] (C:\\Users\\david\\Desktop\\codepassdb\\node_modules\\express\\lib\\router\\layer.js:95:5)\n    at C:\\Users\\david\\Desktop\\codepassdb\\node_modules\\express\\lib\\router\\index.js:284:15","timestamp":"2024-06-13T14:49:50.596Z"}
error: Error executing INSERT query: Duplicate entry '123456789' for key 'users.unique_phone' {"details":"Error: Duplicate entry '123456789' for key 'users.unique_phone'\n    at PromisePool.query (C:\\Users\\david\\Desktop\\codepassdb\\node_modules\\mysql2\\promise.js:356:22)\n    at #query (C:\\Users\\david\\Desktop\\codepassdb\\src\\backend\\models\\database.js:55:41)\n    at Database.create (C:\\Users\\david\\Desktop\\codepassdb\\src\\backend\\models\\database.js:73:31)\n    at User.signup (C:\\Users\\david\\Desktop\\codepassdb\\src\\backend\\models\\users.js:50:45)\n    at C:\\Users\\david\\Desktop\\codepassdb\\src\\backend\\routes\\auth.js:16:16\n    at Layer.handle [as handle_request] (C:\\Users\\david\\Desktop\\codepassdb\\node_modules\\express\\lib\\router\\layer.js:95:5)\n    at next (C:\\Users\\david\\Desktop\\codepassdb\\node_modules\\express\\lib\\router\\route.js:149:13)\n    at Route.dispatch (C:\\Users\\david\\Desktop\\codepassdb\\node_modules\\express\\lib\\router\\route.js:119:3)\n    at Layer.handle [as handle_request] (C:\\Users\\david\\Desktop\\codepassdb\\node_modules\\express\\lib\\router\\layer.js:95:5)\n    at C:\\Users\\david\\Desktop\\codepassdb\\node_modules\\express\\lib\\router\\index.js:284:15","timestamp":"2024-06-13T14:49:50.597Z"}
error: Error during SIGNUP operation: Duplicate entry '123456789' for key 'users.unique_phone' {"details":"Error: Duplicate entry '123456789' for key 'users.unique_phone'\n    at PromisePool.query (C:\\Users\\david\\Desktop\\codepassdb\\node_modules\\mysql2\\promise.js:356:22)\n    at #query (C:\\Users\\david\\Desktop\\codepassdb\\src\\backend\\models\\database.js:55:41)\n    at Database.create (C:\\Users\\david\\Desktop\\codepassdb\\src\\backend\\models\\database.js:73:31)\n    at User.signup (C:\\Users\\david\\Desktop\\codepassdb\\src\\backend\\models\\users.js:50:45)\n    at C:\\Users\\david\\Desktop\\codepassdb\\src\\backend\\routes\\auth.js:16:16\n    at Layer.handle [as handle_request] (C:\\Users\\david\\Desktop\\codepassdb\\node_modules\\express\\lib\\router\\layer.js:95:5)\n    at next (C:\\Users\\david\\Desktop\\codepassdb\\node_modules\\express\\lib\\router\\route.js:149:13)\n    at Route.dispatch (C:\\Users\\david\\Desktop\\codepassdb\\node_modules\\express\\lib\\router\\route.js:119:3)\n    at Layer.handle [as handle_request] (C:\\Users\\david\\Desktop\\codepassdb\\node_modules\\express\\lib\\router\\layer.js:95:5)\n    at C:\\Users\\david\\Desktop\\codepassdb\\node_modules\\express\\lib\\router\\index.js:284:15","timestamp":"2024-06-13T14:49:50.598Z"}
error: Error during SIGNUP operation: The first name must be between 3 and 20 characters. {"details":"Error: The first name must be between 3 and 20 characters.\n    at User.signup (C:\\Users\\david\\Desktop\\codepassdb\\src\\backend\\models\\users.js:17:15)\n    at C:\\Users\\david\\Desktop\\codepassdb\\src\\backend\\routes\\auth.js:16:16\n    at Layer.handle [as handle_request] (C:\\Users\\david\\Desktop\\codepassdb\\node_modules\\express\\lib\\router\\layer.js:95:5)\n    at next (C:\\Users\\david\\Desktop\\codepassdb\\node_modules\\express\\lib\\router\\route.js:149:13)\n    at Route.dispatch (C:\\Users\\david\\Desktop\\codepassdb\\node_modules\\express\\lib\\router\\route.js:119:3)\n    at Layer.handle [as handle_request] (C:\\Users\\david\\Desktop\\codepassdb\\node_modules\\express\\lib\\router\\layer.js:95:5)\n    at C:\\Users\\david\\Desktop\\codepassdb\\node_modules\\express\\lib\\router\\index.js:284:15\n    at Function.process_params (C:\\Users\\david\\Desktop\\codepassdb\\node_modules\\express\\lib\\router\\index.js:346:12)\n    at next (C:\\Users\\david\\Desktop\\codepassdb\\node_modules\\express\\lib\\router\\index.js:280:10)\n    at Function.handle (C:\\Users\\david\\Desktop\\codepassdb\\node_modules\\express\\lib\\router\\index.js:175:3)","timestamp":"2024-06-13T16:04:54.288Z"}
error: Error during SIGNUP operation: The username must be alphanumeric. {"details":"Error: The username must be alphanumeric.\n    at User.signup (C:\\Users\\david\\Desktop\\codepassdb\\src\\backend\\models\\users.js:23:15)\n    at C:\\Users\\david\\Desktop\\codepassdb\\src\\backend\\routes\\auth.js:16:16\n    at Layer.handle [as handle_request] (C:\\Users\\david\\Desktop\\codepassdb\\node_modules\\express\\lib\\router\\layer.js:95:5)\n    at next (C:\\Users\\david\\Desktop\\codepassdb\\node_modules\\express\\lib\\router\\route.js:149:13)\n    at Route.dispatch (C:\\Users\\david\\Desktop\\codepassdb\\node_modules\\express\\lib\\router\\route.js:119:3)\n    at Layer.handle [as handle_request] (C:\\Users\\david\\Desktop\\codepassdb\\node_modules\\express\\lib\\router\\layer.js:95:5)\n    at C:\\Users\\david\\Desktop\\codepassdb\\node_modules\\express\\lib\\router\\index.js:284:15\n    at Function.process_params (C:\\Users\\david\\Desktop\\codepassdb\\node_modules\\express\\lib\\router\\index.js:346:12)\n    at next (C:\\Users\\david\\Desktop\\codepassdb\\node_modules\\express\\lib\\router\\index.js:280:10)\n    at Function.handle (C:\\Users\\david\\Desktop\\codepassdb\\node_modules\\express\\lib\\router\\index.js:175:3)","timestamp":"2024-06-13T16:43:37.108Z"}
error: Error during SIGNUP operation: The username must be alphanumeric. {"details":"Error: The username must be alphanumeric.\n    at User.signup (C:\\Users\\david\\Desktop\\codepassdb\\src\\backend\\models\\users.js:23:15)\n    at C:\\Users\\david\\Desktop\\codepassdb\\src\\backend\\routes\\auth.js:16:16\n    at Layer.handle [as handle_request] (C:\\Users\\david\\Desktop\\codepassdb\\node_modules\\express\\lib\\router\\layer.js:95:5)\n    at next (C:\\Users\\david\\Desktop\\codepassdb\\node_modules\\express\\lib\\router\\route.js:149:13)\n    at Route.dispatch (C:\\Users\\david\\Desktop\\codepassdb\\node_modules\\express\\lib\\router\\route.js:119:3)\n    at Layer.handle [as handle_request] (C:\\Users\\david\\Desktop\\codepassdb\\node_modules\\express\\lib\\router\\layer.js:95:5)\n    at C:\\Users\\david\\Desktop\\codepassdb\\node_modules\\express\\lib\\router\\index.js:284:15\n    at Function.process_params (C:\\Users\\david\\Desktop\\codepassdb\\node_modules\\express\\lib\\router\\index.js:346:12)\n    at next (C:\\Users\\david\\Desktop\\codepassdb\\node_modules\\express\\lib\\router\\index.js:280:10)\n    at Function.handle (C:\\Users\\david\\Desktop\\codepassdb\\node_modules\\express\\lib\\router\\index.js:175:3)","timestamp":"2024-06-13T16:43:41.024Z"}
error: Error during SIGNUP operation: The phone number is not valid. {"details":"Error: The phone number is not valid.\n    at User.signup (C:\\Users\\david\\Desktop\\codepassdb\\src\\backend\\models\\users.js:29:15)\n    at C:\\Users\\david\\Desktop\\codepassdb\\src\\backend\\routes\\auth.js:16:16\n    at Layer.handle [as handle_request] (C:\\Users\\david\\Desktop\\codepassdb\\node_modules\\express\\lib\\router\\layer.js:95:5)\n    at next (C:\\Users\\david\\Desktop\\codepassdb\\node_modules\\express\\lib\\router\\route.js:149:13)\n    at Route.dispatch (C:\\Users\\david\\Desktop\\codepassdb\\node_modules\\express\\lib\\router\\route.js:119:3)\n    at Layer.handle [as handle_request] (C:\\Users\\david\\Desktop\\codepassdb\\node_modules\\express\\lib\\router\\layer.js:95:5)\n    at C:\\Users\\david\\Desktop\\codepassdb\\node_modules\\express\\lib\\router\\index.js:284:15\n    at Function.process_params (C:\\Users\\david\\Desktop\\codepassdb\\node_modules\\express\\lib\\router\\index.js:346:12)\n    at next (C:\\Users\\david\\Desktop\\codepassdb\\node_modules\\express\\lib\\router\\index.js:280:10)\n    at Function.handle (C:\\Users\\david\\Desktop\\codepassdb\\node_modules\\express\\lib\\router\\index.js:175:3)","timestamp":"2024-06-13T16:51:28.194Z"}
error: Error during FINDCREDENTIALS operation: Incorrect password {"details":"Error: Incorrect password\n    at #findCredentials (C:\\Users\\david\\Desktop\\codepassdb\\src\\backend\\models\\users.js:231:15)\n    at async User.login (C:\\Users\\david\\Desktop\\codepassdb\\src\\backend\\models\\users.js:70:7)\n    at async C:\\Users\\david\\Desktop\\codepassdb\\src\\backend\\routes\\auth.js:27:5","timestamp":"2024-06-13T16:53:22.365Z"}
error: Error during LOGIN operation: Incorrect password {"details":"Error: Incorrect password\n    at #findCredentials (C:\\Users\\david\\Desktop\\codepassdb\\src\\backend\\models\\users.js:231:15)\n    at async User.login (C:\\Users\\david\\Desktop\\codepassdb\\src\\backend\\models\\users.js:70:7)\n    at async C:\\Users\\david\\Desktop\\codepassdb\\src\\backend\\routes\\auth.js:27:5","timestamp":"2024-06-13T16:53:22.367Z"}
error: Error during FINDCREDENTIALS operation: Incorrect password {"details":"Error: Incorrect password\n    at #findCredentials (C:\\Users\\david\\Desktop\\codepassdb\\src\\backend\\models\\users.js:231:15)\n    at async User.login (C:\\Users\\david\\Desktop\\codepassdb\\src\\backend\\models\\users.js:70:7)\n    at async C:\\Users\\david\\Desktop\\codepassdb\\src\\backend\\routes\\auth.js:27:5","timestamp":"2024-06-13T16:56:07.627Z"}
error: Error during LOGIN operation: Incorrect password {"details":"Error: Incorrect password\n    at #findCredentials (C:\\Users\\david\\Desktop\\codepassdb\\src\\backend\\models\\users.js:231:15)\n    at async User.login (C:\\Users\\david\\Desktop\\codepassdb\\src\\backend\\models\\users.js:70:7)\n    at async C:\\Users\\david\\Desktop\\codepassdb\\src\\backend\\routes\\auth.js:27:5","timestamp":"2024-06-13T16:56:07.628Z"}
error: Error executing query: Table 'codepass.user' doesn't exist {"details":"Error: Table 'codepass.user' doesn't exist\n    at PromisePool.query (C:\\Users\\david\\Desktop\\codepassdb\\node_modules\\mysql2\\promise.js:356:22)\n    at #query (C:\\Users\\david\\Desktop\\codepassdb\\src\\backend\\models\\database.js:55:41)\n    at Database.read (C:\\Users\\david\\Desktop\\codepassdb\\src\\backend\\models\\database.js:86:31)\n    at User.signup (C:\\Users\\david\\Desktop\\codepassdb\\src\\backend\\models\\users.js:29:39)\n    at Object.<anonymous> (C:\\Users\\david\\Desktop\\codepassdb\\src\\backend\\app.js:5:5)\n    at Module._compile (node:internal/modules/cjs/loader:1480:14)\n    at Module._extensions..js (node:internal/modules/cjs/loader:1564:10)\n    at Module.load (node:internal/modules/cjs/loader:1287:32)\n    at Module._load (node:internal/modules/cjs/loader:1103:12)\n    at Function.executeUserEntryPoint [as runMain] (node:internal/modules/run_main:168:12)","timestamp":"2024-06-13T19:26:23.837Z"}
error: Error executing query: Duplicate entry 'mariorossi' for key 'users.username' {"details":"Error: Duplicate entry 'mariorossi' for key 'users.username'\n    at PromisePool.query (C:\\Users\\david\\Desktop\\codepassdb\\node_modules\\mysql2\\promise.js:356:22)\n    at #query (C:\\Users\\david\\Desktop\\codepassdb\\src\\backend\\models\\database.js:55:41)\n    at Database.create (C:\\Users\\david\\Desktop\\codepassdb\\src\\backend\\models\\database.js:73:31)\n    at User.signup (C:\\Users\\david\\Desktop\\codepassdb\\src\\backend\\models\\users.js:44:45)","timestamp":"2024-06-13T19:26:34.542Z"}
error: Error executing query: Duplicate entry 'mariorossi@gmail.com' for key 'users.email' {"details":"Error: Duplicate entry 'mariorossi@gmail.com' for key 'users.email'\n    at PromisePool.query (C:\\Users\\david\\Desktop\\codepassdb\\node_modules\\mysql2\\promise.js:356:22)\n    at #query (C:\\Users\\david\\Desktop\\codepassdb\\src\\backend\\models\\database.js:55:41)\n    at Database.create (C:\\Users\\david\\Desktop\\codepassdb\\src\\backend\\models\\database.js:73:31)\n    at User.signup (C:\\Users\\david\\Desktop\\codepassdb\\src\\backend\\models\\users.js:44:45)","timestamp":"2024-06-13T19:26:42.851Z"}
error: Error during SIGNUP operation: This email address is already in use. {"details":"Error: This email address is already in use.\n    at User.signup (C:\\Users\\david\\Desktop\\codepassdb\\src\\backend\\models\\users.js:32:15)\n    at process.processTicksAndRejections (node:internal/process/task_queues:95:5)","timestamp":"2024-06-13T19:28:55.016Z"}
error: Error executing query: Table 'codepass.user_credentials' doesn't exist {"details":"Error: Table 'codepass.user_credentials' doesn't exist\n    at PromisePool.query (C:\\Users\\david\\Desktop\\codepassdb\\node_modules\\mysql2\\promise.js:356:22)\n    at #query (C:\\Users\\david\\Desktop\\codepassdb\\src\\backend\\models\\database.js:55:41)\n    at Database.read (C:\\Users\\david\\Desktop\\codepassdb\\src\\backend\\models\\database.js:86:31)\n    at #findCredentials (C:\\Users\\david\\Desktop\\codepassdb\\src\\backend\\models\\users.js:213:44)\n    at User.login (C:\\Users\\david\\Desktop\\codepassdb\\src\\backend\\models\\users.js:62:34)\n    at process.processTicksAndRejections (node:internal/process/task_queues:95:5)","timestamp":"2024-06-14T10:06:20.521Z"}
error: Error executing query: Field 'expires_at' doesn't have a default value {"details":"Error: Field 'expires_at' doesn't have a default value\n    at PromisePool.query (C:\\Users\\david\\Desktop\\codepassdb\\node_modules\\mysql2\\promise.js:356:22)\n    at #query (C:\\Users\\david\\Desktop\\codepassdb\\src\\backend\\models\\database.js:55:41)\n    at Database.create (C:\\Users\\david\\Desktop\\codepassdb\\src\\backend\\models\\database.js:73:31)\n    at User.login (C:\\Users\\david\\Desktop\\codepassdb\\src\\backend\\models\\users.js:79:24)\n    at process.processTicksAndRejections (node:internal/process/task_queues:95:5)","timestamp":"2024-06-14T10:07:05.753Z"}
error: Error executing query: Incorrect datetime value: '1718448482408' for column 'expires_at' at row 1 {"details":"Error: Incorrect datetime value: '1718448482408' for column 'expires_at' at row 1\n    at PromisePool.query (C:\\Users\\david\\Desktop\\codepassdb\\node_modules\\mysql2\\promise.js:356:22)\n    at #query (C:\\Users\\david\\Desktop\\codepassdb\\src\\backend\\models\\database.js:55:41)\n    at Database.create (C:\\Users\\david\\Desktop\\codepassdb\\src\\backend\\models\\database.js:73:31)\n    at User.login (C:\\Users\\david\\Desktop\\codepassdb\\src\\backend\\models\\users.js:81:24)\n    at process.processTicksAndRejections (node:internal/process/task_queues:95:5)","timestamp":"2024-06-14T10:48:02.409Z"}
error: Error during FIND_BY_USERNAME operation: User not found {"details":"Error: User not found\n    at #findByUsername (C:\\Users\\david\\Desktop\\codepassdb\\src\\backend\\models\\users.js:182:15)\n    at process.processTicksAndRejections (node:internal/process/task_queues:95:5)\n    at async User.login (C:\\Users\\david\\Desktop\\codepassdb\\src\\backend\\models\\users.js:61:37)","timestamp":"2024-06-14T11:42:11.899Z"}
error: Error during UPDATEUSER operation for username: currentUsername is not defined {"details":"ReferenceError: currentUsername is not defined\n    at User.updateUser (C:\\Users\\david\\Desktop\\codepassdb\\src\\backend\\models\\users.js:99:44)","timestamp":"2024-06-14T12:07:07.837Z"}
error: Error during UPDATEUSER operation for username: New param is the same as the current param {"details":"Error: New param is the same as the current param\n    at #validatenewValue (C:\\Users\\david\\Desktop\\codepassdb\\src\\backend\\models\\users.js:244:13)\n    at User.updateUser (C:\\Users\\david\\Desktop\\codepassdb\\src\\backend\\models\\users.js:99:33)","timestamp":"2024-06-14T12:07:34.856Z"}
error: Error during UPDATEUSER operation for password: currentPassword is not defined {"details":"ReferenceError: currentPassword is not defined\n    at User.updateUser (C:\\Users\\david\\Desktop\\codepassdb\\src\\backend\\models\\users.js:109:66)","timestamp":"2024-06-14T12:08:44.757Z"}
error: Error during REMOVEUSER operation: userCredentials is not defined {"details":"ReferenceError: userCredentials is not defined\n    at User.removeUser (C:\\Users\\david\\Desktop\\codepassdb\\src\\backend\\models\\users.js:163:19)","timestamp":"2024-06-14T12:15:47.995Z"}
error: Error executing query: Table 'codepass.session' doesn't exist {"details":"Error: Table 'codepass.session' doesn't exist\n    at PromisePool.query (C:\\Users\\david\\Desktop\\codepassdb\\node_modules\\mysql2\\promise.js:356:22)\n    at #query (C:\\Users\\david\\Desktop\\codepassdb\\src\\backend\\models\\database.js:55:41)\n    at Database.read (C:\\Users\\david\\Desktop\\codepassdb\\src\\backend\\models\\database.js:86:31)\n    at Vault.storePassword (C:\\Users\\david\\Desktop\\codepassdb\\src\\backend\\models\\vault.js:19:44)\n    at Object.<anonymous> (C:\\Users\\david\\Desktop\\codepassdb\\src\\backend\\app.js:13:7)\n    at Module._compile (node:internal/modules/cjs/loader:1480:14)\n    at Module._extensions..js (node:internal/modules/cjs/loader:1564:10)\n    at Module.load (node:internal/modules/cjs/loader:1287:32)\n    at Module._load (node:internal/modules/cjs/loader:1103:12)\n    at Function.executeUserEntryPoint [as runMain] (node:internal/modules/run_main:168:12)","timestamp":"2024-06-14T13:19:18.304Z"}
error: Error executing query: Column 'user_id' cannot be null {"details":"Error: Column 'user_id' cannot be null\n    at PromisePool.query (C:\\Users\\david\\Desktop\\codepassdb\\node_modules\\mysql2\\promise.js:356:22)\n    at #query (C:\\Users\\david\\Desktop\\codepassdb\\src\\backend\\models\\database.js:55:41)\n    at Database.create (C:\\Users\\david\\Desktop\\codepassdb\\src\\backend\\models\\database.js:73:31)\n    at Vault.storePassword (C:\\Users\\david\\Desktop\\codepassdb\\src\\backend\\models\\vault.js:32:40)\n    at process.processTicksAndRejections (node:internal/process/task_queues:95:5)","timestamp":"2024-06-14T13:19:32.129Z"}
error: Error executing query: Column 'user_id' cannot be null {"details":"Error: Column 'user_id' cannot be null\n    at PromisePool.query (C:\\Users\\david\\Desktop\\codepassdb\\node_modules\\mysql2\\promise.js:356:22)\n    at #query (C:\\Users\\david\\Desktop\\codepassdb\\src\\backend\\models\\database.js:55:41)\n    at Database.create (C:\\Users\\david\\Desktop\\codepassdb\\src\\backend\\models\\database.js:73:31)\n    at Vault.storePassword (C:\\Users\\david\\Desktop\\codepassdb\\src\\backend\\models\\vault.js:32:40)\n    at process.processTicksAndRejections (node:internal/process/task_queues:95:5)","timestamp":"2024-06-14T13:20:58.170Z"}
error: Error executing query: Column 'user_id' cannot be null {"details":"Error: Column 'user_id' cannot be null\n    at PromisePool.query (C:\\Users\\david\\Desktop\\codepassdb\\node_modules\\mysql2\\promise.js:356:22)\n    at #query (C:\\Users\\david\\Desktop\\codepassdb\\src\\backend\\models\\database.js:55:41)\n    at Database.create (C:\\Users\\david\\Desktop\\codepassdb\\src\\backend\\models\\database.js:73:31)\n    at Vault.storePassword (C:\\Users\\david\\Desktop\\codepassdb\\src\\backend\\models\\vault.js:32:40)\n    at process.processTicksAndRejections (node:internal/process/task_queues:95:5)","timestamp":"2024-06-14T13:21:24.730Z"}
error: Error executing query: Column 'user_id' cannot be null {"details":"Error: Column 'user_id' cannot be null\n    at PromisePool.query (C:\\Users\\david\\Desktop\\codepassdb\\node_modules\\mysql2\\promise.js:356:22)\n    at #query (C:\\Users\\david\\Desktop\\codepassdb\\src\\backend\\models\\database.js:55:41)\n    at Database.create (C:\\Users\\david\\Desktop\\codepassdb\\src\\backend\\models\\database.js:73:31)\n    at Vault.storePassword (C:\\Users\\david\\Desktop\\codepassdb\\src\\backend\\models\\vault.js:32:40)\n    at process.processTicksAndRejections (node:internal/process/task_queues:95:5)","timestamp":"2024-06-14T13:23:01.225Z"}
error: Error executing query: Column 'encrypted_password' cannot be null {"details":"Error: Column 'encrypted_password' cannot be null\n    at PromisePool.query (C:\\Users\\david\\Desktop\\codepassdb\\node_modules\\mysql2\\promise.js:356:22)\n    at #query (C:\\Users\\david\\Desktop\\codepassdb\\src\\backend\\models\\database.js:55:41)\n    at Database.create (C:\\Users\\david\\Desktop\\codepassdb\\src\\backend\\models\\database.js:73:31)\n    at Vault.storePassword (C:\\Users\\david\\Desktop\\codepassdb\\src\\backend\\models\\vault.js:32:40)\n    at process.processTicksAndRejections (node:internal/process/task_queues:95:5)","timestamp":"2024-06-14T13:23:54.388Z"}
error: Error executing query: Column 'encrypted_password' cannot be null {"details":"Error: Column 'encrypted_password' cannot be null\n    at PromisePool.query (C:\\Users\\david\\Desktop\\codepassdb\\node_modules\\mysql2\\promise.js:356:22)\n    at #query (C:\\Users\\david\\Desktop\\codepassdb\\src\\backend\\models\\database.js:55:41)\n    at Database.create (C:\\Users\\david\\Desktop\\codepassdb\\src\\backend\\models\\database.js:73:31)\n    at Vault.storePassword (C:\\Users\\david\\Desktop\\codepassdb\\src\\backend\\models\\vault.js:32:40)\n    at process.processTicksAndRejections (node:internal/process/task_queues:95:5)","timestamp":"2024-06-14T13:24:18.043Z"}
error: Error executing query: Column 'encrypted_password' cannot be null {"details":"Error: Column 'encrypted_password' cannot be null\n    at PromisePool.query (C:\\Users\\david\\Desktop\\codepassdb\\node_modules\\mysql2\\promise.js:356:22)\n    at #query (C:\\Users\\david\\Desktop\\codepassdb\\src\\backend\\models\\database.js:55:41)\n    at Database.create (C:\\Users\\david\\Desktop\\codepassdb\\src\\backend\\models\\database.js:73:31)\n    at Vault.storePassword (C:\\Users\\david\\Desktop\\codepassdb\\src\\backend\\models\\vault.js:32:40)\n    at process.processTicksAndRejections (node:internal/process/task_queues:95:5)","timestamp":"2024-06-14T13:24:25.365Z"}
error: Error executing query: Column 'encrypted_password' cannot be null {"details":"Error: Column 'encrypted_password' cannot be null\n    at PromisePool.query (C:\\Users\\david\\Desktop\\codepassdb\\node_modules\\mysql2\\promise.js:356:22)\n    at #query (C:\\Users\\david\\Desktop\\codepassdb\\src\\backend\\models\\database.js:55:41)\n    at Database.create (C:\\Users\\david\\Desktop\\codepassdb\\src\\backend\\models\\database.js:73:31)\n    at Vault.storePassword (C:\\Users\\david\\Desktop\\codepassdb\\src\\backend\\models\\vault.js:32:40)\n    at process.processTicksAndRejections (node:internal/process/task_queues:95:5)","timestamp":"2024-06-14T13:24:47.703Z"}
error: Error during SIGNUP operation: The email address is not valid. {"details":"Error: The email address is not valid.\n    at User.signup (C:\\Users\\david\\Desktop\\codepassdb\\src\\backend\\models\\users.js:19:15)\n    at C:\\Users\\david\\Desktop\\codepassdb\\src\\backend\\routes\\auth.js:13:16\n    at Layer.handle [as handle_request] (C:\\Users\\david\\Desktop\\codepassdb\\node_modules\\express\\lib\\router\\layer.js:95:5)\n    at next (C:\\Users\\david\\Desktop\\codepassdb\\node_modules\\express\\lib\\router\\route.js:149:13)\n    at Route.dispatch (C:\\Users\\david\\Desktop\\codepassdb\\node_modules\\express\\lib\\router\\route.js:119:3)\n    at Layer.handle [as handle_request] (C:\\Users\\david\\Desktop\\codepassdb\\node_modules\\express\\lib\\router\\layer.js:95:5)\n    at C:\\Users\\david\\Desktop\\codepassdb\\node_modules\\express\\lib\\router\\index.js:284:15\n    at Function.process_params (C:\\Users\\david\\Desktop\\codepassdb\\node_modules\\express\\lib\\router\\index.js:346:12)\n    at next (C:\\Users\\david\\Desktop\\codepassdb\\node_modules\\express\\lib\\router\\index.js:280:10)\n    at Function.handle (C:\\Users\\david\\Desktop\\codepassdb\\node_modules\\express\\lib\\router\\index.js:175:3)","timestamp":"2024-06-14T14:57:19.128Z"}
error: Error during SIGNUP operation: The email address is not valid. {"details":"Error: The email address is not valid.\n    at User.signup (C:\\Users\\david\\Desktop\\codepassdb\\src\\backend\\models\\users.js:19:15)\n    at C:\\Users\\david\\Desktop\\codepassdb\\src\\backend\\routes\\auth.js:13:16\n    at Layer.handle [as handle_request] (C:\\Users\\david\\Desktop\\codepassdb\\node_modules\\express\\lib\\router\\layer.js:95:5)\n    at next (C:\\Users\\david\\Desktop\\codepassdb\\node_modules\\express\\lib\\router\\route.js:149:13)\n    at Route.dispatch (C:\\Users\\david\\Desktop\\codepassdb\\node_modules\\express\\lib\\router\\route.js:119:3)\n    at Layer.handle [as handle_request] (C:\\Users\\david\\Desktop\\codepassdb\\node_modules\\express\\lib\\router\\layer.js:95:5)\n    at C:\\Users\\david\\Desktop\\codepassdb\\node_modules\\express\\lib\\router\\index.js:284:15\n    at Function.process_params (C:\\Users\\david\\Desktop\\codepassdb\\node_modules\\express\\lib\\router\\index.js:346:12)\n    at next (C:\\Users\\david\\Desktop\\codepassdb\\node_modules\\express\\lib\\router\\index.js:280:10)\n    at Function.handle (C:\\Users\\david\\Desktop\\codepassdb\\node_modules\\express\\lib\\router\\index.js:175:3)","timestamp":"2024-06-14T14:57:39.973Z"}
error: Error during SIGNUP operation: The email address is not valid. {"details":"Error: The email address is not valid.\n    at User.signup (C:\\Users\\david\\Desktop\\codepassdb\\src\\backend\\models\\users.js:19:15)\n    at C:\\Users\\david\\Desktop\\codepassdb\\src\\backend\\routes\\auth.js:13:16\n    at Layer.handle [as handle_request] (C:\\Users\\david\\Desktop\\codepassdb\\node_modules\\express\\lib\\router\\layer.js:95:5)\n    at next (C:\\Users\\david\\Desktop\\codepassdb\\node_modules\\express\\lib\\router\\route.js:149:13)\n    at Route.dispatch (C:\\Users\\david\\Desktop\\codepassdb\\node_modules\\express\\lib\\router\\route.js:119:3)\n    at Layer.handle [as handle_request] (C:\\Users\\david\\Desktop\\codepassdb\\node_modules\\express\\lib\\router\\layer.js:95:5)\n    at C:\\Users\\david\\Desktop\\codepassdb\\node_modules\\express\\lib\\router\\index.js:284:15\n    at Function.process_params (C:\\Users\\david\\Desktop\\codepassdb\\node_modules\\express\\lib\\router\\index.js:346:12)\n    at next (C:\\Users\\david\\Desktop\\codepassdb\\node_modules\\express\\lib\\router\\index.js:280:10)\n    at Function.handle (C:\\Users\\david\\Desktop\\codepassdb\\node_modules\\express\\lib\\router\\index.js:175:3)","timestamp":"2024-06-14T14:58:41.817Z"}
error: Error during SIGNUP operation: The email address is not valid. {"details":"Error: The email address is not valid.\n    at User.signup (C:\\Users\\david\\Desktop\\codepassdb\\src\\backend\\models\\users.js:19:15)\n    at C:\\Users\\david\\Desktop\\codepassdb\\src\\backend\\routes\\auth.js:13:16\n    at Layer.handle [as handle_request] (C:\\Users\\david\\Desktop\\codepassdb\\node_modules\\express\\lib\\router\\layer.js:95:5)\n    at next (C:\\Users\\david\\Desktop\\codepassdb\\node_modules\\express\\lib\\router\\route.js:149:13)\n    at Route.dispatch (C:\\Users\\david\\Desktop\\codepassdb\\node_modules\\express\\lib\\router\\route.js:119:3)\n    at Layer.handle [as handle_request] (C:\\Users\\david\\Desktop\\codepassdb\\node_modules\\express\\lib\\router\\layer.js:95:5)\n    at C:\\Users\\david\\Desktop\\codepassdb\\node_modules\\express\\lib\\router\\index.js:284:15\n    at Function.process_params (C:\\Users\\david\\Desktop\\codepassdb\\node_modules\\express\\lib\\router\\index.js:346:12)\n    at next (C:\\Users\\david\\Desktop\\codepassdb\\node_modules\\express\\lib\\router\\index.js:280:10)\n    at Function.handle (C:\\Users\\david\\Desktop\\codepassdb\\node_modules\\express\\lib\\router\\index.js:175:3)","timestamp":"2024-06-14T14:59:38.145Z"}
error: Error during SIGNUP operation: This email address is already in use. {"details":"Error: This email address is already in use.\n    at User.signup (C:\\Users\\david\\Desktop\\codepassdb\\src\\backend\\models\\users.js:31:15)\n    at process.processTicksAndRejections (node:internal/process/task_queues:95:5)\n    at async C:\\Users\\david\\Desktop\\codepassdb\\src\\backend\\routes\\auth.js:13:5","timestamp":"2024-06-14T16:10:42.758Z"}
error: Error during SIGNUP operation: This email address is already in use. {"details":"Error: This email address is already in use.\n    at User.signup (C:\\Users\\david\\Desktop\\codepassdb\\src\\backend\\models\\users.js:31:15)\n    at process.processTicksAndRejections (node:internal/process/task_queues:95:5)\n    at async C:\\Users\\david\\Desktop\\codepassdb\\src\\backend\\routes\\auth.js:13:5","timestamp":"2024-06-14T16:11:01.994Z"}
error: Error during SIGNUP operation: This email address is already in use. {"details":"Error: This email address is already in use.\n    at User.signup (C:\\Users\\david\\Desktop\\codepassdb\\src\\backend\\models\\users.js:31:15)\n    at process.processTicksAndRejections (node:internal/process/task_queues:95:5)\n    at async C:\\Users\\david\\Desktop\\codepassdb\\src\\backend\\routes\\auth.js:13:5","timestamp":"2024-06-14T16:11:05.803Z"}
error: Error during FIND_BY_USERNAME operation: User not found {"details":"Error: User not found\n    at #findByUsername (C:\\Users\\david\\Desktop\\codepassdb\\src\\backend\\models\\users.js:174:15)\n    at process.processTicksAndRejections (node:internal/process/task_queues:95:5)\n    at async User.login (C:\\Users\\david\\Desktop\\codepassdb\\src\\backend\\models\\users.js:60:20)\n    at async C:\\Users\\david\\Desktop\\codepassdb\\src\\backend\\routes\\auth.js:24:21","timestamp":"2024-06-14T16:45:55.703Z"}
error: Error during LOGIN operation: User not found {"details":"Error: User not found\n    at #findByUsername (C:\\Users\\david\\Desktop\\codepassdb\\src\\backend\\models\\users.js:174:15)\n    at process.processTicksAndRejections (node:internal/process/task_queues:95:5)\n    at async User.login (C:\\Users\\david\\Desktop\\codepassdb\\src\\backend\\models\\users.js:60:20)\n    at async C:\\Users\\david\\Desktop\\codepassdb\\src\\backend\\routes\\auth.js:24:21","timestamp":"2024-06-14T16:45:55.704Z"}
error: Error during FIND_BY_USERNAME operation: User not found {"details":"Error: User not found\n    at #findByUsername (C:\\Users\\david\\Desktop\\codepassdb\\src\\backend\\models\\users.js:174:15)\n    at process.processTicksAndRejections (node:internal/process/task_queues:95:5)\n    at async User.login (C:\\Users\\david\\Desktop\\codepassdb\\src\\backend\\models\\users.js:60:20)\n    at async C:\\Users\\david\\Desktop\\codepassdb\\src\\backend\\routes\\auth.js:24:21","timestamp":"2024-06-14T16:46:24.703Z"}
error: Error during LOGIN operation: User not found {"details":"Error: User not found\n    at #findByUsername (C:\\Users\\david\\Desktop\\codepassdb\\src\\backend\\models\\users.js:174:15)\n    at process.processTicksAndRejections (node:internal/process/task_queues:95:5)\n    at async User.login (C:\\Users\\david\\Desktop\\codepassdb\\src\\backend\\models\\users.js:60:20)\n    at async C:\\Users\\david\\Desktop\\codepassdb\\src\\backend\\routes\\auth.js:24:21","timestamp":"2024-06-14T16:46:24.704Z"}
error: Error during FIND_BY_USERNAME operation: User not found {"details":"Error: User not found\n    at #findByUsername (C:\\Users\\david\\Desktop\\codepassdb\\src\\backend\\models\\users.js:172:15)\n    at process.processTicksAndRejections (node:internal/process/task_queues:95:5)\n    at async User.login (C:\\Users\\david\\Desktop\\codepassdb\\src\\backend\\models\\users.js:60:20)\n    at async C:\\Users\\david\\Desktop\\codepassdb\\src\\backend\\routes\\auth.js:24:21","timestamp":"2024-06-14T16:47:28.578Z"}
error: Error during LOGIN operation: User not found {"details":"Error: User not found\n    at #findByUsername (C:\\Users\\david\\Desktop\\codepassdb\\src\\backend\\models\\users.js:172:15)\n    at process.processTicksAndRejections (node:internal/process/task_queues:95:5)\n    at async User.login (C:\\Users\\david\\Desktop\\codepassdb\\src\\backend\\models\\users.js:60:20)\n    at async C:\\Users\\david\\Desktop\\codepassdb\\src\\backend\\routes\\auth.js:24:21","timestamp":"2024-06-14T16:47:28.580Z"}
error: Error during FIND_BY_USERNAME operation: User not found {"details":"Error: User not found\n    at #findByUsername (C:\\Users\\david\\Desktop\\codepassdb\\src\\backend\\models\\users.js:172:15)\n    at process.processTicksAndRejections (node:internal/process/task_queues:95:5)\n    at async User.login (C:\\Users\\david\\Desktop\\codepassdb\\src\\backend\\models\\users.js:60:20)","timestamp":"2024-06-14T16:48:32.979Z"}
error: Error during LOGIN operation: password_hash is not defined {"details":"ReferenceError: password_hash is not defined\n    at User.login (C:\\Users\\david\\Desktop\\codepassdb\\src\\backend\\models\\users.js:62:65)\n    at process.processTicksAndRejections (node:internal/process/task_queues:95:5)\n    at async C:\\Users\\david\\Desktop\\codepassdb\\src\\backend\\routes\\auth.js:24:21","timestamp":"2024-06-14T16:50:34.077Z"}
error: Error executing query: Unknown column 'expires_at' in 'field list' {"details":"Error: Unknown column 'expires_at' in 'field list'\n    at PromisePool.query (C:\\Users\\david\\Desktop\\codepassdb\\node_modules\\mysql2\\promise.js:356:22)\n    at #query (C:\\Users\\david\\Desktop\\codepassdb\\src\\backend\\models\\database.js:55:41)\n    at Database.create (C:\\Users\\david\\Desktop\\codepassdb\\src\\backend\\models\\database.js:72:31)\n    at User.login (C:\\Users\\david\\Desktop\\codepassdb\\src\\backend\\models\\users.js:76:24)\n    at process.processTicksAndRejections (node:internal/process/task_queues:95:5)\n    at async C:\\Users\\david\\Desktop\\codepassdb\\src\\backend\\routes\\auth.js:24:21","timestamp":"2024-06-14T16:54:52.290Z"}
error: Error executing INSERT query: Unknown column 'expires_at' in 'field list' {"details":"Error: Unknown column 'expires_at' in 'field list'\n    at PromisePool.query (C:\\Users\\david\\Desktop\\codepassdb\\node_modules\\mysql2\\promise.js:356:22)\n    at #query (C:\\Users\\david\\Desktop\\codepassdb\\src\\backend\\models\\database.js:55:41)\n    at Database.create (C:\\Users\\david\\Desktop\\codepassdb\\src\\backend\\models\\database.js:72:31)\n    at User.login (C:\\Users\\david\\Desktop\\codepassdb\\src\\backend\\models\\users.js:76:24)\n    at process.processTicksAndRejections (node:internal/process/task_queues:95:5)\n    at async C:\\Users\\david\\Desktop\\codepassdb\\src\\backend\\routes\\auth.js:24:21","timestamp":"2024-06-14T16:54:52.292Z"}
error: Error during LOGIN operation: Unknown column 'expires_at' in 'field list' {"details":"Error: Unknown column 'expires_at' in 'field list'\n    at PromisePool.query (C:\\Users\\david\\Desktop\\codepassdb\\node_modules\\mysql2\\promise.js:356:22)\n    at #query (C:\\Users\\david\\Desktop\\codepassdb\\src\\backend\\models\\database.js:55:41)\n    at Database.create (C:\\Users\\david\\Desktop\\codepassdb\\src\\backend\\models\\database.js:72:31)\n    at User.login (C:\\Users\\david\\Desktop\\codepassdb\\src\\backend\\models\\users.js:76:24)\n    at process.processTicksAndRejections (node:internal/process/task_queues:95:5)\n    at async C:\\Users\\david\\Desktop\\codepassdb\\src\\backend\\routes\\auth.js:24:21","timestamp":"2024-06-14T16:54:52.292Z"}
error: Error during LOGIN operation: Password does not match {"details":"Error: Password does not match\n    at User.login (C:\\Users\\david\\Desktop\\codepassdb\\src\\backend\\models\\users.js:82:15)\n    at async C:\\Users\\david\\Desktop\\codepassdb\\src\\backend\\routes\\auth.js:24:23","timestamp":"2024-06-14T17:39:29.579Z"}
error: Error during LOGIN operation: Password does not match {"details":"Error: Password does not match\n    at User.login (C:\\Users\\david\\Desktop\\codepassdb\\src\\backend\\models\\users.js:82:15)\n    at async C:\\Users\\david\\Desktop\\codepassdb\\src\\backend\\routes\\auth.js:24:23","timestamp":"2024-06-14T17:40:01.228Z"}
error: Error during LOGIN operation: Password does not match {"details":"Error: Password does not match\n    at User.login (C:\\Users\\david\\Desktop\\codepassdb\\src\\backend\\models\\users.js:82:15)\n    at async C:\\Users\\david\\Desktop\\codepassdb\\src\\backend\\routes\\auth.js:24:23","timestamp":"2024-06-14T17:40:11.681Z"}
error: Error during FIND_BY_USERNAME operation: User not found {"details":"Error: User not found\n    at #findByUsername (C:\\Users\\david\\Desktop\\codepassdb\\src\\backend\\models\\users.js:172:15)\n    at process.processTicksAndRejections (node:internal/process/task_queues:95:5)\n    at async User.login (C:\\Users\\david\\Desktop\\codepassdb\\src\\backend\\models\\users.js:60:20)\n    at async C:\\Users\\david\\Desktop\\codepassdb\\src\\backend\\routes\\auth.js:24:23","timestamp":"2024-06-14T18:03:17.317Z"}
error: Error during LOGIN operation: User not found {"details":"Error: User not found\n    at #findByUsername (C:\\Users\\david\\Desktop\\codepassdb\\src\\backend\\models\\users.js:172:15)\n    at process.processTicksAndRejections (node:internal/process/task_queues:95:5)\n    at async User.login (C:\\Users\\david\\Desktop\\codepassdb\\src\\backend\\models\\users.js:60:20)\n    at async C:\\Users\\david\\Desktop\\codepassdb\\src\\backend\\routes\\auth.js:24:23","timestamp":"2024-06-14T18:03:17.319Z"}
error: Error during FIND_BY_USERNAME operation: User not found {"details":"Error: User not found\n    at #findByUsername (C:\\Users\\david\\Desktop\\codepassdb\\src\\backend\\models\\users.js:171:15)\n    at process.processTicksAndRejections (node:internal/process/task_queues:95:5)\n    at async User.login (C:\\Users\\david\\Desktop\\codepassdb\\src\\backend\\models\\users.js:60:20)\n    at async C:\\Users\\david\\Desktop\\codepassdb\\src\\backend\\routes\\auth.js:24:23","timestamp":"2024-06-14T19:19:18.490Z"}
error: Error during LOGIN operation: User not found {"details":"Error: User not found\n    at #findByUsername (C:\\Users\\david\\Desktop\\codepassdb\\src\\backend\\models\\users.js:171:15)\n    at process.processTicksAndRejections (node:internal/process/task_queues:95:5)\n    at async User.login (C:\\Users\\david\\Desktop\\codepassdb\\src\\backend\\models\\users.js:60:20)\n    at async C:\\Users\\david\\Desktop\\codepassdb\\src\\backend\\routes\\auth.js:24:23","timestamp":"2024-06-14T19:19:18.492Z"}
error: Error during FIND_BY_USERNAME operation: User not found {"details":"Error: User not found\n    at #findByUsername (C:\\Users\\david\\Desktop\\codepassdb\\src\\backend\\models\\users.js:171:15)\n    at process.processTicksAndRejections (node:internal/process/task_queues:95:5)\n    at async User.login (C:\\Users\\david\\Desktop\\codepassdb\\src\\backend\\models\\users.js:60:20)\n    at async C:\\Users\\david\\Desktop\\codepassdb\\src\\backend\\routes\\auth.js:24:23","timestamp":"2024-06-14T19:19:39.654Z"}
error: Error during LOGIN operation: User not found {"details":"Error: User not found\n    at #findByUsername (C:\\Users\\david\\Desktop\\codepassdb\\src\\backend\\models\\users.js:171:15)\n    at process.processTicksAndRejections (node:internal/process/task_queues:95:5)\n    at async User.login (C:\\Users\\david\\Desktop\\codepassdb\\src\\backend\\models\\users.js:60:20)\n    at async C:\\Users\\david\\Desktop\\codepassdb\\src\\backend\\routes\\auth.js:24:23","timestamp":"2024-06-14T19:19:39.655Z"}
error: Error during SIGNUP operation: The email address is not valid. {"details":"Error: The email address is not valid.\n    at User.signup (C:\\Users\\david\\Desktop\\codepassdb\\src\\backend\\models\\users.js:19:15)\n    at C:\\Users\\david\\Desktop\\codepassdb\\src\\backend\\routes\\auth.js:16:18\n    at Layer.handle [as handle_request] (C:\\Users\\david\\Desktop\\codepassdb\\node_modules\\express\\lib\\router\\layer.js:95:5)\n    at next (C:\\Users\\david\\Desktop\\codepassdb\\node_modules\\express\\lib\\router\\route.js:149:13)\n    at middleware (C:\\Users\\david\\Desktop\\codepassdb\\node_modules\\express-validator\\lib\\middlewares\\check.js:16:13)\n    at process.processTicksAndRejections (node:internal/process/task_queues:95:5)","timestamp":"2024-06-15T10:30:58.893Z"}
error: Error during SIGNUP operation: The email address is not valid. {"details":"Error: The email address is not valid.\n    at User.signup (C:\\Users\\david\\Desktop\\codepassdb\\src\\backend\\models\\users.js:19:15)\n    at C:\\Users\\david\\Desktop\\codepassdb\\src\\backend\\routes\\auth.js:13:16\n    at Layer.handle [as handle_request] (C:\\Users\\david\\Desktop\\codepassdb\\node_modules\\express\\lib\\router\\layer.js:95:5)\n    at next (C:\\Users\\david\\Desktop\\codepassdb\\node_modules\\express\\lib\\router\\route.js:149:13)\n    at Route.dispatch (C:\\Users\\david\\Desktop\\codepassdb\\node_modules\\express\\lib\\router\\route.js:119:3)\n    at Layer.handle [as handle_request] (C:\\Users\\david\\Desktop\\codepassdb\\node_modules\\express\\lib\\router\\layer.js:95:5)\n    at C:\\Users\\david\\Desktop\\codepassdb\\node_modules\\express\\lib\\router\\index.js:284:15\n    at Function.process_params (C:\\Users\\david\\Desktop\\codepassdb\\node_modules\\express\\lib\\router\\index.js:346:12)\n    at next (C:\\Users\\david\\Desktop\\codepassdb\\node_modules\\express\\lib\\router\\index.js:280:10)\n    at Function.handle (C:\\Users\\david\\Desktop\\codepassdb\\node_modules\\express\\lib\\router\\index.js:175:3)","timestamp":"2024-06-15T10:33:52.488Z"}
error: Error executing query: Table 'codepass.sessions' doesn't exist {"details":"Error: Table 'codepass.sessions' doesn't exist\n    at PromisePool.query (C:\\Users\\david\\Desktop\\codepassdb\\node_modules\\mysql2\\promise.js:356:22)\n    at #query (C:\\Users\\david\\Desktop\\codepassdb\\src\\backend\\models\\database.js:55:41)\n    at Database.read (C:\\Users\\david\\Desktop\\codepassdb\\src\\backend\\models\\database.js:85:31)\n    at Vault.storeItem (C:\\Users\\david\\Desktop\\codepassdb\\src\\backend\\models\\vault.js:17:44)\n    at C:\\Users\\david\\Desktop\\codepassdb\\src\\backend\\routes\\auth.js:47:14\n    at Layer.handle [as handle_request] (C:\\Users\\david\\Desktop\\codepassdb\\node_modules\\express\\lib\\router\\layer.js:95:5)\n    at next (C:\\Users\\david\\Desktop\\codepassdb\\node_modules\\express\\lib\\router\\route.js:149:13)\n    at Route.dispatch (C:\\Users\\david\\Desktop\\codepassdb\\node_modules\\express\\lib\\router\\route.js:119:3)\n    at Layer.handle [as handle_request] (C:\\Users\\david\\Desktop\\codepassdb\\node_modules\\express\\lib\\router\\layer.js:95:5)\n    at C:\\Users\\david\\Desktop\\codepassdb\\node_modules\\express\\lib\\router\\index.js:284:15","timestamp":"2024-06-15T10:43:39.008Z"}
error: Error executing query: Duplicate entry '1-testCookie' for key 'vault.user_id' {"details":"Error: Duplicate entry '1-testCookie' for key 'vault.user_id'\n    at PromisePool.query (C:\\Users\\david\\Desktop\\codepassdb\\node_modules\\mysql2\\promise.js:356:22)\n    at #query (C:\\Users\\david\\Desktop\\codepassdb\\src\\backend\\models\\database.js:55:41)\n    at Database.create (C:\\Users\\david\\Desktop\\codepassdb\\src\\backend\\models\\database.js:72:31)\n    at Vault.storeItem (C:\\Users\\david\\Desktop\\codepassdb\\src\\backend\\models\\vault.js:27:40)\n    at C:\\Users\\david\\Desktop\\codepassdb\\src\\backend\\routes\\auth.js:47:14\n    at Layer.handle [as handle_request] (C:\\Users\\david\\Desktop\\codepassdb\\node_modules\\express\\lib\\router\\layer.js:95:5)\n    at next (C:\\Users\\david\\Desktop\\codepassdb\\node_modules\\express\\lib\\router\\route.js:149:13)\n    at Route.dispatch (C:\\Users\\david\\Desktop\\codepassdb\\node_modules\\express\\lib\\router\\route.js:119:3)\n    at Layer.handle [as handle_request] (C:\\Users\\david\\Desktop\\codepassdb\\node_modules\\express\\lib\\router\\layer.js:95:5)\n    at C:\\Users\\david\\Desktop\\codepassdb\\node_modules\\express\\lib\\router\\index.js:284:15","timestamp":"2024-06-15T10:44:59.600Z"}
error: Error during LOGIN MASTER operation: Incorrect password {"details":"Error: Incorrect password\n    at #matchPassword (C:\\Users\\david\\Desktop\\codepassdb\\src\\backend\\models\\users.js:212:13)\n    at async User.loginMaster (C:\\Users\\david\\Desktop\\codepassdb\\src\\backend\\models\\users.js:73:27)","timestamp":"2024-06-15T12:01:36.273Z"}
error: Error during LOGIN MASTER operation: Incorrect master {"details":"Error: Incorrect master\n    at User.loginMaster (C:\\Users\\david\\Desktop\\codepassdb\\src\\backend\\models\\users.js:76:15)","timestamp":"2024-06-15T12:01:47.357Z"}
error: Error during LOGIN MASTER operation: Incorrect password {"details":"Error: Incorrect password\n    at #matchPassword (C:\\Users\\david\\Desktop\\codepassdb\\src\\backend\\models\\users.js:212:13)\n    at async User.loginMaster (C:\\Users\\david\\Desktop\\codepassdb\\src\\backend\\models\\users.js:73:27)","timestamp":"2024-06-15T12:01:55.832Z"}
error: Error during LOGIN MASTER operation: Incorrect password {"details":"Error: Incorrect password\n    at #matchPassword (C:\\Users\\david\\Desktop\\codepassdb\\src\\backend\\models\\users.js:212:13)\n    at async User.loginMaster (C:\\Users\\david\\Desktop\\codepassdb\\src\\backend\\models\\users.js:73:27)","timestamp":"2024-06-15T12:02:01.584Z"}
error: Error during LOGIN MASTER operation: Incorrect master {"details":"Error: Incorrect master\n    at User.loginMaster (C:\\Users\\david\\Desktop\\codepassdb\\src\\backend\\models\\users.js:76:15)","timestamp":"2024-06-15T12:02:24.373Z"}
error: Error during LOGIN MASTER operation: Incorrect master {"details":"Error: Incorrect master\n    at User.loginMaster (C:\\Users\\david\\Desktop\\codepassdb\\src\\backend\\models\\users.js:76:15)","timestamp":"2024-06-15T12:02:41.052Z"}
error: Error during LOGIN MASTER operation: Incorrect password {"details":"Error: Incorrect password\n    at #matchPassword (C:\\Users\\david\\Desktop\\codepassdb\\src\\backend\\models\\users.js:212:13)\n    at async User.loginMaster (C:\\Users\\david\\Desktop\\codepassdb\\src\\backend\\models\\users.js:73:27)","timestamp":"2024-06-15T12:02:51.841Z"}
error: Error during LOGIN MASTER operation: Incorrect master {"details":"Error: Incorrect master\n    at User.loginMaster (C:\\Users\\david\\Desktop\\codepassdb\\src\\backend\\models\\users.js:76:15)","timestamp":"2024-06-15T12:03:13.399Z"}
error: Error during SIGNUP operation: This email address is already in use. {"details":"Error: This email address is already in use.\n    at User.signup (C:\\Users\\david\\Desktop\\codepassdb\\src\\backend\\models\\users.js:31:15)\n    at process.processTicksAndRejections (node:internal/process/task_queues:95:5)","timestamp":"2024-06-15T12:04:16.891Z"}
error: Error during LOGIN MASTER operation: Incorrect master {"details":"Error: Incorrect master\n    at User.loginMaster (C:\\Users\\david\\Desktop\\codepassdb\\src\\backend\\models\\users.js:76:15)","timestamp":"2024-06-15T12:04:41.384Z"}
error: Error during LOGIN MASTER operation: Incorrect master {"details":"Error: Incorrect master\n    at User.loginMaster (C:\\Users\\david\\Desktop\\codepassdb\\src\\backend\\models\\users.js:76:15)","timestamp":"2024-06-15T12:04:51.672Z"}
error: Error during LOGIN MASTER operation: data and hash arguments required {"details":"Error: data and hash arguments required\n    at Object.compare (C:\\Users\\david\\Desktop\\codepassdb\\node_modules\\bcrypt\\bcrypt.js:208:17)\n    at C:\\Users\\david\\Desktop\\codepassdb\\node_modules\\bcrypt\\promises.js:29:12\n    at new Promise (<anonymous>)\n    at module.exports.promise (C:\\Users\\david\\Desktop\\codepassdb\\node_modules\\bcrypt\\promises.js:20:12)\n    at Object.compare (C:\\Users\\david\\Desktop\\codepassdb\\node_modules\\bcrypt\\bcrypt.js:204:25)\n    at #matchPassword (C:\\Users\\david\\Desktop\\codepassdb\\src\\backend\\models\\users.js:205:40)\n    at User.loginMaster (C:\\Users\\david\\Desktop\\codepassdb\\src\\backend\\models\\users.js:73:52)\n    at process.processTicksAndRejections (node:internal/process/task_queues:95:5)\n    at async C:\\Users\\david\\Desktop\\codepassdb\\src\\backend\\routes\\auth.js:59:18","timestamp":"2024-06-15T13:26:26.816Z"}
error: Error during LOGIN USERNAME PASSWORD operation: Incorrect password {"details":"Error: Incorrect password\n    at #matchPassword (C:\\Users\\david\\Desktop\\codepassdb\\src\\backend\\models\\users.js:208:13)\n    at async User.loginUsernamePassword (C:\\Users\\david\\Desktop\\codepassdb\\src\\backend\\models\\users.js:61:7)\n    at async C:\\Users\\david\\Desktop\\codepassdb\\src\\backend\\routes\\auth.js:61:18","timestamp":"2024-06-15T13:49:56.426Z"}
error: Error during LOGIN USERNAME PASSWORD operation: Incorrect password {"details":"Error: Incorrect password\n    at #matchPassword (C:\\Users\\david\\Desktop\\codepassdb\\src\\backend\\models\\users.js:208:13)\n    at async User.loginUsernamePassword (C:\\Users\\david\\Desktop\\codepassdb\\src\\backend\\models\\users.js:61:7)\n    at async C:\\Users\\david\\Desktop\\codepassdb\\src\\backend\\routes\\auth.js:61:18","timestamp":"2024-06-15T16:12:35.407Z"}
error: Error during SIGNUP operation: This email address is already in use. {"details":"Error: This email address is already in use.\n    at User.signup (C:\\Users\\david\\Desktop\\codepassdb\\src\\backend\\models\\users.js:31:15)\n    at process.processTicksAndRejections (node:internal/process/task_queues:95:5)\n    at async C:\\Users\\david\\Desktop\\codepassdb\\src\\backend\\routes\\auth.js:41:24","timestamp":"2024-06-16T12:18:44.553Z"}
error: Error during SIGNUP operation: This email address is already in use. {"details":"Error: This email address is already in use.\n    at User.signup (C:\\Users\\david\\Desktop\\codepassdb\\src\\backend\\models\\users.js:31:15)\n    at process.processTicksAndRejections (node:internal/process/task_queues:95:5)\n    at async C:\\Users\\david\\Desktop\\codepassdb\\src\\backend\\routes\\auth.js:37:24","timestamp":"2024-06-16T12:40:51.789Z"}
error: Error executing query: Duplicate entry 'cookie' for key 'users.username' {"details":"Error: Duplicate entry 'cookie' for key 'users.username'\n    at PromisePool.query (C:\\Users\\david\\Desktop\\codepassdb\\node_modules\\mysql2\\promise.js:356:22)\n    at #query (C:\\Users\\david\\Desktop\\codepassdb\\src\\backend\\models\\database.js:55:41)\n    at Database.create (C:\\Users\\david\\Desktop\\codepassdb\\src\\backend\\models\\database.js:72:31)\n    at User.signup (C:\\Users\\david\\Desktop\\codepassdb\\src\\backend\\models\\users.js:44:45)\n    at async C:\\Users\\david\\Desktop\\codepassdb\\src\\backend\\routes\\auth.js:37:24","timestamp":"2024-06-16T12:41:02.373Z"}
error: Error executing INSERT query: Duplicate entry 'cookie' for key 'users.username' {"details":"Error: Duplicate entry 'cookie' for key 'users.username'\n    at PromisePool.query (C:\\Users\\david\\Desktop\\codepassdb\\node_modules\\mysql2\\promise.js:356:22)\n    at #query (C:\\Users\\david\\Desktop\\codepassdb\\src\\backend\\models\\database.js:55:41)\n    at Database.create (C:\\Users\\david\\Desktop\\codepassdb\\src\\backend\\models\\database.js:72:31)\n    at User.signup (C:\\Users\\david\\Desktop\\codepassdb\\src\\backend\\models\\users.js:44:45)\n    at async C:\\Users\\david\\Desktop\\codepassdb\\src\\backend\\routes\\auth.js:37:24","timestamp":"2024-06-16T12:41:02.374Z"}
error: Error during SIGNUP operation: Duplicate entry 'cookie' for key 'users.username' {"details":"Error: Duplicate entry 'cookie' for key 'users.username'\n    at PromisePool.query (C:\\Users\\david\\Desktop\\codepassdb\\node_modules\\mysql2\\promise.js:356:22)\n    at #query (C:\\Users\\david\\Desktop\\codepassdb\\src\\backend\\models\\database.js:55:41)\n    at Database.create (C:\\Users\\david\\Desktop\\codepassdb\\src\\backend\\models\\database.js:72:31)\n    at User.signup (C:\\Users\\david\\Desktop\\codepassdb\\src\\backend\\models\\users.js:44:45)\n    at async C:\\Users\\david\\Desktop\\codepassdb\\src\\backend\\routes\\auth.js:37:24","timestamp":"2024-06-16T12:41:02.374Z"}
error: Error during SIGNUP operation: The password does not meet complexity requirements. {"details":"Error: The password does not meet complexity requirements.\n    at User.signup (C:\\Users\\david\\Desktop\\codepassdb\\src\\backend\\models\\users.js:22:15)\n    at C:\\Users\\david\\Desktop\\codepassdb\\src\\backend\\routes\\auth.js:37:35\n    at Layer.handle [as handle_request] (C:\\Users\\david\\Desktop\\codepassdb\\node_modules\\express\\lib\\router\\layer.js:95:5)\n    at next (C:\\Users\\david\\Desktop\\codepassdb\\node_modules\\express\\lib\\router\\route.js:149:13)\n    at validateSignup (C:\\Users\\david\\Desktop\\codepassdb\\src\\backend\\routes\\auth.js:29:5)\n    at Layer.handle [as handle_request] (C:\\Users\\david\\Desktop\\codepassdb\\node_modules\\express\\lib\\router\\layer.js:95:5)\n    at next (C:\\Users\\david\\Desktop\\codepassdb\\node_modules\\express\\lib\\router\\route.js:149:13)\n    at middleware (C:\\Users\\david\\Desktop\\codepassdb\\node_modules\\express-validator\\lib\\middlewares\\check.js:16:13)\n    at process.processTicksAndRejections (node:internal/process/task_queues:95:5)","timestamp":"2024-06-16T12:53:52.708Z"}
error: Error during SIGNUP operation: This email address is already in use. {"details":"Error: This email address is already in use.\n    at User.signup (C:\\Users\\david\\Desktop\\codepassdb\\src\\backend\\models\\users.js:31:15)\n    at process.processTicksAndRejections (node:internal/process/task_queues:95:5)\n    at async C:\\Users\\david\\Desktop\\codepassdb\\src\\backend\\routes\\auth.js:37:24","timestamp":"2024-06-17T06:57:15.233Z"}
error: Error during rollback: No active connection to rollback. {"details":"Error: No active connection to rollback.\n    at Database.rollback (C:\\Users\\david\\Desktop\\codepassdb\\src\\backend\\models\\database.js:78:15)\n    at User.signup (C:\\Users\\david\\Desktop\\codepassdb\\src\\backend\\models\\users.js:59:24)\n    at process.processTicksAndRejections (node:internal/process/task_queues:95:5)\n    at async C:\\Users\\david\\Desktop\\codepassdb\\src\\backend\\routes\\auth.js:37:24","timestamp":"2024-06-17T08:38:18.975Z"}
error: Error during rollback: No active connection to rollback. {"details":"Error: No active connection to rollback.\n    at Database.rollback (C:\\Users\\david\\Desktop\\codepassdb\\src\\backend\\models\\database.js:78:15)\n    at User.signup (C:\\Users\\david\\Desktop\\codepassdb\\src\\backend\\models\\users.js:60:24)\n    at process.processTicksAndRejections (node:internal/process/task_queues:95:5)\n    at async C:\\Users\\david\\Desktop\\codepassdb\\src\\backend\\routes\\auth.js:37:24","timestamp":"2024-06-17T08:40:05.394Z"}
error: Error during rollback: No active connection to rollback. {"details":"Error: No active connection to rollback.\n    at Database.rollback (C:\\Users\\david\\Desktop\\codepassdb\\src\\backend\\models\\database.js:78:15)\n    at User.signup (C:\\Users\\david\\Desktop\\codepassdb\\src\\backend\\models\\users.js:59:24)\n    at process.processTicksAndRejections (node:internal/process/task_queues:95:5)\n    at async C:\\Users\\david\\Desktop\\codepassdb\\src\\backend\\routes\\auth.js:37:24","timestamp":"2024-06-17T08:40:43.411Z"}
error: Error during rollback: No active connection to rollback. {"details":"Error: No active connection to rollback.\n    at Database.rollback (C:\\Users\\david\\Desktop\\codepassdb\\src\\backend\\models\\database.js:78:15)\n    at User.signup (C:\\Users\\david\\Desktop\\codepassdb\\src\\backend\\models\\users.js:59:24)\n    at process.processTicksAndRejections (node:internal/process/task_queues:95:5)\n    at async C:\\Users\\david\\Desktop\\codepassdb\\src\\backend\\routes\\auth.js:37:24","timestamp":"2024-06-17T08:42:45.936Z"}
error: Error during rollback: No active connection to rollback. {"details":"Error: No active connection to rollback.\n    at Database.rollback (C:\\Users\\david\\Desktop\\codepassdb\\src\\backend\\models\\database.js:78:15)\n    at User.signup (C:\\Users\\david\\Desktop\\codepassdb\\src\\backend\\models\\users.js:59:24)\n    at process.processTicksAndRejections (node:internal/process/task_queues:95:5)\n    at async C:\\Users\\david\\Desktop\\codepassdb\\src\\backend\\routes\\auth.js:37:24","timestamp":"2024-06-17T08:45:23.058Z"}
error: Error during rollback: No active connection to rollback. {"details":"Error: No active connection to rollback.\n    at Database.rollback (C:\\Users\\david\\Desktop\\codepassdb\\src\\backend\\models\\database.js:78:15)\n    at User.signup (C:\\Users\\david\\Desktop\\codepassdb\\src\\backend\\models\\users.js:59:24)\n    at process.processTicksAndRejections (node:internal/process/task_queues:95:5)\n    at async C:\\Users\\david\\Desktop\\codepassdb\\src\\backend\\routes\\auth.js:37:24","timestamp":"2024-06-17T08:46:06.477Z"}
error: Error during rollback: No active connection to rollback. {"details":"Error: No active connection to rollback.\n    at Database.rollback (C:\\Users\\david\\Desktop\\codepassdb\\src\\backend\\models\\database.js:78:15)\n    at User.signup (C:\\Users\\david\\Desktop\\codepassdb\\src\\backend\\models\\users.js:59:24)\n    at process.processTicksAndRejections (node:internal/process/task_queues:95:5)\n    at async C:\\Users\\david\\Desktop\\codepassdb\\src\\backend\\routes\\auth.js:37:24","timestamp":"2024-06-17T08:48:18.621Z"}
error: Error during SIGNUP operation: This email address is already in use. {"details":"Error: This email address is already in use.\n    at User.signup (C:\\Users\\david\\Desktop\\codepassdb\\src\\backend\\models\\users.js:31:15)\n    at process.processTicksAndRejections (node:internal/process/task_queues:95:5)\n    at async C:\\Users\\david\\Desktop\\codepassdb\\src\\backend\\routes\\auth.js:37:24","timestamp":"2024-06-17T08:49:05.215Z"}
error: Error during SIGNUP operation: This email address is already in use. {"details":"Error: This email address is already in use.\n    at User.signup (C:\\Users\\david\\Desktop\\codepassdb\\src\\backend\\models\\users.js:31:15)\n    at process.processTicksAndRejections (node:internal/process/task_queues:95:5)\n    at async C:\\Users\\david\\Desktop\\codepassdb\\src\\backend\\routes\\auth.js:37:24","timestamp":"2024-06-17T08:50:10.498Z"}
error: Error during SIGNUP operation: This email address is already in use. {"details":"Error: This email address is already in use.\n    at User.signup (C:\\Users\\david\\Desktop\\codepassdb\\src\\backend\\models\\users.js:31:15)\n    at process.processTicksAndRejections (node:internal/process/task_queues:95:5)\n    at async C:\\Users\\david\\Desktop\\codepassdb\\src\\backend\\routes\\auth.js:37:24","timestamp":"2024-06-17T08:52:20.577Z"}
error: Error during SIGNUP operation: This email address is already in use. {"details":"Error: This email address is already in use.\n    at User.signup (C:\\Users\\david\\Desktop\\codepassdb\\src\\backend\\models\\users.js:31:15)\n    at process.processTicksAndRejections (node:internal/process/task_queues:95:5)\n    at async C:\\Users\\david\\Desktop\\codepassdb\\src\\backend\\routes\\auth.js:37:24","timestamp":"2024-06-17T08:52:44.748Z"}
error: Error during SIGNUP operation: This email address is already in use. {"details":"Error: This email address is already in use.\n    at User.signup (C:\\Users\\david\\Desktop\\codepassdb\\src\\backend\\models\\users.js:31:15)\n    at process.processTicksAndRejections (node:internal/process/task_queues:95:5)\n    at async C:\\Users\\david\\Desktop\\codepassdb\\src\\backend\\routes\\auth.js:37:24","timestamp":"2024-06-17T08:53:35.822Z"}
error: Error during SIGNUP operation: This email address is already in use. {"details":"Error: This email address is already in use.\n    at User.signup (C:\\Users\\david\\Desktop\\codepassdb\\src\\backend\\models\\users.js:31:15)\n    at process.processTicksAndRejections (node:internal/process/task_queues:95:5)\n    at async C:\\Users\\david\\Desktop\\codepassdb\\src\\backend\\routes\\auth.js:37:24","timestamp":"2024-06-17T08:54:03.452Z"}
error: Error during SIGNUP operation: This email address is already in use. {"details":"Error: This email address is already in use.\n    at User.signup (C:\\Users\\david\\Desktop\\codepassdb\\src\\backend\\models\\users.js:31:15)\n    at process.processTicksAndRejections (node:internal/process/task_queues:95:5)\n    at async C:\\Users\\david\\Desktop\\codepassdb\\src\\backend\\routes\\auth.js:37:24","timestamp":"2024-06-17T08:55:50.912Z"}
error: Error during SIGNUP operation: This email address is already in use. {"details":"Error: This email address is already in use.\n    at User.signup (C:\\Users\\david\\Desktop\\codepassdb\\src\\backend\\models\\users.js:31:15)\n    at process.processTicksAndRejections (node:internal/process/task_queues:95:5)\n    at async C:\\Users\\david\\Desktop\\codepassdb\\src\\backend\\routes\\auth.js:37:24","timestamp":"2024-06-17T08:58:46.238Z"}
error: Error during SIGNUP operation: This email address is already in use. {"details":"Error: This email address is already in use.\n    at User.signup (C:\\Users\\david\\Desktop\\codepassdb\\src\\backend\\models\\users.js:31:15)\n    at process.processTicksAndRejections (node:internal/process/task_queues:95:5)\n    at async C:\\Users\\david\\Desktop\\codepassdb\\src\\backend\\routes\\auth.js:37:24","timestamp":"2024-06-17T12:32:50.624Z"}
error: Error during SIGNUP operation: This email address is already in use. {"details":"Error: This email address is already in use.\n    at User.signup (C:\\Users\\david\\Desktop\\codepassdb\\src\\backend\\models\\users.js:31:15)\n    at process.processTicksAndRejections (node:internal/process/task_queues:95:5)\n    at async C:\\Users\\david\\Desktop\\codepassdb\\src\\backend\\routes\\auth.js:37:24","timestamp":"2024-06-17T12:34:19.595Z"}
error: Error during SIGNUP operation: This email address is already in use. {"details":"Error: This email address is already in use.\n    at User.signup (C:\\Users\\david\\Desktop\\codepassdb\\src\\backend\\models\\users.js:31:15)\n    at process.processTicksAndRejections (node:internal/process/task_queues:95:5)\n    at async C:\\Users\\david\\Desktop\\codepassdb\\src\\backend\\routes\\auth.js:37:24","timestamp":"2024-06-17T12:38:10.905Z"}
error: Error during SIGNUP operation: This email address is already in use. {"details":"Error: This email address is already in use.\n    at User.signup (C:\\Users\\david\\Desktop\\codepassdb\\src\\backend\\models\\users.js:31:15)\n    at process.processTicksAndRejections (node:internal/process/task_queues:95:5)\n    at async C:\\Users\\david\\Desktop\\codepassdb\\src\\backend\\routes\\auth.js:37:24","timestamp":"2024-06-17T12:39:26.568Z"}
error: Error during SIGNUP operation: This email address is already in use. {"details":"Error: This email address is already in use.\n    at User.signup (C:\\Users\\david\\Desktop\\codepassdb\\src\\backend\\models\\users.js:31:15)\n    at process.processTicksAndRejections (node:internal/process/task_queues:95:5)\n    at async C:\\Users\\david\\Desktop\\codepassdb\\src\\backend\\routes\\auth.js:37:24","timestamp":"2024-06-17T12:39:48.698Z"}
error: Error during SIGNUP operation: This email address is already in use. {"details":"Error: This email address is already in use.\n    at User.signup (C:\\Users\\david\\Desktop\\codepassdb\\src\\backend\\models\\users.js:31:15)\n    at process.processTicksAndRejections (node:internal/process/task_queues:95:5)\n    at async C:\\Users\\david\\Desktop\\codepassdb\\src\\backend\\routes\\auth.js:37:24","timestamp":"2024-06-17T12:40:23.017Z"}
error: Error during SIGNUP operation: This email address is already in use. {"details":"Error: This email address is already in use.\n    at User.signup (C:\\Users\\david\\Desktop\\codepassdb\\src\\backend\\models\\users.js:31:15)\n    at process.processTicksAndRejections (node:internal/process/task_queues:95:5)\n    at async C:\\Users\\david\\Desktop\\codepassdb\\src\\backend\\routes\\auth.js:37:24","timestamp":"2024-06-17T12:41:38.533Z"}
error: Error during SIGNUP operation: This username is already in use. {"details":"Error: This username is already in use.\n    at User.signup (C:\\Users\\david\\Desktop\\codepassdb\\src\\backend\\models\\users.js:32:15)\n    at process.processTicksAndRejections (node:internal/process/task_queues:95:5)\n    at async C:\\Users\\david\\Desktop\\codepassdb\\src\\backend\\routes\\auth.js:37:24","timestamp":"2024-06-17T12:47:07.696Z"}
error: Error during SIGNUP operation: This username is already in use. {"details":"Error: This username is already in use.\n    at User.signup (C:\\Users\\david\\Desktop\\codepassdb\\src\\backend\\models\\users.js:32:15)\n    at process.processTicksAndRejections (node:internal/process/task_queues:95:5)\n    at async C:\\Users\\david\\Desktop\\codepassdb\\src\\backend\\routes\\auth.js:37:24","timestamp":"2024-06-17T12:47:29.162Z"}
error: Error during SIGNUP operation: This username is already in use. {"details":"Error: This username is already in use.\n    at User.signup (C:\\Users\\david\\Desktop\\codepassdb\\src\\backend\\models\\users.js:32:15)\n    at process.processTicksAndRejections (node:internal/process/task_queues:95:5)\n    at async C:\\Users\\david\\Desktop\\codepassdb\\src\\backend\\routes\\auth.js:37:24","timestamp":"2024-06-17T12:47:39.348Z"}
error: Error during SIGNUP operation: This username is already in use. {"details":"Error: This username is already in use.\n    at User.signup (C:\\Users\\david\\Desktop\\codepassdb\\src\\backend\\models\\users.js:32:15)\n    at process.processTicksAndRejections (node:internal/process/task_queues:95:5)\n    at async C:\\Users\\david\\Desktop\\codepassdb\\src\\backend\\routes\\auth.js:37:24","timestamp":"2024-06-17T12:49:12.013Z"}
error: Error during SIGNUP operation: This username is already in use. {"details":"Error: This username is already in use.\n    at User.signup (C:\\Users\\david\\Desktop\\codepassdb\\src\\backend\\models\\users.js:32:15)\n    at process.processTicksAndRejections (node:internal/process/task_queues:95:5)\n    at async C:\\Users\\david\\Desktop\\codepassdb\\src\\backend\\routes\\auth.js:37:24","timestamp":"2024-06-17T12:49:26.547Z"}
error: Error during SIGNUP operation: Cannot read properties of undefined (reading 'push') {"details":"TypeError: Cannot read properties of undefined (reading 'push')\n    at User.signup (C:\\Users\\david\\Desktop\\codepassdb\\src\\backend\\models\\users.js:38:20)\n    at process.processTicksAndRejections (node:internal/process/task_queues:95:5)\n    at async C:\\Users\\david\\Desktop\\codepassdb\\src\\backend\\routes\\auth.js:37:24","timestamp":"2024-06-17T15:05:01.335Z"}
error: Error during SIGNUP operation: Cannot read properties of undefined (reading 'length') {"details":"TypeError: Cannot read properties of undefined (reading 'length')\n    at User.signup (C:\\Users\\david\\Desktop\\codepassdb\\src\\backend\\models\\users.js:48:22)\n    at process.processTicksAndRejections (node:internal/process/task_queues:95:5)\n    at async C:\\Users\\david\\Desktop\\codepassdb\\src\\backend\\routes\\auth.js:37:24","timestamp":"2024-06-17T15:05:30.493Z"}
error: Error during SIGNUP operation: This username is already in use., This email address is already in use. {"details":"Error: This username is already in use., This email address is already in use.\n    at User.signup (C:\\Users\\david\\Desktop\\codepassdb\\src\\backend\\models\\users.js:50:15)\n    at process.processTicksAndRejections (node:internal/process/task_queues:95:5)\n    at async C:\\Users\\david\\Desktop\\codepassdb\\src\\backend\\routes\\auth.js:37:24","timestamp":"2024-06-17T15:05:46.488Z"}
error: Error during SIGNUP operation: This username is already in use., This email address is already in use. {"details":"Error: This username is already in use., This email address is already in use.\n    at User.signup (C:\\Users\\david\\Desktop\\codepassdb\\src\\backend\\models\\users.js:50:15)\n    at process.processTicksAndRejections (node:internal/process/task_queues:95:5)\n    at async C:\\Users\\david\\Desktop\\codepassdb\\src\\backend\\routes\\auth.js:37:24","timestamp":"2024-06-17T15:10:27.970Z"}
error: Error during SIGNUP operation: This username is already in use., This email address is already in use. {"details":"Error: This username is already in use., This email address is already in use.\n    at User.signup (C:\\Users\\david\\Desktop\\codepassdb\\src\\backend\\models\\users.js:50:15)\n    at process.processTicksAndRejections (node:internal/process/task_queues:95:5)\n    at async C:\\Users\\david\\Desktop\\codepassdb\\src\\backend\\routes\\auth.js:37:24","timestamp":"2024-06-17T15:12:47.117Z"}
error: Error during SIGNUP operation: This username is already in use., This email address is already in use. {"details":"Error: This username is already in use., This email address is already in use.\n    at User.signup (C:\\Users\\david\\Desktop\\codepassdb\\src\\backend\\models\\users.js:50:15)\n    at process.processTicksAndRejections (node:internal/process/task_queues:95:5)\n    at async C:\\Users\\david\\Desktop\\codepassdb\\src\\backend\\routes\\auth.js:37:24","timestamp":"2024-06-17T15:13:40.069Z"}
error: Error during SIGNUP operation: The password does not meet complexity requirements., The master password does not meet complexity requirements., This username is already in use., This email address is already in use. {"details":"Error: The password does not meet complexity requirements., The master password does not meet complexity requirements., This username is already in use., This email address is already in use.\n    at User.signup (C:\\Users\\david\\Desktop\\codepassdb\\src\\backend\\models\\users.js:50:15)\n    at process.processTicksAndRejections (node:internal/process/task_queues:95:5)\n    at async C:\\Users\\david\\Desktop\\codepassdb\\src\\backend\\routes\\auth.js:37:24","timestamp":"2024-06-17T15:14:33.894Z"}
error: Error during SIGNUP operation: The password does not meet complexity requirements., The master password does not meet complexity requirements., This username is already in use., This email address is already in use. {"details":"Error: The password does not meet complexity requirements., The master password does not meet complexity requirements., This username is already in use., This email address is already in use.\n    at User.signup (C:\\Users\\david\\Desktop\\codepassdb\\src\\backend\\models\\users.js:50:15)\n    at process.processTicksAndRejections (node:internal/process/task_queues:95:5)\n    at async C:\\Users\\david\\Desktop\\codepassdb\\src\\backend\\routes\\auth.js:37:24","timestamp":"2024-06-17T15:16:08.251Z"}
error: Error during SIGNUP operation: The password does not meet complexity requirements., The master password does not meet complexity requirements., This username is already in use., This email address is already in use. {"details":"Error: The password does not meet complexity requirements., The master password does not meet complexity requirements., This username is already in use., This email address is already in use.\n    at User.signup (C:\\Users\\david\\Desktop\\codepassdb\\src\\backend\\models\\users.js:50:15)\n    at process.processTicksAndRejections (node:internal/process/task_queues:95:5)\n    at async C:\\Users\\david\\Desktop\\codepassdb\\src\\backend\\routes\\auth.js:37:24","timestamp":"2024-06-17T15:20:11.872Z"}
error: Error during SIGNUP operation: The password does not meet complexity requirements., The master password does not meet complexity requirements., This username is already in use., This email address is already in use. {"details":"Error: The password does not meet complexity requirements., The master password does not meet complexity requirements., This username is already in use., This email address is already in use.\n    at User.signup (C:\\Users\\david\\Desktop\\codepassdb\\src\\backend\\models\\users.js:50:15)\n    at process.processTicksAndRejections (node:internal/process/task_queues:95:5)\n    at async C:\\Users\\david\\Desktop\\codepassdb\\src\\backend\\routes\\auth.js:37:24","timestamp":"2024-06-17T15:20:20.874Z"}
error: Error during SIGNUP operation: The password does not meet complexity requirements., The master password does not meet complexity requirements., This username is already in use., This email address is already in use. {"details":"Error: The password does not meet complexity requirements., The master password does not meet complexity requirements., This username is already in use., This email address is already in use.\n    at User.signup (C:\\Users\\david\\Desktop\\codepassdb\\src\\backend\\models\\users.js:50:15)\n    at process.processTicksAndRejections (node:internal/process/task_queues:95:5)\n    at async C:\\Users\\david\\Desktop\\codepassdb\\src\\backend\\routes\\auth.js:37:24","timestamp":"2024-06-17T15:23:42.583Z"}
error: Error during SIGNUP operation: The password does not meet complexity requirements., The master password does not meet complexity requirements., This username is already in use., This email address is already in use. {"details":"Error: The password does not meet complexity requirements., The master password does not meet complexity requirements., This username is already in use., This email address is already in use.\n    at User.signup (C:\\Users\\david\\Desktop\\codepassdb\\src\\backend\\models\\users.js:50:15)\n    at process.processTicksAndRejections (node:internal/process/task_queues:95:5)\n    at async C:\\Users\\david\\Desktop\\codepassdb\\src\\backend\\routes\\auth.js:37:24","timestamp":"2024-06-17T15:28:23.026Z"}
error: Error during SIGNUP operation: The password does not meet complexity requirements., The master password does not meet complexity requirements., This username is already in use., This email address is already in use. {"details":"Error: The password does not meet complexity requirements., The master password does not meet complexity requirements., This username is already in use., This email address is already in use.\n    at User.signup (C:\\Users\\david\\Desktop\\codepassdb\\src\\backend\\models\\users.js:50:15)\n    at process.processTicksAndRejections (node:internal/process/task_queues:95:5)\n    at async C:\\Users\\david\\Desktop\\codepassdb\\src\\backend\\routes\\auth.js:37:24","timestamp":"2024-06-17T15:28:32.439Z"}
error: Error during SIGNUP operation: The password does not meet complexity requirements., The master password does not meet complexity requirements., This username is already in use., This email address is already in use. {"details":"Error: The password does not meet complexity requirements., The master password does not meet complexity requirements., This username is already in use., This email address is already in use.\n    at User.signup (C:\\Users\\david\\Desktop\\codepassdb\\src\\backend\\models\\users.js:50:15)\n    at process.processTicksAndRejections (node:internal/process/task_queues:95:5)\n    at async C:\\Users\\david\\Desktop\\codepassdb\\src\\backend\\routes\\auth.js:37:24","timestamp":"2024-06-17T15:28:36.440Z"}
error: Error during SIGNUP operation: The password does not meet complexity requirements., The master password does not meet complexity requirements., This username is already in use., This email address is already in use. {"details":"Error: The password does not meet complexity requirements., The master password does not meet complexity requirements., This username is already in use., This email address is already in use.\n    at User.signup (C:\\Users\\david\\Desktop\\codepassdb\\src\\backend\\models\\users.js:50:15)\n    at process.processTicksAndRejections (node:internal/process/task_queues:95:5)\n    at async C:\\Users\\david\\Desktop\\codepassdb\\src\\backend\\routes\\auth.js:37:24","timestamp":"2024-06-17T15:33:30.297Z"}
error: Error during SIGNUP operation: The password does not meet complexity requirements., The master password does not meet complexity requirements., This username is already in use., This email address is already in use. {"details":"Error: The password does not meet complexity requirements., The master password does not meet complexity requirements., This username is already in use., This email address is already in use.\n    at User.signup (C:\\Users\\david\\Desktop\\codepassdb\\src\\backend\\models\\users.js:50:15)\n    at process.processTicksAndRejections (node:internal/process/task_queues:95:5)\n    at async C:\\Users\\david\\Desktop\\codepassdb\\src\\backend\\routes\\auth.js:37:24","timestamp":"2024-06-17T15:34:00.689Z"}
error: Error during SIGNUP operation: The password does not meet complexity requirements., The master password does not meet complexity requirements. {"details":"Error: The password does not meet complexity requirements., The master password does not meet complexity requirements.\n    at User.signup (C:\\Users\\david\\Desktop\\codepassdb\\src\\backend\\models\\users.js:50:15)\n    at process.processTicksAndRejections (node:internal/process/task_queues:95:5)\n    at async C:\\Users\\david\\Desktop\\codepassdb\\src\\backend\\routes\\auth.js:37:24","timestamp":"2024-06-17T15:35:43.004Z"}
error: Error during FIND_BY_USERNAME operation: User not found {"details":"Error: User not found\n    at #findByUsername (C:\\Users\\david\\Desktop\\codepassdb\\src\\backend\\models\\users.js:208:15)\n    at process.processTicksAndRejections (node:internal/process/task_queues:95:5)\n    at async User.loginUsernamePassword (C:\\Users\\david\\Desktop\\codepassdb\\src\\backend\\models\\users.js:83:20)\n    at async C:\\Users\\david\\Desktop\\codepassdb\\src\\backend\\routes\\auth.js:36:18","timestamp":"2024-06-17T16:10:33.814Z"}
error: Error during LOGIN USERNAME PASSWORD operation: User not found {"details":"Error: User not found\n    at #findByUsername (C:\\Users\\david\\Desktop\\codepassdb\\src\\backend\\models\\users.js:208:15)\n    at process.processTicksAndRejections (node:internal/process/task_queues:95:5)\n    at async User.loginUsernamePassword (C:\\Users\\david\\Desktop\\codepassdb\\src\\backend\\models\\users.js:83:20)\n    at async C:\\Users\\david\\Desktop\\codepassdb\\src\\backend\\routes\\auth.js:36:18","timestamp":"2024-06-17T16:10:33.816Z"}
error: Error during LOGIN USERNAME PASSWORD operation: Incorrect password {"details":"Error: Incorrect password\n    at #matchPassword (C:\\Users\\david\\Desktop\\codepassdb\\src\\backend\\models\\users.js:246:13)\n    at async User.loginUsernamePassword (C:\\Users\\david\\Desktop\\codepassdb\\src\\backend\\models\\users.js:84:7)\n    at async C:\\Users\\david\\Desktop\\codepassdb\\src\\backend\\routes\\auth.js:36:18","timestamp":"2024-06-17T16:10:54.524Z"}
error: Error during LOGIN MASTER operation: Incorrect password {"details":"Error: Incorrect password\n    at #matchPassword (C:\\Users\\david\\Desktop\\codepassdb\\src\\backend\\models\\users.js:246:13)\n    at async User.loginMaster (C:\\Users\\david\\Desktop\\codepassdb\\src\\backend\\models\\users.js:95:7)\n    at async C:\\Users\\david\\Desktop\\codepassdb\\src\\backend\\routes\\auth.js:34:18","timestamp":"2024-06-17T16:35:09.711Z"}
error: Error during LOGIN MASTER operation: Incorrect password {"details":"Error: Incorrect password\n    at #matchPassword (C:\\Users\\david\\Desktop\\codepassdb\\src\\backend\\models\\users.js:246:13)\n    at async User.loginMaster (C:\\Users\\david\\Desktop\\codepassdb\\src\\backend\\models\\users.js:95:7)\n    at async C:\\Users\\david\\Desktop\\codepassdb\\src\\backend\\routes\\auth.js:34:18","timestamp":"2024-06-17T16:35:20.449Z"}
error: Error during LOGIN MASTER operation: Incorrect password {"details":"Error: Incorrect password\n    at #matchPassword (C:\\Users\\david\\Desktop\\codepassdb\\src\\backend\\models\\users.js:246:13)\n    at async User.loginMaster (C:\\Users\\david\\Desktop\\codepassdb\\src\\backend\\models\\users.js:95:7)\n    at async C:\\Users\\david\\Desktop\\codepassdb\\src\\backend\\routes\\auth.js:34:18","timestamp":"2024-06-17T16:35:32.388Z"}
error: Error during FIND_BY_MASTER operation: Credentials not found {"details":"Error: Credentials not found\n    at #findByMaster (C:\\Users\\david\\Desktop\\codepassdb\\src\\backend\\models\\users.js:231:15)\n    at process.processTicksAndRejections (node:internal/process/task_queues:95:5)\n    at async User.loginMaster (C:\\Users\\david\\Desktop\\codepassdb\\src\\backend\\models\\users.js:94:27)\n    at async C:\\Users\\david\\Desktop\\codepassdb\\src\\backend\\routes\\auth.js:34:18","timestamp":"2024-06-17T16:41:34.398Z"}
error: Error during LOGIN MASTER operation: Credentials not found {"details":"Error: Credentials not found\n    at #findByMaster (C:\\Users\\david\\Desktop\\codepassdb\\src\\backend\\models\\users.js:231:15)\n    at process.processTicksAndRejections (node:internal/process/task_queues:95:5)\n    at async User.loginMaster (C:\\Users\\david\\Desktop\\codepassdb\\src\\backend\\models\\users.js:94:27)\n    at async C:\\Users\\david\\Desktop\\codepassdb\\src\\backend\\routes\\auth.js:34:18","timestamp":"2024-06-17T16:41:34.401Z"}
error: Error during FIND_BY_USERNAME operation: User not found {"details":"Error: User not found\n    at #findByUsername (C:\\Users\\david\\Desktop\\codepassdb\\src\\backend\\models\\users.js:208:15)\n    at process.processTicksAndRejections (node:internal/process/task_queues:95:5)\n    at async User.loginUsernamePassword (C:\\Users\\david\\Desktop\\codepassdb\\src\\backend\\models\\users.js:83:20)\n    at async C:\\Users\\david\\Desktop\\codepassdb\\src\\backend\\routes\\auth.js:36:18","timestamp":"2024-06-17T16:42:06.694Z"}
error: Error during LOGIN USERNAME PASSWORD operation: User not found {"details":"Error: User not found\n    at #findByUsername (C:\\Users\\david\\Desktop\\codepassdb\\src\\backend\\models\\users.js:208:15)\n    at process.processTicksAndRejections (node:internal/process/task_queues:95:5)\n    at async User.loginUsernamePassword (C:\\Users\\david\\Desktop\\codepassdb\\src\\backend\\models\\users.js:83:20)\n    at async C:\\Users\\david\\Desktop\\codepassdb\\src\\backend\\routes\\auth.js:36:18","timestamp":"2024-06-17T16:42:06.694Z"}
error: Error during LOGIN USERNAME PASSWORD operation: Incorrect password {"details":"Error: Incorrect password\n    at #matchPassword (C:\\Users\\david\\Desktop\\codepassdb\\src\\backend\\models\\users.js:246:13)\n    at async User.loginUsernamePassword (C:\\Users\\david\\Desktop\\codepassdb\\src\\backend\\models\\users.js:84:7)\n    at async C:\\Users\\david\\Desktop\\codepassdb\\src\\backend\\routes\\auth.js:36:18","timestamp":"2024-06-17T16:43:25.382Z"}
error: Error during LOGIN USERNAME PASSWORD operation: Incorrect password {"details":"Error: Incorrect password\n    at #matchPassword (C:\\Users\\david\\Desktop\\codepassdb\\src\\backend\\models\\users.js:246:13)\n    at async User.loginUsernamePassword (C:\\Users\\david\\Desktop\\codepassdb\\src\\backend\\models\\users.js:84:7)\n    at async C:\\Users\\david\\Desktop\\codepassdb\\src\\backend\\routes\\auth.js:36:18","timestamp":"2024-06-17T16:43:35.476Z"}
error: Error during LOGIN USERNAME PASSWORD operation: Incorrect password {"details":"Error: Incorrect password\n    at #matchPassword (C:\\Users\\david\\Desktop\\codepassdb\\src\\backend\\models\\users.js:246:13)\n    at async User.loginUsernamePassword (C:\\Users\\david\\Desktop\\codepassdb\\src\\backend\\models\\users.js:84:7)\n    at async C:\\Users\\david\\Desktop\\codepassdb\\src\\backend\\routes\\auth.js:36:18","timestamp":"2024-06-17T16:43:43.091Z"}
error: Error during LOGIN USERNAME PASSWORD operation: Incorrect password {"details":"Error: Incorrect password\n    at #matchPassword (C:\\Users\\david\\Desktop\\codepassdb\\src\\backend\\models\\users.js:246:13)\n    at async User.loginUsernamePassword (C:\\Users\\david\\Desktop\\codepassdb\\src\\backend\\models\\users.js:84:7)\n    at async C:\\Users\\david\\Desktop\\codepassdb\\src\\backend\\routes\\auth.js:36:18","timestamp":"2024-06-17T16:46:26.059Z"}
error: Error during FIND_BY_USERNAME operation: User not found {"details":"Error: User not found\n    at #findByUsername (C:\\Users\\david\\Desktop\\codepassdb\\src\\backend\\models\\users.js:208:15)\n    at process.processTicksAndRejections (node:internal/process/task_queues:95:5)\n    at async User.loginUsernamePassword (C:\\Users\\david\\Desktop\\codepassdb\\src\\backend\\models\\users.js:83:20)\n    at async C:\\Users\\david\\Desktop\\codepassdb\\src\\backend\\routes\\auth.js:36:18","timestamp":"2024-06-17T16:50:27.290Z"}
error: Error during LOGIN USERNAME PASSWORD operation: User not found {"details":"Error: User not found\n    at #findByUsername (C:\\Users\\david\\Desktop\\codepassdb\\src\\backend\\models\\users.js:208:15)\n    at process.processTicksAndRejections (node:internal/process/task_queues:95:5)\n    at async User.loginUsernamePassword (C:\\Users\\david\\Desktop\\codepassdb\\src\\backend\\models\\users.js:83:20)\n    at async C:\\Users\\david\\Desktop\\codepassdb\\src\\backend\\routes\\auth.js:36:18","timestamp":"2024-06-17T16:50:27.292Z"}
error: Error during FIND_BY_USERNAME operation: User not found {"details":"Error: User not found\n    at #findByUsername (C:\\Users\\david\\Desktop\\codepassdb\\src\\backend\\models\\users.js:208:15)\n    at process.processTicksAndRejections (node:internal/process/task_queues:95:5)\n    at async User.loginUsernamePassword (C:\\Users\\david\\Desktop\\codepassdb\\src\\backend\\models\\users.js:83:20)\n    at async C:\\Users\\david\\Desktop\\codepassdb\\src\\backend\\routes\\auth.js:36:18","timestamp":"2024-06-17T16:51:42.211Z"}
error: Error during LOGIN USERNAME PASSWORD operation: User not found {"details":"Error: User not found\n    at #findByUsername (C:\\Users\\david\\Desktop\\codepassdb\\src\\backend\\models\\users.js:208:15)\n    at process.processTicksAndRejections (node:internal/process/task_queues:95:5)\n    at async User.loginUsernamePassword (C:\\Users\\david\\Desktop\\codepassdb\\src\\backend\\models\\users.js:83:20)\n    at async C:\\Users\\david\\Desktop\\codepassdb\\src\\backend\\routes\\auth.js:36:18","timestamp":"2024-06-17T16:51:42.214Z"}
error: Error during FIND_BY_USERNAME operation: User not found {"details":"Error: User not found\n    at #findByUsername (C:\\Users\\david\\Desktop\\codepassdb\\src\\backend\\models\\users.js:208:15)\n    at process.processTicksAndRejections (node:internal/process/task_queues:95:5)\n    at async User.loginUsernamePassword (C:\\Users\\david\\Desktop\\codepassdb\\src\\backend\\models\\users.js:83:20)\n    at async C:\\Users\\david\\Desktop\\codepassdb\\src\\backend\\routes\\auth.js:36:18","timestamp":"2024-06-17T16:52:01.529Z"}
error: Error during LOGIN USERNAME PASSWORD operation: User not found {"details":"Error: User not found\n    at #findByUsername (C:\\Users\\david\\Desktop\\codepassdb\\src\\backend\\models\\users.js:208:15)\n    at process.processTicksAndRejections (node:internal/process/task_queues:95:5)\n    at async User.loginUsernamePassword (C:\\Users\\david\\Desktop\\codepassdb\\src\\backend\\models\\users.js:83:20)\n    at async C:\\Users\\david\\Desktop\\codepassdb\\src\\backend\\routes\\auth.js:36:18","timestamp":"2024-06-17T16:52:01.532Z"}
error: Error during FIND_BY_USERNAME operation: User not found {"details":"Error: User not found\n    at #findByUsername (C:\\Users\\david\\Desktop\\codepassdb\\src\\backend\\models\\users.js:208:15)\n    at process.processTicksAndRejections (node:internal/process/task_queues:95:5)\n    at async User.loginUsernamePassword (C:\\Users\\david\\Desktop\\codepassdb\\src\\backend\\models\\users.js:83:20)\n    at async C:\\Users\\david\\Desktop\\codepassdb\\src\\backend\\routes\\auth.js:36:18","timestamp":"2024-06-17T16:52:07.468Z"}
error: Error during LOGIN USERNAME PASSWORD operation: User not found {"details":"Error: User not found\n    at #findByUsername (C:\\Users\\david\\Desktop\\codepassdb\\src\\backend\\models\\users.js:208:15)\n    at process.processTicksAndRejections (node:internal/process/task_queues:95:5)\n    at async User.loginUsernamePassword (C:\\Users\\david\\Desktop\\codepassdb\\src\\backend\\models\\users.js:83:20)\n    at async C:\\Users\\david\\Desktop\\codepassdb\\src\\backend\\routes\\auth.js:36:18","timestamp":"2024-06-17T16:52:07.468Z"}
error: Error during FIND_BY_USERNAME operation: User not found {"details":"Error: User not found\n    at #findByUsername (C:\\Users\\david\\Desktop\\codepassdb\\src\\backend\\models\\users.js:208:15)\n    at process.processTicksAndRejections (node:internal/process/task_queues:95:5)\n    at async User.loginUsernamePassword (C:\\Users\\david\\Desktop\\codepassdb\\src\\backend\\models\\users.js:83:20)\n    at async C:\\Users\\david\\Desktop\\codepassdb\\src\\backend\\routes\\auth.js:36:18","timestamp":"2024-06-17T16:52:53.092Z"}
error: Error during LOGIN USERNAME PASSWORD operation: User not found {"details":"Error: User not found\n    at #findByUsername (C:\\Users\\david\\Desktop\\codepassdb\\src\\backend\\models\\users.js:208:15)\n    at process.processTicksAndRejections (node:internal/process/task_queues:95:5)\n    at async User.loginUsernamePassword (C:\\Users\\david\\Desktop\\codepassdb\\src\\backend\\models\\users.js:83:20)\n    at async C:\\Users\\david\\Desktop\\codepassdb\\src\\backend\\routes\\auth.js:36:18","timestamp":"2024-06-17T16:52:53.094Z"}
error: Error during FIND_BY_USERNAME operation: User not found {"details":"Error: User not found\n    at #findByUsername (C:\\Users\\david\\Desktop\\codepassdb\\src\\backend\\models\\users.js:208:15)\n    at process.processTicksAndRejections (node:internal/process/task_queues:95:5)\n    at async User.loginUsernamePassword (C:\\Users\\david\\Desktop\\codepassdb\\src\\backend\\models\\users.js:83:20)\n    at async C:\\Users\\david\\Desktop\\codepassdb\\src\\backend\\routes\\auth.js:36:18","timestamp":"2024-06-17T16:52:58.368Z"}
error: Error during LOGIN USERNAME PASSWORD operation: User not found {"details":"Error: User not found\n    at #findByUsername (C:\\Users\\david\\Desktop\\codepassdb\\src\\backend\\models\\users.js:208:15)\n    at process.processTicksAndRejections (node:internal/process/task_queues:95:5)\n    at async User.loginUsernamePassword (C:\\Users\\david\\Desktop\\codepassdb\\src\\backend\\models\\users.js:83:20)\n    at async C:\\Users\\david\\Desktop\\codepassdb\\src\\backend\\routes\\auth.js:36:18","timestamp":"2024-06-17T16:52:58.368Z"}
error: Error during FIND_BY_USERNAME operation: User not found {"details":"Error: User not found\n    at #findByUsername (C:\\Users\\david\\Desktop\\codepassdb\\src\\backend\\models\\users.js:208:15)\n    at process.processTicksAndRejections (node:internal/process/task_queues:95:5)\n    at async User.loginUsernamePassword (C:\\Users\\david\\Desktop\\codepassdb\\src\\backend\\models\\users.js:83:20)\n    at async C:\\Users\\david\\Desktop\\codepassdb\\src\\backend\\routes\\auth.js:36:18","timestamp":"2024-06-17T16:53:11.285Z"}
error: Error during LOGIN USERNAME PASSWORD operation: User not found {"details":"Error: User not found\n    at #findByUsername (C:\\Users\\david\\Desktop\\codepassdb\\src\\backend\\models\\users.js:208:15)\n    at process.processTicksAndRejections (node:internal/process/task_queues:95:5)\n    at async User.loginUsernamePassword (C:\\Users\\david\\Desktop\\codepassdb\\src\\backend\\models\\users.js:83:20)\n    at async C:\\Users\\david\\Desktop\\codepassdb\\src\\backend\\routes\\auth.js:36:18","timestamp":"2024-06-17T16:53:11.288Z"}
error: Error during LOGIN USERNAME PASSWORD operation: Incorrect password {"details":"Error: Incorrect password\n    at #matchPassword (C:\\Users\\david\\Desktop\\codepassdb\\src\\backend\\models\\users.js:246:13)\n    at async User.loginUsernamePassword (C:\\Users\\david\\Desktop\\codepassdb\\src\\backend\\models\\users.js:84:7)\n    at async C:\\Users\\david\\Desktop\\codepassdb\\src\\backend\\routes\\auth.js:36:18","timestamp":"2024-06-17T16:53:20.032Z"}
error: Error during LOGIN USERNAME PASSWORD operation: Incorrect password {"details":"Error: Incorrect password\n    at #matchPassword (C:\\Users\\david\\Desktop\\codepassdb\\src\\backend\\models\\users.js:246:13)\n    at async User.loginUsernamePassword (C:\\Users\\david\\Desktop\\codepassdb\\src\\backend\\models\\users.js:84:7)\n    at async C:\\Users\\david\\Desktop\\codepassdb\\src\\backend\\routes\\auth.js:36:18","timestamp":"2024-06-17T16:53:39.530Z"}
error: Error during LOGIN USERNAME PASSWORD operation: Incorrect password {"details":"Error: Incorrect password\n    at #matchPassword (C:\\Users\\david\\Desktop\\codepassdb\\src\\backend\\models\\users.js:246:13)\n    at async User.loginUsernamePassword (C:\\Users\\david\\Desktop\\codepassdb\\src\\backend\\models\\users.js:84:7)\n    at async C:\\Users\\david\\Desktop\\codepassdb\\src\\backend\\routes\\auth.js:36:18","timestamp":"2024-06-17T16:54:16.368Z"}
error: Error during LOGIN USERNAME PASSWORD operation: Incorrect password {"details":"Error: Incorrect password\n    at #matchPassword (C:\\Users\\david\\Desktop\\codepassdb\\src\\backend\\models\\users.js:246:13)\n    at async User.loginUsernamePassword (C:\\Users\\david\\Desktop\\codepassdb\\src\\backend\\models\\users.js:84:7)\n    at async C:\\Users\\david\\Desktop\\codepassdb\\src\\backend\\routes\\auth.js:36:18","timestamp":"2024-06-17T16:54:21.613Z"}
error: Error during FIND_BY_USERNAME operation: User not found {"details":"Error: User not found\n    at #findByUsername (C:\\Users\\david\\Desktop\\codepassdb\\src\\backend\\models\\users.js:208:15)\n    at process.processTicksAndRejections (node:internal/process/task_queues:95:5)\n    at async User.loginUsernamePassword (C:\\Users\\david\\Desktop\\codepassdb\\src\\backend\\models\\users.js:83:20)\n    at async C:\\Users\\david\\Desktop\\codepassdb\\src\\backend\\routes\\auth.js:36:18","timestamp":"2024-06-17T16:54:26.321Z"}
error: Error during LOGIN USERNAME PASSWORD operation: User not found {"details":"Error: User not found\n    at #findByUsername (C:\\Users\\david\\Desktop\\codepassdb\\src\\backend\\models\\users.js:208:15)\n    at process.processTicksAndRejections (node:internal/process/task_queues:95:5)\n    at async User.loginUsernamePassword (C:\\Users\\david\\Desktop\\codepassdb\\src\\backend\\models\\users.js:83:20)\n    at async C:\\Users\\david\\Desktop\\codepassdb\\src\\backend\\routes\\auth.js:36:18","timestamp":"2024-06-17T16:54:26.321Z"}
error: Error during LOGIN USERNAME PASSWORD operation: Incorrect password {"details":"Error: Incorrect password\n    at #matchPassword (C:\\Users\\david\\Desktop\\Repos\\.test\\codepassdb\\src\\backend\\models\\users.js:242:13)\n    at async User.loginUsernamePassword (C:\\Users\\david\\Desktop\\Repos\\.test\\codepassdb\\src\\backend\\models\\users.js:77:7)\n    at async C:\\Users\\david\\Desktop\\Repos\\.test\\codepassdb\\src\\backend\\routes\\auth.js:36:18","timestamp":"2024-06-26T05:47:44.790Z"}
error: Error during LOGIN USERNAME PASSWORD operation: Incorrect password {"details":"Error: Incorrect password\n    at #matchPassword (C:\\Users\\david\\Desktop\\Repos\\.test\\codepassdb\\src\\backend\\models\\users.js:242:13)\n    at async User.loginUsernamePassword (C:\\Users\\david\\Desktop\\Repos\\.test\\codepassdb\\src\\backend\\models\\users.js:77:7)\n    at async C:\\Users\\david\\Desktop\\Repos\\.test\\codepassdb\\src\\backend\\routes\\auth.js:36:18","timestamp":"2024-06-26T05:47:58.535Z"}
error: Error during LOGIN MASTER operation: Incorrect password {"details":"Error: Incorrect password\n    at #matchPassword (C:\\Users\\david\\Desktop\\Repos\\.test\\codepassdb\\src\\backend\\models\\users.js:242:13)\n    at async User.loginMaster (C:\\Users\\david\\Desktop\\Repos\\.test\\codepassdb\\src\\backend\\models\\users.js:88:7)\n    at async C:\\Users\\david\\Desktop\\Repos\\.test\\codepassdb\\src\\backend\\routes\\auth.js:34:18","timestamp":"2024-06-26T05:48:16.993Z"}
error: Error during SIGNUP operation: This email address is already in use. {"details":"Error: This email address is already in use.\n    at User.signup (C:\\Users\\david\\Desktop\\Repos\\.test\\codepassdb\\src\\backend\\models\\users.js:48:15)\n    at process.processTicksAndRejections (node:internal/process/task_queues:95:5)","timestamp":"2024-06-26T07:41:14.534Z"}
error: Error during SIGNUP operation: This email address is already in use. {"details":"Error: This email address is already in use.\n    at User.signup (C:\\Users\\david\\Desktop\\Repos\\.test\\codepassdb\\src\\backend\\models\\users.js:48:15)\n    at process.processTicksAndRejections (node:internal/process/task_queues:95:5)","timestamp":"2024-06-26T07:41:18.664Z"}
error: Error during SIGNUP operation: The email address is not valid. {"details":"Error: The email address is not valid.\n    at User.signup (C:\\Users\\david\\Desktop\\Repos\\.test\\codepassdb\\src\\backend\\models\\users.js:48:15)\n    at process.processTicksAndRejections (node:internal/process/task_queues:95:5)","timestamp":"2024-06-26T07:41:21.667Z"}
error: Error during SIGNUP operation: The username must be at least 3 characters long. {"details":"Error: The username must be at least 3 characters long.\n    at User.signup (C:\\Users\\david\\Desktop\\Repos\\.test\\codepassdb\\src\\backend\\models\\users.js:51:15)\n    at process.processTicksAndRejections (node:internal/process/task_queues:95:5)","timestamp":"2024-06-26T07:45:35.532Z"}
error: Error during SIGNUP operation: The username you have chosen is reserved or not allowed., This email address is already in use. {"details":"Error: The username you have chosen is reserved or not allowed., This email address is already in use.\n    at User.signup (C:\\Users\\david\\Desktop\\Repos\\.test\\codepassdb\\src\\backend\\models\\users.js:63:15)\n    at process.processTicksAndRejections (node:internal/process/task_queues:95:5)","timestamp":"2024-06-26T08:08:29.586Z"}
error: Error during SIGNUP operation: The username must be between 3 and 15 characters long., This email address is already in use. {"details":"Error: The username must be between 3 and 15 characters long., This email address is already in use.\n    at User.signup (C:\\Users\\david\\Desktop\\Repos\\.test\\codepassdb\\src\\backend\\models\\users.js:63:15)\n    at process.processTicksAndRejections (node:internal/process/task_queues:95:5)","timestamp":"2024-06-26T08:08:36.445Z"}
error: Error during SIGNUP operation: The username you have chosen is reserved or not allowed., This email address is already in use. {"details":"Error: The username you have chosen is reserved or not allowed., This email address is already in use.\n    at User.signup (C:\\Users\\david\\Desktop\\Repos\\.test\\codepassdb\\src\\backend\\models\\users.js:63:15)\n    at process.processTicksAndRejections (node:internal/process/task_queues:95:5)","timestamp":"2024-06-26T08:08:41.746Z"}
error: Error during SIGNUP operation: The username you have chosen is reserved or not allowed., The email address is not valid., The password does not meet complexity requirements., The master password does not meet complexity requirements. {"details":"Error: The username you have chosen is reserved or not allowed., The email address is not valid., The password does not meet complexity requirements., The master password does not meet complexity requirements.\n    at User.signup (C:\\Users\\david\\Desktop\\Repos\\.test\\codepassdb\\src\\backend\\models\\users.js:63:15)\n    at process.processTicksAndRejections (node:internal/process/task_queues:95:5)","timestamp":"2024-06-26T08:09:00.257Z"}
error: Error during SIGNUP operation: The username must be alphanumeric., The email address is not valid., The password does not meet complexity requirements., The master password does not meet complexity requirements. {"details":"Error: The username must be alphanumeric., The email address is not valid., The password does not meet complexity requirements., The master password does not meet complexity requirements.\n    at User.signup (C:\\Users\\david\\Desktop\\Repos\\.test\\codepassdb\\src\\backend\\models\\users.js:63:15)\n    at process.processTicksAndRejections (node:internal/process/task_queues:95:5)","timestamp":"2024-06-26T08:09:13.374Z"}
error: Error during SIGNUP operation: The email address is not valid., The password does not meet complexity requirements., The master password does not meet complexity requirements. {"details":"Error: The email address is not valid., The password does not meet complexity requirements., The master password does not meet complexity requirements.\n    at User.signup (C:\\Users\\david\\Desktop\\Repos\\.test\\codepassdb\\src\\backend\\models\\users.js:63:15)\n    at process.processTicksAndRejections (node:internal/process/task_queues:95:5)","timestamp":"2024-06-26T08:09:21.980Z"}
error: Error during SIGNUP operation: The username must be alphanumeric., The email address is not valid., The password does not meet complexity requirements., The master password does not meet complexity requirements. {"details":"Error: The username must be alphanumeric., The email address is not valid., The password does not meet complexity requirements., The master password does not meet complexity requirements.\n    at User.signup (C:\\Users\\david\\Desktop\\Repos\\.test\\codepassdb\\src\\backend\\models\\users.js:64:15)\n    at process.processTicksAndRejections (node:internal/process/task_queues:95:5)","timestamp":"2024-06-26T08:11:58.301Z"}
error: Error during SIGNUP operation: The username must contain only letters., The email address is not valid., The password does not meet complexity requirements., The master password does not meet complexity requirements. {"details":"Error: The username must contain only letters., The email address is not valid., The password does not meet complexity requirements., The master password does not meet complexity requirements.\n    at User.signup (C:\\Users\\david\\Desktop\\Repos\\.test\\codepassdb\\src\\backend\\models\\users.js:64:15)\n    at process.processTicksAndRejections (node:internal/process/task_queues:95:5)","timestamp":"2024-06-26T08:13:15.246Z"}
error: Error during FIND_BY_USERNAME operation: User not found {"details":"Error: User not found\n    at #findByUsername (C:\\Users\\david\\Desktop\\Repos\\.test\\codepassdb\\src\\backend\\models\\users.js:230:15)\n    at process.processTicksAndRejections (node:internal/process/task_queues:95:5)\n    at async User.loginUsernamePassword (C:\\Users\\david\\Desktop\\Repos\\.test\\codepassdb\\src\\backend\\models\\users.js:96:20)","timestamp":"2024-06-26T08:26:54.617Z"}
error: Error during LOGIN USERNAME PASSWORD operation: Cannot access 'token' before initialization {"details":"ReferenceError: Cannot access 'token' before initialization\n    at User.loginUsernamePassword (C:\\Users\\david\\Desktop\\Repos\\.test\\codepassdb\\src\\backend\\models\\users.js:105:44)","timestamp":"2024-06-26T08:47:26.930Z"}
error: Error during LOGIN USERNAME PASSWORD operation: secretOrPrivateKey must have a value {"details":"Error: secretOrPrivateKey must have a value\n    at module.exports [as sign] (C:\\Users\\david\\Desktop\\Repos\\.test\\codepassdb\\node_modules\\jsonwebtoken\\sign.js:111:20)\n    at User.loginUsernamePassword (C:\\Users\\david\\Desktop\\Repos\\.test\\codepassdb\\src\\backend\\models\\users.js:105:25)","timestamp":"2024-06-26T08:48:01.042Z"}
error: Error executing query: Table 'codepass.token' doesn't exist {"details":"Error: Table 'codepass.token' doesn't exist\n    at PromisePoolConnection.query (C:\\Users\\david\\Desktop\\Repos\\.test\\codepassdb\\node_modules\\mysql2\\promise.js:94:22)\n    at #query (C:\\Users\\david\\Desktop\\Repos\\.test\\codepassdb\\src\\backend\\db\\database.js:15:41)\n    at process.processTicksAndRejections (node:internal/process/task_queues:95:5)\n    at async Database.create (C:\\Users\\david\\Desktop\\Repos\\.test\\codepassdb\\src\\backend\\db\\database.js:33:14)","timestamp":"2024-06-26T09:08:54.749Z"}
error: Error executing query: Unknown column 'toke' in 'field list' {"details":"Error: Unknown column 'toke' in 'field list'\n    at PromisePoolConnection.query (C:\\Users\\david\\Desktop\\Repos\\.test\\codepassdb\\node_modules\\mysql2\\promise.js:94:22)\n    at #query (C:\\Users\\david\\Desktop\\Repos\\.test\\codepassdb\\src\\backend\\db\\database.js:15:41)\n    at process.processTicksAndRejections (node:internal/process/task_queues:95:5)\n    at async Database.create (C:\\Users\\david\\Desktop\\Repos\\.test\\codepassdb\\src\\backend\\db\\database.js:33:14)","timestamp":"2024-06-26T09:09:05.505Z"}
error: Error executing query: Can't update table 'tokens' in stored function/trigger because it is already used by statement which invoked this stored function/trigger. {"details":"Error: Can't update table 'tokens' in stored function/trigger because it is already used by statement which invoked this stored function/trigger.\n    at PromisePoolConnection.query (C:\\Users\\david\\Desktop\\Repos\\.test\\codepassdb\\node_modules\\mysql2\\promise.js:94:22)\n    at #query (C:\\Users\\david\\Desktop\\Repos\\.test\\codepassdb\\src\\backend\\db\\database.js:15:41)\n    at process.processTicksAndRejections (node:internal/process/task_queues:95:5)\n    at async Database.create (C:\\Users\\david\\Desktop\\Repos\\.test\\codepassdb\\src\\backend\\db\\database.js:33:14)","timestamp":"2024-06-26T09:09:13.510Z"}
error: Error executing query: Can't update table 'tokens' in stored function/trigger because it is already used by statement which invoked this stored function/trigger. {"details":"Error: Can't update table 'tokens' in stored function/trigger because it is already used by statement which invoked this stored function/trigger.\n    at PromisePoolConnection.query (C:\\Users\\david\\Desktop\\Repos\\.test\\codepassdb\\node_modules\\mysql2\\promise.js:94:22)\n    at #query (C:\\Users\\david\\Desktop\\Repos\\.test\\codepassdb\\src\\backend\\db\\database.js:15:41)\n    at process.processTicksAndRejections (node:internal/process/task_queues:95:5)\n    at async Database.create (C:\\Users\\david\\Desktop\\Repos\\.test\\codepassdb\\src\\backend\\db\\database.js:33:14)","timestamp":"2024-06-26T09:12:05.741Z"}
error: Error executing query: Can't update table 'tokens' in stored function/trigger because it is already used by statement which invoked this stored function/trigger. {"details":"Error: Can't update table 'tokens' in stored function/trigger because it is already used by statement which invoked this stored function/trigger.\n    at PromisePoolConnection.query (C:\\Users\\david\\Desktop\\Repos\\.test\\codepassdb\\node_modules\\mysql2\\promise.js:94:22)\n    at #query (C:\\Users\\david\\Desktop\\Repos\\.test\\codepassdb\\src\\backend\\db\\database.js:15:41)\n    at process.processTicksAndRejections (node:internal/process/task_queues:95:5)\n    at async Database.create (C:\\Users\\david\\Desktop\\Repos\\.test\\codepassdb\\src\\backend\\db\\database.js:33:14)","timestamp":"2024-06-26T09:13:34.797Z"}
error: Error executing query: Can't update table 'tokens' in stored function/trigger because it is already used by statement which invoked this stored function/trigger. {"details":"Error: Can't update table 'tokens' in stored function/trigger because it is already used by statement which invoked this stored function/trigger.\n    at PromisePoolConnection.query (C:\\Users\\david\\Desktop\\Repos\\.test\\codepassdb\\node_modules\\mysql2\\promise.js:94:22)\n    at #query (C:\\Users\\david\\Desktop\\Repos\\.test\\codepassdb\\src\\backend\\db\\database.js:15:41)\n    at process.processTicksAndRejections (node:internal/process/task_queues:95:5)\n    at async Database.create (C:\\Users\\david\\Desktop\\Repos\\.test\\codepassdb\\src\\backend\\db\\database.js:33:14)","timestamp":"2024-06-26T09:15:21.441Z"}
error: Error executing query: Field 'user_id' doesn't have a default value {"details":"Error: Field 'user_id' doesn't have a default value\n    at PromisePoolConnection.query (C:\\Users\\david\\Desktop\\Repos\\.test\\codepassdb\\node_modules\\mysql2\\promise.js:94:22)\n    at #query (C:\\Users\\david\\Desktop\\Repos\\.test\\codepassdb\\src\\backend\\db\\database.js:15:41)\n    at process.processTicksAndRejections (node:internal/process/task_queues:95:5)\n    at async Database.create (C:\\Users\\david\\Desktop\\Repos\\.test\\codepassdb\\src\\backend\\db\\database.js:33:14)","timestamp":"2024-06-26T09:19:42.674Z"}
error: Error executing query: Unknown column 'userId' in 'field list' {"details":"Error: Unknown column 'userId' in 'field list'\n    at PromisePoolConnection.query (C:\\Users\\david\\Desktop\\Repos\\.test\\codepassdb\\node_modules\\mysql2\\promise.js:94:22)\n    at #query (C:\\Users\\david\\Desktop\\Repos\\.test\\codepassdb\\src\\backend\\db\\database.js:15:41)\n    at process.processTicksAndRejections (node:internal/process/task_queues:95:5)\n    at async Database.create (C:\\Users\\david\\Desktop\\Repos\\.test\\codepassdb\\src\\backend\\db\\database.js:33:14)","timestamp":"2024-06-26T09:21:43.682Z"}
error: Error executing query: Field 'expires_at' doesn't have a default value {"details":"Error: Field 'expires_at' doesn't have a default value\n    at PromisePoolConnection.query (C:\\Users\\david\\Desktop\\Repos\\.test\\codepassdb\\node_modules\\mysql2\\promise.js:94:22)\n    at #query (C:\\Users\\david\\Desktop\\Repos\\.test\\codepassdb\\src\\backend\\db\\database.js:15:41)\n    at process.processTicksAndRejections (node:internal/process/task_queues:95:5)\n    at async Database.create (C:\\Users\\david\\Desktop\\Repos\\.test\\codepassdb\\src\\backend\\db\\database.js:33:14)","timestamp":"2024-06-26T09:21:57.294Z"}
error: Error executing query: Field 'expires_at' doesn't have a default value {"details":"Error: Field 'expires_at' doesn't have a default value\n    at PromisePoolConnection.query (C:\\Users\\david\\Desktop\\Repos\\.test\\codepassdb\\node_modules\\mysql2\\promise.js:94:22)\n    at #query (C:\\Users\\david\\Desktop\\Repos\\.test\\codepassdb\\src\\backend\\db\\database.js:15:41)\n    at process.processTicksAndRejections (node:internal/process/task_queues:95:5)\n    at async Database.create (C:\\Users\\david\\Desktop\\Repos\\.test\\codepassdb\\src\\backend\\db\\database.js:33:14)","timestamp":"2024-06-26T09:23:23.326Z"}
error: Error during LOGIN USERNAME PASSWORD operation: token is not defined {"details":"ReferenceError: token is not defined\n    at User.loginUsernamePassword (C:\\Users\\david\\Desktop\\Repos\\.test\\codepassdb\\src\\backend\\models\\users.js:115:77)","timestamp":"2024-06-26T09:27:14.614Z"}
error: Error executing DELETE query: Cannot convert undefined or null to object {"details":"TypeError: Cannot convert undefined or null to object\n    at Function.keys (<anonymous>)\n    at Database.remove (C:\\Users\\david\\Desktop\\Repos\\.test\\codepassdb\\src\\backend\\db\\database.js:72:36)\n    at #expiredTokens (C:\\Users\\david\\Desktop\\Repos\\.test\\codepassdb\\src\\backend\\models\\users.js:130:37)\n    at process.processTicksAndRejections (node:internal/process/task_queues:95:5)\n    at async User.loginUsernamePassword (C:\\Users\\david\\Desktop\\Repos\\.test\\codepassdb\\src\\backend\\models\\users.js:146:7)","timestamp":"2024-06-26T10:22:09.376Z"}
error: Error during EXPIRED operation: Cannot convert undefined or null to object {"details":"TypeError: Cannot convert undefined or null to object\n    at Function.keys (<anonymous>)\n    at Database.remove (C:\\Users\\david\\Desktop\\Repos\\.test\\codepassdb\\src\\backend\\db\\database.js:72:36)\n    at #expiredTokens (C:\\Users\\david\\Desktop\\Repos\\.test\\codepassdb\\src\\backend\\models\\users.js:130:37)\n    at process.processTicksAndRejections (node:internal/process/task_queues:95:5)\n    at async User.loginUsernamePassword (C:\\Users\\david\\Desktop\\Repos\\.test\\codepassdb\\src\\backend\\models\\users.js:146:7)","timestamp":"2024-06-26T10:22:09.378Z"}
error: Error executing DELETE query: Cannot convert undefined or null to object {"details":"TypeError: Cannot convert undefined or null to object\n    at Function.keys (<anonymous>)\n    at Database.remove (C:\\Users\\david\\Desktop\\Repos\\.test\\codepassdb\\src\\backend\\db\\database.js:72:36)\n    at #expiredTokens (C:\\Users\\david\\Desktop\\Repos\\.test\\codepassdb\\src\\backend\\models\\users.js:130:37)\n    at process.processTicksAndRejections (node:internal/process/task_queues:95:5)\n    at async User.loginUsernamePassword (C:\\Users\\david\\Desktop\\Repos\\.test\\codepassdb\\src\\backend\\models\\users.js:146:7)","timestamp":"2024-06-26T10:22:22.889Z"}
error: Error during EXPIRED operation: Cannot convert undefined or null to object {"details":"TypeError: Cannot convert undefined or null to object\n    at Function.keys (<anonymous>)\n    at Database.remove (C:\\Users\\david\\Desktop\\Repos\\.test\\codepassdb\\src\\backend\\db\\database.js:72:36)\n    at #expiredTokens (C:\\Users\\david\\Desktop\\Repos\\.test\\codepassdb\\src\\backend\\models\\users.js:130:37)\n    at process.processTicksAndRejections (node:internal/process/task_queues:95:5)\n    at async User.loginUsernamePassword (C:\\Users\\david\\Desktop\\Repos\\.test\\codepassdb\\src\\backend\\models\\users.js:146:7)","timestamp":"2024-06-26T10:22:22.892Z"}
error: Error during GENERATE TOKEN operation: this[#databaseIstance].query is not a function {"details":"TypeError: this[#databaseIstance].query is not a function\n    at #generateAndStoreToken (C:\\Users\\david\\Desktop\\Repos\\.test\\codepassdb\\src\\backend\\models\\users.js:106:35)\n    at process.processTicksAndRejections (node:internal/process/task_queues:95:5)\n    at async User.loginUsernamePassword (C:\\Users\\david\\Desktop\\Repos\\.test\\codepassdb\\src\\backend\\models\\users.js:127:21)","timestamp":"2024-06-26T10:22:48.716Z"}
error: Error executing DELETE query: Invalid table name. {"details":"Error: Invalid table name.\n    at #validateTable (C:\\Users\\david\\Desktop\\Repos\\.test\\codepassdb\\src\\backend\\db\\database.js:84:13)\n    at Database.remove (C:\\Users\\david\\Desktop\\Repos\\.test\\codepassdb\\src\\backend\\db\\database.js:71:26)\n    at #generateAndStoreToken (C:\\Users\\david\\Desktop\\Repos\\.test\\codepassdb\\src\\backend\\models\\users.js:106:35)\n    at process.processTicksAndRejections (node:internal/process/task_queues:95:5)\n    at async User.loginUsernamePassword (C:\\Users\\david\\Desktop\\Repos\\.test\\codepassdb\\src\\backend\\models\\users.js:127:21)","timestamp":"2024-06-26T10:23:05.621Z"}
error: Error during LOGIN USERNAME PASSWORD operation: Cannot read properties of undefined (reading 'length') {"details":"TypeError: Cannot read properties of undefined (reading 'length')\n    at User.loginUsernamePassword (C:\\Users\\david\\Desktop\\Repos\\.test\\codepassdb\\src\\backend\\models\\users.js:142:22)\n    at process.processTicksAndRejections (node:internal/process/task_queues:95:5)","timestamp":"2024-06-26T10:43:05.917Z"}
error: Error during GENERATE TOKEN operation: Cannot read properties of undefined (reading 'token') {"details":"TypeError: Cannot read properties of undefined (reading 'token')\n    at #generateAndStoreToken (C:\\Users\\david\\Desktop\\Repos\\.test\\codepassdb\\src\\backend\\models\\users.js:110:26)\n    at process.processTicksAndRejections (node:internal/process/task_queues:95:5)\n    at async User.loginUsernamePassword (C:\\Users\\david\\Desktop\\Repos\\.test\\codepassdb\\src\\backend\\models\\users.js:144:26)","timestamp":"2024-06-26T10:54:17.278Z"}
error: Error during SIGNUP operation: The username must contain only letters. {"details":"Error: The username must contain only letters.\n    at User.signup (C:\\Users\\david\\Desktop\\Repos\\.test\\codepassdb\\src\\backend\\models\\users.js:67:15)\n    at process.processTicksAndRejections (node:internal/process/task_queues:95:5)","timestamp":"2024-06-26T11:16:35.716Z"}
error: Error during SIGNUP operation: Invalid salt. Salt must be in the form of: $Vers$log2(NumRounds)$saltvalue {"details":"Error: Invalid salt. Salt must be in the form of: $Vers$log2(NumRounds)$saltvalue","timestamp":"2024-06-26T11:16:43.979Z"}
error: Error during LOGIN USERNAME PASSWORD operation: ErrorHandler is not defined {"details":"ReferenceError: ErrorHandler is not defined\n    at TokenModel.generateAndStoreToken (C:\\Users\\david\\Desktop\\Repos\\.test\\codepassdb\\src\\backend\\models\\tokenModel.js:32:7)\n    at process.processTicksAndRejections (node:internal/process/task_queues:95:5)\n    at async User.loginUsernamePassword (C:\\Users\\david\\Desktop\\Repos\\.test\\codepassdb\\src\\backend\\models\\users.js:104:26)","timestamp":"2024-06-26T11:41:49.774Z"}
error: Error during GENERATE TOKEN operation: envToken is not defined {"details":"ReferenceError: envToken is not defined\n    at TokenModel.generateAndStoreToken (C:\\Users\\david\\Desktop\\Repos\\.test\\codepassdb\\src\\backend\\models\\tokenModel.js:21:44)\n    at User.loginUsernamePassword (C:\\Users\\david\\Desktop\\Repos\\.test\\codepassdb\\src\\backend\\models\\users.js:104:44)\n    at process.processTicksAndRejections (node:internal/process/task_queues:95:5)","timestamp":"2024-06-26T11:42:07.616Z"}
error: Error during SIGNUP operation: This username is already in use., This email address is already in use. {"details":"Error: This username is already in use., This email address is already in use.\n    at User.signup (C:\\Users\\david\\Desktop\\Repos\\.test\\codepassdb\\src\\backend\\models\\usersModel.js:68:15)\n    at process.processTicksAndRejections (node:internal/process/task_queues:95:5)","timestamp":"2024-06-26T11:44:30.382Z"}
error: Error during SIGNUP operation: This username is already in use., This email address is already in use. {"details":"Error: This username is already in use., This email address is already in use.\n    at User.signup (C:\\Users\\david\\Desktop\\Repos\\.test\\codepassdb\\src\\backend\\models\\usersModel.js:68:15)\n    at process.processTicksAndRejections (node:internal/process/task_queues:95:5)","timestamp":"2024-06-26T12:08:02.223Z"}
